#
# There is insufficient memory for the Java Runtime Environment to continue.
# Native memory allocation (malloc) failed to allocate 1676336 bytes for Chunk::new
# Possible reasons:
#   The system is out of physical RAM or swap space
#   The process is running with CompressedOops enabled, and the Java Heap may be blocking the growth of the native heap
# Possible solutions:
#   Reduce memory load on the system
#   Increase physical memory or swap space
#   Check if swap backing store is full
#   Decrease Java heap size (-Xmx/-Xms)
#   Decrease number of Java threads
#   Decrease Java thread stack sizes (-Xss)
#   Set larger code cache with -XX:ReservedCodeCacheSize=
#   JVM is running with Unscaled Compressed Oops mode in which the Java heap is
#     placed in the first 4GB address space. The Java Heap base address is the
#     maximum limit for the native heap growth. Please use -XX:HeapBaseMinAddress
#     to set the Java Heap base and to place the Java Heap above 4GB virtual address.
# This output file may be truncated or incomplete.
#
#  Out of Memory Error (./src/hotspot/share/memory/arena.cpp:197), pid=12148, tid=12492
#
# JRE version: OpenJDK Runtime Environment (11.0.8+10) (build 11.0.8+10-b944.6842174)
# Java VM: OpenJDK 64-Bit Server VM (11.0.8+10-b944.6842174, mixed mode, tiered, compressed oops, g1 gc, windows-amd64)
# No core dump will be written. Minidumps are not enabled by default on client versions of Windows
#

---------------  S U M M A R Y ------------

Command Line: --add-opens=java.base/java.util=ALL-UNNAMED --add-opens=java.base/java.lang=ALL-UNNAMED --add-opens=java.base/java.lang.invoke=ALL-UNNAMED --add-opens=java.prefs/java.util.prefs=ALL-UNNAMED -Xmx2048m -Dfile.encoding=UTF-8 -Duser.country=US -Duser.language=en -Duser.variant org.gradle.launcher.daemon.bootstrap.GradleDaemon 6.7.1

Host: Intel(R) Core(TM) i5-1035G1 CPU @ 1.00GHz, 8 cores, 7G,  Windows 10 , 64 bit Build 18362 (10.0.18362.1500)
Time: Sat Aug 14 13:44:56 2021 Sri Lanka Standard Time elapsed time: 150 seconds (0d 0h 2m 30s)

---------------  T H R E A D  ---------------

Current thread (0x000001566cbfc000):  JavaThread "C2 CompilerThread0" daemon [_thread_in_native, id=12492, stack(0x0000002916f00000,0x0000002917000000)]


Current CompileTask:
C2: 150617 8219       4       com.google.common.collect.TransformedIterator::next (14 bytes)

Stack: [0x0000002916f00000,0x0000002917000000]
Native frames: (J=compiled Java code, j=interpreted, Vv=VM code, C=native code)
V  [jvm.dll+0x5de50a]
V  [jvm.dll+0x7122f5]
V  [jvm.dll+0x71384d]
V  [jvm.dll+0x713f03]
V  [jvm.dll+0x23e728]
V  [jvm.dll+0xb899c]
V  [jvm.dll+0xb8e9c]
V  [jvm.dll+0x35020b]
V  [jvm.dll+0x31dea3]
V  [jvm.dll+0x31d39a]
V  [jvm.dll+0x1f7702]
V  [jvm.dll+0x1f68d4]
V  [jvm.dll+0x17f32c]
V  [jvm.dll+0x205047]
V  [jvm.dll+0x203891]
V  [jvm.dll+0x6dad3f]
V  [jvm.dll+0x6d3895]
V  [jvm.dll+0x5dd4a6]
C  [ucrtbase.dll+0x210b2]
C  [KERNEL32.DLL+0x17c24]
C  [ntdll.dll+0x6d721]


---------------  P R O C E S S  ---------------

Threads class SMR info:
_java_thread_list=0x0000015670f6d4b0, length=48, elements={
0x000001565206c800, 0x000001566cba1800, 0x000001566cba2000, 0x000001566cbf8800,
0x000001566cbfa000, 0x000001566cbfc000, 0x000001566cc00000, 0x000001566cc01800,
0x000001566cd6f800, 0x000001566cd74000, 0x000001566de3d000, 0x000001566e83e000,
0x000001566eba3800, 0x000001566dd77000, 0x000001566e873000, 0x000001566ea6d800,
0x000001566e9ef000, 0x000001566e397800, 0x000001566eedb000, 0x000001566f0b3800,
0x000001566f0b1000, 0x000001566f0b2000, 0x000001566f0b4800, 0x000001566f0b7000,
0x000001566f0b8000, 0x000001566f0b5800, 0x000001566f0b3000, 0x000001566f086000,
0x000001566f082000, 0x000001566f081000, 0x000001566f087800, 0x000001566f088800,
0x000001566f082800, 0x000001566f089000, 0x000001566f083800, 0x000001566f08f000,
0x000001566f08f800, 0x0000015671703000, 0x00000156716f8800, 0x00000156716fc000,
0x00000156716fb000, 0x00000156716fc800, 0x00000156716f9800, 0x00000156716fa800,
0x00000156716f7000, 0x00000156716f8000, 0x00000156716ff000, 0x00000156716fd800
}

Java Threads: ( => current thread )
  0x000001565206c800 JavaThread "main" [_thread_blocked, id=14552, stack(0x0000002916400000,0x0000002916500000)]
  0x000001566cba1800 JavaThread "Reference Handler" daemon [_thread_blocked, id=15732, stack(0x0000002916b00000,0x0000002916c00000)]
  0x000001566cba2000 JavaThread "Finalizer" daemon [_thread_blocked, id=7708, stack(0x0000002916c00000,0x0000002916d00000)]
  0x000001566cbf8800 JavaThread "Signal Dispatcher" daemon [_thread_blocked, id=13692, stack(0x0000002916d00000,0x0000002916e00000)]
  0x000001566cbfa000 JavaThread "Attach Listener" daemon [_thread_blocked, id=9696, stack(0x0000002916e00000,0x0000002916f00000)]
=>0x000001566cbfc000 JavaThread "C2 CompilerThread0" daemon [_thread_in_native, id=12492, stack(0x0000002916f00000,0x0000002917000000)]
  0x000001566cc00000 JavaThread "C1 CompilerThread0" daemon [_thread_blocked, id=11384, stack(0x0000002917000000,0x0000002917100000)]
  0x000001566cc01800 JavaThread "Sweeper thread" daemon [_thread_blocked, id=8764, stack(0x0000002917100000,0x0000002917200000)]
  0x000001566cd6f800 JavaThread "Common-Cleaner" daemon [_thread_blocked, id=10256, stack(0x0000002917200000,0x0000002917300000)]
  0x000001566cd74000 JavaThread "Service Thread" daemon [_thread_blocked, id=11276, stack(0x0000002917300000,0x0000002917400000)]
  0x000001566de3d000 JavaThread "Daemon health stats" [_thread_blocked, id=13092, stack(0x0000002917800000,0x0000002917900000)]
  0x000001566e83e000 JavaThread "Incoming local TCP Connector on port 53117" [_thread_in_native, id=13416, stack(0x0000002917a00000,0x0000002917b00000)]
  0x000001566eba3800 JavaThread "Daemon periodic checks" [_thread_blocked, id=12128, stack(0x0000002917b00000,0x0000002917c00000)]
  0x000001566dd77000 JavaThread "Daemon" [_thread_blocked, id=12192, stack(0x0000002917c00000,0x0000002917d00000)]
  0x000001566e873000 JavaThread "Handler for socket connection from /127.0.0.1:53117 to /127.0.0.1:53118" [_thread_in_native, id=10100, stack(0x0000002917d00000,0x0000002917e00000)]
  0x000001566ea6d800 JavaThread "Cancel handler" [_thread_blocked, id=12124, stack(0x0000002917e00000,0x0000002917f00000)]
  0x000001566e9ef000 JavaThread "Daemon worker" [_thread_blocked, id=12696, stack(0x0000002917f00000,0x0000002918000000)]
  0x000001566e397800 JavaThread "Asynchronous log dispatcher for DefaultDaemonConnection: socket connection from /127.0.0.1:53117 to /127.0.0.1:53118" [_thread_blocked, id=6180, stack(0x0000002918000000,0x0000002918100000)]
  0x000001566eedb000 JavaThread "Thread-8" [_thread_blocked, id=5456, stack(0x0000002918200000,0x0000002918300000)]
  0x000001566f0b3800 JavaThread "Cache worker for file hash cache (C:\Users\Admin\.gradle\caches\6.7.1\fileHashes)" [_thread_blocked, id=13304, stack(0x0000002918800000,0x0000002918900000)]
  0x000001566f0b1000 JavaThread "File lock request listener" [_thread_in_native, id=12292, stack(0x0000002918900000,0x0000002918a00000)]
  0x000001566f0b2000 JavaThread "Cache worker for journal cache (C:\Users\Admin\.gradle\caches\journal-1)" [_thread_blocked, id=15384, stack(0x0000002918b00000,0x0000002918c00000)]
  0x000001566f0b4800 JavaThread "Cache worker for file hash cache (C:\Users\Admin\Documents\2Y\2Y2S\MAD IT2010\New folder\MADD-Project-Group-16\.gradle\6.7.1\fileHashes)" [_thread_blocked, id=11052, stack(0x0000002918d00000,0x0000002918e00000)]
  0x000001566f0b7000 JavaThread "Cache worker for checksums cache (C:\Users\Admin\Documents\2Y\2Y2S\MAD IT2010\New folder\MADD-Project-Group-16\.gradle\checksums)" [_thread_blocked, id=14824, stack(0x0000002918e00000,0x0000002918f00000)]
  0x000001566f0b8000 JavaThread "Cache worker for cache directory md-supplier (C:\Users\Admin\.gradle\caches\6.7.1\md-supplier)" [_thread_blocked, id=15000, stack(0x0000002918c00000,0x0000002918d00000)]
  0x000001566f0b5800 JavaThread "Cache worker for cache directory md-rule (C:\Users\Admin\.gradle\caches\6.7.1\md-rule)" [_thread_blocked, id=16328, stack(0x0000002918f00000,0x0000002919000000)]
  0x000001566f0b3000 JavaThread "Cache worker for execution history cache (C:\Users\Admin\.gradle\caches\6.7.1\executionHistory)" [_thread_blocked, id=14940, stack(0x0000002919000000,0x0000002919100000)]
  0x000001566f086000 JavaThread "Cache worker for file content cache (C:\Users\Admin\.gradle\caches\6.7.1\fileContent)" [_thread_blocked, id=4540, stack(0x0000002919200000,0x0000002919300000)]
  0x000001566f082000 JavaThread "Cache worker for Build Output Cleanup Cache (C:\Users\Admin\Documents\2Y\2Y2S\MAD IT2010\New folder\MADD-Project-Group-16\.gradle\buildOutputCleanup)" [_thread_blocked, id=14608, stack(0x0000002919300000,0x0000002919400000)]
  0x000001566f081000 JavaThread "Build operations" [_thread_blocked, id=14432, stack(0x0000002919400000,0x0000002919500000)]
  0x000001566f087800 JavaThread "Build operations Thread 2" [_thread_blocked, id=6188, stack(0x0000002919500000,0x0000002919600000)]
  0x000001566f088800 JavaThread "Build operations Thread 3" [_thread_blocked, id=13412, stack(0x0000002919600000,0x0000002919700000)]
  0x000001566f082800 JavaThread "Build operations Thread 4" [_thread_blocked, id=14184, stack(0x0000002919700000,0x0000002919800000)]
  0x000001566f089000 JavaThread "Build operations Thread 5" [_thread_blocked, id=12460, stack(0x0000002919800000,0x0000002919900000)]
  0x000001566f083800 JavaThread "Build operations Thread 6" [_thread_blocked, id=15704, stack(0x0000002919900000,0x0000002919a00000)]
  0x000001566f08f000 JavaThread "Build operations Thread 7" [_thread_blocked, id=11988, stack(0x0000002919a00000,0x0000002919b00000)]
  0x000001566f08f800 JavaThread "Build operations Thread 8" [_thread_blocked, id=15464, stack(0x0000002919b00000,0x0000002919c00000)]
  0x0000015671703000 JavaThread "Memory manager" [_thread_blocked, id=14240, stack(0x0000002916100000,0x0000002916200000)]
  0x00000156716f8800 JavaThread "build event listener" [_thread_blocked, id=7032, stack(0x0000002919100000,0x0000002919200000)]
  0x00000156716fc000 JavaThread "build event listener" [_thread_blocked, id=3220, stack(0x0000002919d00000,0x0000002919e00000)]
  0x00000156716fb000 JavaThread "Execution worker for ':'" [_thread_blocked, id=12772, stack(0x0000002919e00000,0x0000002919f00000)]
  0x00000156716fc800 JavaThread "Execution worker for ':' Thread 2" [_thread_blocked, id=6480, stack(0x0000002919f00000,0x000000291a000000)]
  0x00000156716f9800 JavaThread "Execution worker for ':' Thread 3" [_thread_blocked, id=5156, stack(0x000000291a000000,0x000000291a100000)]
  0x00000156716fa800 JavaThread "Execution worker for ':' Thread 4" [_thread_blocked, id=1248, stack(0x000000291a100000,0x000000291a200000)]
  0x00000156716f7000 JavaThread "Execution worker for ':' Thread 5" [_thread_blocked, id=9580, stack(0x000000291a200000,0x000000291a300000)]
  0x00000156716f8000 JavaThread "Execution worker for ':' Thread 6" [_thread_in_native, id=12524, stack(0x000000291a300000,0x000000291a400000)]
  0x00000156716ff000 JavaThread "Execution worker for ':' Thread 7" [_thread_blocked, id=3152, stack(0x000000291a400000,0x000000291a500000)]
  0x00000156716fd800 JavaThread "Cache worker for execution history cache (C:\Users\Admin\Documents\2Y\2Y2S\MAD IT2010\New folder\MADD-Project-Group-16\.gradle\6.7.1\executionHistory)" [_thread_blocked, id=5176, stack(0x000000291a500000,0x000000291a600000)]

Other Threads:
  0x000001566c39a800 VMThread "VM Thread" [stack: 0x0000002916a00000,0x0000002916b00000] [id=6260]
  0x000001566cd75000 WatcherThread [stack: 0x0000002917400000,0x0000002917500000] [id=12404]
  0x0000015652085000 GCTaskThread "GC Thread#0" [stack: 0x0000002916500000,0x0000002916600000] [id=15224]
  0x000001566dcca800 GCTaskThread "GC Thread#1" [stack: 0x0000002917600000,0x0000002917700000] [id=8676]
  0x000001566dccb000 GCTaskThread "GC Thread#2" [stack: 0x0000002917700000,0x0000002917800000] [id=16056]
  0x000001566e685000 GCTaskThread "GC Thread#3" [stack: 0x0000002918300000,0x0000002918400000] [id=14328]
  0x000001566e518000 GCTaskThread "GC Thread#4" [stack: 0x0000002918400000,0x0000002918500000] [id=10992]
  0x000001566eed3000 GCTaskThread "GC Thread#5" [stack: 0x0000002918500000,0x0000002918600000] [id=14604]
  0x000001566e68c000 GCTaskThread "GC Thread#6" [stack: 0x0000002918600000,0x0000002918700000] [id=15692]
  0x000001566eed9800 GCTaskThread "GC Thread#7" [stack: 0x0000002918700000,0x0000002918800000] [id=12860]
  0x00000156520b5000 ConcurrentGCThread "G1 Main Marker" [stack: 0x0000002916600000,0x0000002916700000] [id=14044]
  0x00000156520b7800 ConcurrentGCThread "G1 Conc#0" [stack: 0x0000002916700000,0x0000002916800000] [id=11752]
  0x000001566f1d5800 ConcurrentGCThread "G1 Conc#1" [stack: 0x0000002918a00000,0x0000002918b00000] [id=16008]
  0x000001566c1e6800 ConcurrentGCThread "G1 Refine#0" [stack: 0x0000002916800000,0x0000002916900000] [id=3296]
  0x00000156727fb800 ConcurrentGCThread "G1 Refine#1" [stack: 0x0000002916200000,0x0000002916300000] [id=4168]
  0x000001566e74a000 ConcurrentGCThread "G1 Refine#2" [stack: 0x0000002916300000,0x0000002916400000] [id=6604]
  0x000001566e74b000 ConcurrentGCThread "G1 Refine#3" [stack: 0x0000002918100000,0x0000002918200000] [id=12488]
  0x000001566e101000 ConcurrentGCThread "G1 Refine#4" [stack: 0x0000002919c00000,0x0000002919d00000] [id=12724]
  0x000001566c1e7800 ConcurrentGCThread "G1 Young RemSet Sampling" [stack: 0x0000002916900000,0x0000002916a00000] [id=2076]

Threads with active compile tasks:
C2 CompilerThread0 152811 8219       4       com.google.common.collect.TransformedIterator::next (14 bytes)

VM state:not at safepoint (normal execution)

VM Mutex/Monitor currently owned by a thread: None

Heap address: 0x0000000080000000, size: 2048 MB, Compressed Oops mode: 32-bit
Narrow klass base: 0x0000000000000000, Narrow klass shift: 3
Compressed class space size: 1073741824 Address: 0x0000000100000000

Heap:
 garbage-first heap   total 129024K, used 91735K [0x0000000080000000, 0x0000000100000000)
  region size 1024K, 38 young (38912K), 4 survivors (4096K)
 Metaspace       used 76562K, capacity 78476K, committed 78592K, reserved 1118208K
  class space    used 9972K, capacity 10658K, committed 10752K, reserved 1048576K
Heap Regions: E=young(eden), S=young(survivor), O=old, HS=humongous(starts), HC=humongous(continues), CS=collection set, F=free, A=archive, TAMS=top-at-mark-start (previous, next)
|   0|0x0000000080000000, 0x0000000080100000, 0x0000000080100000|100%| O|  |TAMS 0x0000000080100000, 0x0000000080000000| Untracked 
|   1|0x0000000080100000, 0x0000000080200000, 0x0000000080200000|100%| O|  |TAMS 0x0000000080200000, 0x0000000080100000| Untracked 
|   2|0x0000000080200000, 0x0000000080300000, 0x0000000080300000|100%| O|  |TAMS 0x0000000080300000, 0x0000000080200000| Untracked 
|   3|0x0000000080300000, 0x0000000080400000, 0x0000000080400000|100%|HS|  |TAMS 0x0000000080400000, 0x0000000080300000| Complete 
|   4|0x0000000080400000, 0x0000000080500000, 0x0000000080500000|100%|HC|  |TAMS 0x0000000080500000, 0x0000000080400000| Complete 
|   5|0x0000000080500000, 0x0000000080600000, 0x0000000080600000|100%|HC|  |TAMS 0x0000000080600000, 0x0000000080500000| Complete 
|   6|0x0000000080600000, 0x0000000080700000, 0x0000000080700000|100%| O|  |TAMS 0x0000000080700000, 0x0000000080600000| Untracked 
|   7|0x0000000080700000, 0x0000000080800000, 0x0000000080800000|100%| O|  |TAMS 0x0000000080800000, 0x0000000080700000| Untracked 
|   8|0x0000000080800000, 0x0000000080900000, 0x0000000080900000|100%| O|  |TAMS 0x0000000080900000, 0x0000000080800000| Untracked 
|   9|0x0000000080900000, 0x0000000080a00000, 0x0000000080a00000|100%| O|  |TAMS 0x0000000080a00000, 0x0000000080900000| Untracked 
|  10|0x0000000080a00000, 0x0000000080b00000, 0x0000000080b00000|100%| O|  |TAMS 0x0000000080b00000, 0x0000000080a00000| Untracked 
|  11|0x0000000080b00000, 0x0000000080c00000, 0x0000000080c00000|100%| O|  |TAMS 0x0000000080c00000, 0x0000000080b00000| Untracked 
|  12|0x0000000080c00000, 0x0000000080d00000, 0x0000000080d00000|100%| O|  |TAMS 0x0000000080d00000, 0x0000000080c00000| Untracked 
|  13|0x0000000080d00000, 0x0000000080e00000, 0x0000000080e00000|100%| O|  |TAMS 0x0000000080e00000, 0x0000000080d00000| Untracked 
|  14|0x0000000080e00000, 0x0000000080f00000, 0x0000000080f00000|100%| O|  |TAMS 0x0000000080f00000, 0x0000000080e00000| Untracked 
|  15|0x0000000080f00000, 0x0000000081000000, 0x0000000081000000|100%| O|  |TAMS 0x0000000081000000, 0x0000000080f00000| Untracked 
|  16|0x0000000081000000, 0x0000000081100000, 0x0000000081100000|100%| O|  |TAMS 0x0000000081100000, 0x0000000081000000| Untracked 
|  17|0x0000000081100000, 0x0000000081200000, 0x0000000081200000|100%| O|  |TAMS 0x0000000081200000, 0x0000000081100000| Untracked 
|  18|0x0000000081200000, 0x0000000081300000, 0x0000000081300000|100%| O|  |TAMS 0x0000000081300000, 0x0000000081200000| Untracked 
|  19|0x0000000081300000, 0x0000000081400000, 0x0000000081400000|100%| O|  |TAMS 0x0000000081400000, 0x0000000081300000| Untracked 
|  20|0x0000000081400000, 0x0000000081500000, 0x0000000081500000|100%| O|  |TAMS 0x0000000081500000, 0x0000000081400000| Untracked 
|  21|0x0000000081500000, 0x0000000081600000, 0x0000000081600000|100%| O|  |TAMS 0x0000000081600000, 0x0000000081500000| Untracked 
|  22|0x0000000081600000, 0x0000000081700000, 0x0000000081700000|100%|HS|  |TAMS 0x0000000081700000, 0x0000000081600000| Complete 
|  23|0x0000000081700000, 0x0000000081800000, 0x0000000081800000|100%|HS|  |TAMS 0x0000000081800000, 0x0000000081700000| Complete 
|  24|0x0000000081800000, 0x0000000081900000, 0x0000000081900000|100%|HC|  |TAMS 0x0000000081900000, 0x0000000081800000| Complete 
|  25|0x0000000081900000, 0x0000000081a00000, 0x0000000081a00000|100%| O|  |TAMS 0x0000000081a00000, 0x0000000081900000| Untracked 
|  26|0x0000000081a00000, 0x0000000081b00000, 0x0000000081b00000|100%| O|  |TAMS 0x0000000081b00000, 0x0000000081a00000| Untracked 
|  27|0x0000000081b00000, 0x0000000081c00000, 0x0000000081c00000|100%| O|  |TAMS 0x0000000081c00000, 0x0000000081b00000| Untracked 
|  28|0x0000000081c00000, 0x0000000081d00000, 0x0000000081d00000|100%| O|  |TAMS 0x0000000081d00000, 0x0000000081c00000| Untracked 
|  29|0x0000000081d00000, 0x0000000081e00000, 0x0000000081e00000|100%| O|  |TAMS 0x0000000081e00000, 0x0000000081d00000| Untracked 
|  30|0x0000000081e00000, 0x0000000081f00000, 0x0000000081f00000|100%| O|  |TAMS 0x0000000081f00000, 0x0000000081e00000| Untracked 
|  31|0x0000000081f00000, 0x0000000082000000, 0x0000000082000000|100%| O|  |TAMS 0x0000000082000000, 0x0000000081f00000| Untracked 
|  32|0x0000000082000000, 0x0000000082100000, 0x0000000082100000|100%| O|  |TAMS 0x0000000082100000, 0x0000000082000000| Untracked 
|  33|0x0000000082100000, 0x0000000082200000, 0x0000000082200000|100%| O|  |TAMS 0x0000000082200000, 0x0000000082100000| Untracked 
|  34|0x0000000082200000, 0x0000000082300000, 0x0000000082300000|100%| O|  |TAMS 0x0000000082300000, 0x0000000082200000| Untracked 
|  35|0x0000000082300000, 0x0000000082400000, 0x0000000082400000|100%| O|  |TAMS 0x0000000082400000, 0x0000000082300000| Untracked 
|  36|0x0000000082400000, 0x0000000082500000, 0x0000000082500000|100%| O|  |TAMS 0x0000000082500000, 0x0000000082400000| Untracked 
|  37|0x0000000082500000, 0x0000000082600000, 0x0000000082600000|100%| O|  |TAMS 0x0000000082597c00, 0x0000000082500000| Untracked 
|  38|0x0000000082600000, 0x0000000082700000, 0x0000000082700000|100%| O|  |TAMS 0x0000000082600000, 0x0000000082600000| Untracked 
|  39|0x0000000082700000, 0x0000000082800000, 0x0000000082800000|100%| O|  |TAMS 0x0000000082700000, 0x0000000082700000| Untracked 
|  40|0x0000000082800000, 0x0000000082900000, 0x0000000082900000|100%| O|  |TAMS 0x0000000082800000, 0x0000000082800000| Untracked 
|  41|0x0000000082900000, 0x0000000082a00000, 0x0000000082a00000|100%| O|  |TAMS 0x0000000082900000, 0x0000000082900000| Untracked 
|  42|0x0000000082a00000, 0x0000000082b00000, 0x0000000082b00000|100%| O|  |TAMS 0x0000000082a00000, 0x0000000082a00000| Untracked 
|  43|0x0000000082b00000, 0x0000000082c00000, 0x0000000082c00000|100%| O|  |TAMS 0x0000000082b00000, 0x0000000082b00000| Untracked 
|  44|0x0000000082c00000, 0x0000000082d00000, 0x0000000082d00000|100%| O|  |TAMS 0x0000000082c00000, 0x0000000082c00000| Untracked 
|  45|0x0000000082d00000, 0x0000000082e00000, 0x0000000082e00000|100%| O|  |TAMS 0x0000000082d00000, 0x0000000082d00000| Untracked 
|  46|0x0000000082e00000, 0x0000000082f00000, 0x0000000082f00000|100%| O|  |TAMS 0x0000000082e00000, 0x0000000082e00000| Untracked 
|  47|0x0000000082f00000, 0x0000000083000000, 0x0000000083000000|100%| O|  |TAMS 0x0000000082f00000, 0x0000000082f00000| Untracked 
|  48|0x0000000083000000, 0x0000000083100000, 0x0000000083100000|100%| O|  |TAMS 0x0000000083000000, 0x0000000083000000| Untracked 
|  49|0x0000000083100000, 0x0000000083200000, 0x0000000083200000|100%| O|  |TAMS 0x0000000083100000, 0x0000000083100000| Untracked 
|  50|0x0000000083200000, 0x0000000083300000, 0x0000000083300000|100%| O|  |TAMS 0x0000000083200000, 0x0000000083200000| Untracked 
|  51|0x0000000083300000, 0x0000000083400000, 0x0000000083400000|100%| O|  |TAMS 0x0000000083300000, 0x0000000083300000| Untracked 
|  52|0x0000000083400000, 0x000000008342d200, 0x0000000083500000| 17%| O|  |TAMS 0x0000000083400000, 0x0000000083400000| Untracked 
|  53|0x0000000083500000, 0x0000000083600000, 0x0000000083600000|100%|HS|  |TAMS 0x0000000083500000, 0x0000000083500000| Complete 
|  54|0x0000000083600000, 0x0000000083700000, 0x0000000083700000|100%|HC|  |TAMS 0x0000000083600000, 0x0000000083600000| Complete 
|  55|0x0000000083700000, 0x0000000083700000, 0x0000000083800000|  0%| F|  |TAMS 0x0000000083700000, 0x0000000083700000| Untracked 
|  56|0x0000000083800000, 0x0000000083800000, 0x0000000083900000|  0%| F|  |TAMS 0x0000000083800000, 0x0000000083800000| Untracked 
|  57|0x0000000083900000, 0x0000000083900000, 0x0000000083a00000|  0%| F|  |TAMS 0x0000000083900000, 0x0000000083900000| Untracked 
|  58|0x0000000083a00000, 0x0000000083a00000, 0x0000000083b00000|  0%| F|  |TAMS 0x0000000083a00000, 0x0000000083a00000| Untracked 
|  59|0x0000000083b00000, 0x0000000083b00000, 0x0000000083c00000|  0%| F|  |TAMS 0x0000000083b00000, 0x0000000083b00000| Untracked 
|  60|0x0000000083c00000, 0x0000000083c00000, 0x0000000083d00000|  0%| F|  |TAMS 0x0000000083c00000, 0x0000000083c00000| Untracked 
|  61|0x0000000083d00000, 0x0000000083d00000, 0x0000000083e00000|  0%| F|  |TAMS 0x0000000083d00000, 0x0000000083d00000| Untracked 
|  62|0x0000000083e00000, 0x0000000083e00000, 0x0000000083f00000|  0%| F|  |TAMS 0x0000000083e00000, 0x0000000083e00000| Untracked 
|  63|0x0000000083f00000, 0x0000000083f00000, 0x0000000084000000|  0%| F|  |TAMS 0x0000000083f00000, 0x0000000083f00000| Untracked 
|  64|0x0000000084000000, 0x0000000084000000, 0x0000000084100000|  0%| F|  |TAMS 0x0000000084000000, 0x0000000084000000| Untracked 
|  65|0x0000000084100000, 0x0000000084100000, 0x0000000084200000|  0%| F|  |TAMS 0x0000000084100000, 0x0000000084100000| Untracked 
|  66|0x0000000084200000, 0x0000000084200000, 0x0000000084300000|  0%| F|  |TAMS 0x0000000084200000, 0x0000000084200000| Untracked 
|  67|0x0000000084300000, 0x0000000084300000, 0x0000000084400000|  0%| F|  |TAMS 0x0000000084300000, 0x0000000084300000| Untracked 
|  68|0x0000000084400000, 0x0000000084400000, 0x0000000084500000|  0%| F|  |TAMS 0x0000000084400000, 0x0000000084400000| Untracked 
|  69|0x0000000084500000, 0x0000000084500000, 0x0000000084600000|  0%| F|  |TAMS 0x0000000084500000, 0x0000000084500000| Untracked 
|  70|0x0000000084600000, 0x0000000084600000, 0x0000000084700000|  0%| F|  |TAMS 0x0000000084600000, 0x0000000084600000| Untracked 
|  71|0x0000000084700000, 0x0000000084700000, 0x0000000084800000|  0%| F|  |TAMS 0x0000000084700000, 0x0000000084700000| Untracked 
|  72|0x0000000084800000, 0x0000000084800000, 0x0000000084900000|  0%| F|  |TAMS 0x0000000084800000, 0x0000000084800000| Untracked 
|  73|0x0000000084900000, 0x0000000084968c70, 0x0000000084a00000| 40%| S|CS|TAMS 0x0000000084900000, 0x0000000084900000| Complete 
|  74|0x0000000084a00000, 0x0000000084b00000, 0x0000000084b00000|100%| S|CS|TAMS 0x0000000084a00000, 0x0000000084a00000| Complete 
|  75|0x0000000084b00000, 0x0000000084b00000, 0x0000000084c00000|  0%| F|  |TAMS 0x0000000084b00000, 0x0000000084b00000| Untracked 
|  76|0x0000000084c00000, 0x0000000084d00000, 0x0000000084d00000|100%| S|CS|TAMS 0x0000000084c00000, 0x0000000084c00000| Complete 
|  77|0x0000000084d00000, 0x0000000084e00000, 0x0000000084e00000|100%| S|CS|TAMS 0x0000000084d00000, 0x0000000084d00000| Complete 
|  78|0x0000000084e00000, 0x0000000084e00000, 0x0000000084f00000|  0%| F|  |TAMS 0x0000000084e00000, 0x0000000084e00000| Untracked 
|  79|0x0000000084f00000, 0x0000000084f00000, 0x0000000085000000|  0%| F|  |TAMS 0x0000000084f00000, 0x0000000084f00000| Untracked 
|  80|0x0000000085000000, 0x0000000085000000, 0x0000000085100000|  0%| F|  |TAMS 0x0000000085000000, 0x0000000085000000| Untracked 
|  81|0x0000000085100000, 0x0000000085100000, 0x0000000085200000|  0%| F|  |TAMS 0x0000000085100000, 0x0000000085100000| Untracked 
|  82|0x0000000085200000, 0x0000000085200000, 0x0000000085300000|  0%| F|  |TAMS 0x0000000085200000, 0x0000000085200000| Untracked 
|  83|0x0000000085300000, 0x0000000085300000, 0x0000000085400000|  0%| F|  |TAMS 0x0000000085300000, 0x0000000085300000| Untracked 
|  84|0x0000000085400000, 0x0000000085400000, 0x0000000085500000|  0%| F|  |TAMS 0x0000000085400000, 0x0000000085400000| Untracked 
|  85|0x0000000085500000, 0x0000000085500000, 0x0000000085600000|  0%| F|  |TAMS 0x0000000085500000, 0x0000000085500000| Untracked 
|  86|0x0000000085600000, 0x0000000085600000, 0x0000000085700000|  0%| F|  |TAMS 0x0000000085600000, 0x0000000085600000| Untracked 
|  87|0x0000000085700000, 0x0000000085700000, 0x0000000085800000|  0%| F|  |TAMS 0x0000000085700000, 0x0000000085700000| Untracked 
|  88|0x0000000085800000, 0x0000000085800000, 0x0000000085900000|  0%| F|  |TAMS 0x0000000085800000, 0x0000000085800000| Untracked 
|  89|0x0000000085900000, 0x0000000085900000, 0x0000000085a00000|  0%| F|  |TAMS 0x0000000085900000, 0x0000000085900000| Untracked 
|  90|0x0000000085a00000, 0x0000000085a00000, 0x0000000085b00000|  0%| F|  |TAMS 0x0000000085a00000, 0x0000000085a00000| Untracked 
|  91|0x0000000085b00000, 0x0000000085b00000, 0x0000000085c00000|  0%| F|  |TAMS 0x0000000085b00000, 0x0000000085b00000| Untracked 
|  92|0x0000000085c00000, 0x0000000085cb2ba8, 0x0000000085d00000| 69%| E|  |TAMS 0x0000000085c00000, 0x0000000085c00000| Complete 
|  93|0x0000000085d00000, 0x0000000085e00000, 0x0000000085e00000|100%| E|CS|TAMS 0x0000000085d00000, 0x0000000085d00000| Complete 
|  94|0x0000000085e00000, 0x0000000085f00000, 0x0000000085f00000|100%| E|CS|TAMS 0x0000000085e00000, 0x0000000085e00000| Complete 
|  95|0x0000000085f00000, 0x0000000086000000, 0x0000000086000000|100%| E|CS|TAMS 0x0000000085f00000, 0x0000000085f00000| Complete 
|  96|0x0000000086000000, 0x0000000086100000, 0x0000000086100000|100%| E|CS|TAMS 0x0000000086000000, 0x0000000086000000| Complete 
|  97|0x0000000086100000, 0x0000000086200000, 0x0000000086200000|100%| E|CS|TAMS 0x0000000086100000, 0x0000000086100000| Complete 
|  98|0x0000000086200000, 0x0000000086300000, 0x0000000086300000|100%| E|CS|TAMS 0x0000000086200000, 0x0000000086200000| Complete 
|  99|0x0000000086300000, 0x0000000086400000, 0x0000000086400000|100%| E|CS|TAMS 0x0000000086300000, 0x0000000086300000| Complete 
| 100|0x0000000086400000, 0x0000000086500000, 0x0000000086500000|100%| E|CS|TAMS 0x0000000086400000, 0x0000000086400000| Complete 
| 101|0x0000000086500000, 0x0000000086600000, 0x0000000086600000|100%| E|CS|TAMS 0x0000000086500000, 0x0000000086500000| Complete 
| 102|0x0000000086600000, 0x0000000086700000, 0x0000000086700000|100%| E|CS|TAMS 0x0000000086600000, 0x0000000086600000| Complete 
| 103|0x0000000086700000, 0x0000000086800000, 0x0000000086800000|100%| E|CS|TAMS 0x0000000086700000, 0x0000000086700000| Complete 
| 104|0x0000000086800000, 0x0000000086900000, 0x0000000086900000|100%| E|CS|TAMS 0x0000000086800000, 0x0000000086800000| Complete 
| 105|0x0000000086900000, 0x0000000086a00000, 0x0000000086a00000|100%| E|CS|TAMS 0x0000000086900000, 0x0000000086900000| Complete 
| 106|0x0000000086a00000, 0x0000000086b00000, 0x0000000086b00000|100%| E|CS|TAMS 0x0000000086a00000, 0x0000000086a00000| Complete 
| 107|0x0000000086b00000, 0x0000000086c00000, 0x0000000086c00000|100%| E|CS|TAMS 0x0000000086b00000, 0x0000000086b00000| Complete 
| 108|0x0000000086c00000, 0x0000000086d00000, 0x0000000086d00000|100%| E|CS|TAMS 0x0000000086c00000, 0x0000000086c00000| Complete 
| 109|0x0000000086d00000, 0x0000000086e00000, 0x0000000086e00000|100%| E|CS|TAMS 0x0000000086d00000, 0x0000000086d00000| Complete 
| 110|0x0000000086e00000, 0x0000000086f00000, 0x0000000086f00000|100%| E|CS|TAMS 0x0000000086e00000, 0x0000000086e00000| Complete 
| 111|0x0000000086f00000, 0x0000000087000000, 0x0000000087000000|100%| E|CS|TAMS 0x0000000086f00000, 0x0000000086f00000| Complete 
| 112|0x0000000087000000, 0x0000000087100000, 0x0000000087100000|100%| E|CS|TAMS 0x0000000087000000, 0x0000000087000000| Complete 
| 113|0x0000000087100000, 0x0000000087200000, 0x0000000087200000|100%| E|CS|TAMS 0x0000000087100000, 0x0000000087100000| Complete 
| 114|0x0000000087200000, 0x0000000087300000, 0x0000000087300000|100%| E|CS|TAMS 0x0000000087200000, 0x0000000087200000| Complete 
| 115|0x0000000087300000, 0x0000000087400000, 0x0000000087400000|100%| E|CS|TAMS 0x0000000087300000, 0x0000000087300000| Complete 
| 116|0x0000000087400000, 0x0000000087500000, 0x0000000087500000|100%| E|CS|TAMS 0x0000000087400000, 0x0000000087400000| Complete 
| 117|0x0000000087500000, 0x0000000087600000, 0x0000000087600000|100%| E|CS|TAMS 0x0000000087500000, 0x0000000087500000| Complete 
| 118|0x0000000087600000, 0x0000000087700000, 0x0000000087700000|100%| E|CS|TAMS 0x0000000087600000, 0x0000000087600000| Complete 
| 119|0x0000000087700000, 0x0000000087800000, 0x0000000087800000|100%| E|CS|TAMS 0x0000000087700000, 0x0000000087700000| Complete 
| 120|0x0000000087800000, 0x0000000087900000, 0x0000000087900000|100%| E|CS|TAMS 0x0000000087800000, 0x0000000087800000| Complete 
| 121|0x0000000087900000, 0x0000000087a00000, 0x0000000087a00000|100%| E|CS|TAMS 0x0000000087900000, 0x0000000087900000| Complete 
| 122|0x0000000087a00000, 0x0000000087b00000, 0x0000000087b00000|100%| E|CS|TAMS 0x0000000087a00000, 0x0000000087a00000| Complete 
| 123|0x0000000087b00000, 0x0000000087c00000, 0x0000000087c00000|100%| E|  |TAMS 0x0000000087b00000, 0x0000000087b00000| Complete 
| 124|0x0000000087c00000, 0x0000000087d00000, 0x0000000087d00000|100%| E|CS|TAMS 0x0000000087c00000, 0x0000000087c00000| Complete 
| 125|0x0000000087d00000, 0x0000000087e00000, 0x0000000087e00000|100%| E|CS|TAMS 0x0000000087d00000, 0x0000000087d00000| Complete 

Card table byte_map: [0x0000015665120000,0x0000015665520000] _byte_map_base: 0x0000015664d20000

Marking Bits (Prev, Next): (CMBitMap*) 0x00000156520ac230, (CMBitMap*) 0x00000156520ac1f8
 Prev Bits: [0x0000015667920000, 0x0000015669920000)
 Next Bits: [0x0000015665920000, 0x0000015667920000)

Polling page: 0x000001564ffa0000

Metaspace:

Usage:
  Non-class:     66.23 MB capacity,    65.03 MB ( 98%) used,     1.01 MB (  2%) free+waste,   192.75 KB ( <1%) overhead. 
      Class:     10.41 MB capacity,     9.74 MB ( 94%) used,   595.98 KB (  6%) free+waste,    89.06 KB ( <1%) overhead. 
       Both:     76.64 MB capacity,    74.77 MB ( 98%) used,     1.59 MB (  2%) free+waste,   281.81 KB ( <1%) overhead. 

Virtual space:
  Non-class space:       68.00 MB reserved,      66.25 MB ( 97%) committed 
      Class space:        1.00 GB reserved,      10.50 MB (  1%) committed 
             Both:        1.07 GB reserved,      76.75 MB (  7%) committed 

Chunk freelists:
   Non-Class:  22.00 KB
       Class:  30.00 KB
        Both:  52.00 KB

MaxMetaspaceSize: 17179869184.00 GB
CompressedClassSpaceSize: 1.00 GB

CodeHeap 'non-profiled nmethods': size=120000Kb used=4958Kb max_used=4958Kb free=115042Kb
 bounds [0x000001565d4b0000, 0x000001565d990000, 0x00000156649e0000]
CodeHeap 'profiled nmethods': size=120000Kb used=17046Kb max_used=17046Kb free=102953Kb
 bounds [0x0000015655f80000, 0x0000015657030000, 0x000001565d4b0000]
CodeHeap 'non-nmethods': size=5760Kb used=2259Kb max_used=2304Kb free=3500Kb
 bounds [0x00000156559e0000, 0x0000015655c50000, 0x0000015655f80000]
 total_blobs=8876 nmethods=8039 adapters=748
 compilation: enabled
              stopped_count=0, restarted_count=0
 full_count=0

Compilation events (20 events):
Event: 150.363 Thread 0x000001566cc00000 8267       3       kotlin.text.StringsKt__StringsJVMKt::regionMatches (43 bytes)
Event: 150.363 Thread 0x000001566cc00000 nmethod 8267 0x000001565700dc10 code [0x000001565700de20, 0x000001565700e1b8]
Event: 150.371 Thread 0x000001566cbfc000 nmethod 8229 0x000001565d982c90 code [0x000001565d982e80, 0x000001565d9837a8]
Event: 150.371 Thread 0x000001566cbfc000 8231       4       com.google.common.collect.AbstractMapBasedMultimap::wrapList (33 bytes)
Event: 150.373 Thread 0x000001566cbfc000 nmethod 8231 0x000001565d983c90 code [0x000001565d983e40, 0x000001565d9841d8]
Event: 150.373 Thread 0x000001566cbfc000 8232       4       com.google.common.collect.AbstractMapBasedMultimap$WrappedCollection::<init> (44 bytes)
Event: 150.376 Thread 0x000001566cbfc000 nmethod 8232 0x000001565d984390 code [0x000001565d984520, 0x000001565d984938]
Event: 150.376 Thread 0x000001566cbfc000 8233       4       com.google.common.collect.AbstractMapBasedMultimap$WrappedCollection::size (14 bytes)
Event: 150.380 Thread 0x000001566cbfc000 nmethod 8233 0x000001565d984a10 code [0x000001565d984be0, 0x000001565d985088]
Event: 150.380 Thread 0x000001566cbfc000 8230       4       com.android.ide.common.resources.DataItem::resetStatusToWritten (8 bytes)
Event: 150.381 Thread 0x000001566cbfc000 nmethod 8230 0x000001565d985490 code [0x000001565d985620, 0x000001565d985698]
Event: 150.381 Thread 0x000001566cbfc000 8210       4       java.util.AbstractSequentialList::iterator (5 bytes)
Event: 150.381 Thread 0x000001566cbfc000 nmethod 8210 0x000001565d985710 code [0x000001565d9858a0, 0x000001565d985918]
Event: 150.381 Thread 0x000001566cbfc000 8217       4       com.google.common.collect.LinkedListMultimap$DistinctKeyIterator::hasNext (17 bytes)
Event: 150.381 Thread 0x000001566cbfc000 nmethod 8217 0x000001565d985a10 code [0x000001565d985ba0, 0x000001565d985c38]
Event: 150.381 Thread 0x000001566cbfc000 8216       4       com.google.common.collect.TransformedIterator::hasNext (10 bytes)
Event: 150.382 Thread 0x000001566cbfc000 nmethod 8216 0x000001565d985d10 code [0x000001565d985ea0, 0x000001565d985f78]
Event: 150.382 Thread 0x000001566cbfc000 8212       4       com.google.common.collect.AbstractMapBasedMultimap::access$202 (7 bytes)
Event: 150.382 Thread 0x000001566cbfc000 nmethod 8212 0x000001565d986090 code [0x000001565d986220, 0x000001565d986278]
Event: 150.382 Thread 0x000001566cbfc000 8219       4       com.google.common.collect.TransformedIterator::next (14 bytes)

GC Heap History (20 events):
Event: 5.462 GC heap before
{Heap before GC invocations=5 (full 0):
 garbage-first heap   total 129024K, used 64449K [0x0000000080000000, 0x0000000100000000)
  region size 1024K, 50 young (51200K), 3 survivors (3072K)
 Metaspace       used 35030K, capacity 35829K, committed 35840K, reserved 1081344K
  class space    used 4561K, capacity 4856K, committed 4864K, reserved 1048576K
}
Event: 5.468 GC heap after
{Heap after GC invocations=6 (full 0):
 garbage-first heap   total 129024K, used 21680K [0x0000000080000000, 0x0000000100000000)
  region size 1024K, 6 young (6144K), 6 survivors (6144K)
 Metaspace       used 35030K, capacity 35829K, committed 35840K, reserved 1081344K
  class space    used 4561K, capacity 4856K, committed 4864K, reserved 1048576K
}
Event: 6.525 GC heap before
{Heap before GC invocations=7 (full 0):
 garbage-first heap   total 129024K, used 83120K [0x0000000080000000, 0x0000000100000000)
  region size 1024K, 63 young (64512K), 6 survivors (6144K)
 Metaspace       used 40781K, capacity 41730K, committed 41984K, reserved 1085440K
  class space    used 5219K, capacity 5536K, committed 5632K, reserved 1048576K
}
Event: 6.533 GC heap after
{Heap after GC invocations=8 (full 0):
 garbage-first heap   total 129024K, used 25111K [0x0000000080000000, 0x0000000100000000)
  region size 1024K, 7 young (7168K), 7 survivors (7168K)
 Metaspace       used 40781K, capacity 41730K, committed 41984K, reserved 1085440K
  class space    used 5219K, capacity 5536K, committed 5632K, reserved 1048576K
}
Event: 10.688 GC heap before
{Heap before GC invocations=8 (full 0):
 garbage-first heap   total 129024K, used 84503K [0x0000000080000000, 0x0000000100000000)
  region size 1024K, 65 young (66560K), 7 survivors (7168K)
 Metaspace       used 44223K, capacity 45244K, committed 45568K, reserved 1089536K
  class space    used 5676K, capacity 6028K, committed 6144K, reserved 1048576K
}
Event: 10.694 GC heap after
{Heap after GC invocations=9 (full 0):
 garbage-first heap   total 129024K, used 27436K [0x0000000080000000, 0x0000000100000000)
  region size 1024K, 6 young (6144K), 6 survivors (6144K)
 Metaspace       used 44223K, capacity 45244K, committed 45568K, reserved 1089536K
  class space    used 5676K, capacity 6028K, committed 6144K, reserved 1048576K
}
Event: 29.920 GC heap before
{Heap before GC invocations=9 (full 0):
 garbage-first heap   total 129024K, used 89900K [0x0000000080000000, 0x0000000100000000)
  region size 1024K, 65 young (66560K), 6 survivors (6144K)
 Metaspace       used 51154K, capacity 52312K, committed 52608K, reserved 1095680K
  class space    used 6530K, capacity 6966K, committed 7040K, reserved 1048576K
}
Event: 29.929 GC heap after
{Heap after GC invocations=10 (full 0):
 garbage-first heap   total 129024K, used 37681K [0x0000000080000000, 0x0000000100000000)
  region size 1024K, 9 young (9216K), 9 survivors (9216K)
 Metaspace       used 51154K, capacity 52312K, committed 52608K, reserved 1095680K
  class space    used 6530K, capacity 6966K, committed 7040K, reserved 1048576K
}
Event: 54.775 GC heap before
{Heap before GC invocations=10 (full 0):
 garbage-first heap   total 129024K, used 92977K [0x0000000080000000, 0x0000000100000000)
  region size 1024K, 64 young (65536K), 9 survivors (9216K)
 Metaspace       used 58125K, capacity 59571K, committed 59648K, reserved 1101824K
  class space    used 7397K, capacity 7919K, committed 7936K, reserved 1048576K
}
Event: 54.782 GC heap after
{Heap after GC invocations=11 (full 0):
 garbage-first heap   total 129024K, used 43015K [0x0000000080000000, 0x0000000100000000)
  region size 1024K, 5 young (5120K), 5 survivors (5120K)
 Metaspace       used 58125K, capacity 59571K, committed 59648K, reserved 1101824K
  class space    used 7397K, capacity 7919K, committed 7936K, reserved 1048576K
}
Event: 56.561 GC heap before
{Heap before GC invocations=11 (full 0):
 garbage-first heap   total 129024K, used 47111K [0x0000000080000000, 0x0000000100000000)
  region size 1024K, 10 young (10240K), 5 survivors (5120K)
 Metaspace       used 58484K, capacity 59856K, committed 59904K, reserved 1101824K
  class space    used 7428K, capacity 7925K, committed 7936K, reserved 1048576K
}
Event: 56.568 GC heap after
{Heap after GC invocations=12 (full 0):
 garbage-first heap   total 129024K, used 44274K [0x0000000080000000, 0x0000000100000000)
  region size 1024K, 6 young (6144K), 6 survivors (6144K)
 Metaspace       used 58484K, capacity 59856K, committed 59904K, reserved 1101824K
  class space    used 7428K, capacity 7925K, committed 7936K, reserved 1048576K
}
Event: 89.000 GC heap before
{Heap before GC invocations=13 (full 0):
 garbage-first heap   total 129024K, used 97522K [0x0000000080000000, 0x0000000100000000)
  region size 1024K, 58 young (59392K), 6 survivors (6144K)
 Metaspace       used 62624K, capacity 64031K, committed 64256K, reserved 1105920K
  class space    used 8080K, capacity 8588K, committed 8704K, reserved 1048576K
}
Event: 89.007 GC heap after
{Heap after GC invocations=14 (full 0):
 garbage-first heap   total 129024K, used 47039K [0x0000000080000000, 0x0000000100000000)
  region size 1024K, 5 young (5120K), 5 survivors (5120K)
 Metaspace       used 62624K, capacity 64031K, committed 64256K, reserved 1105920K
  class space    used 8080K, capacity 8588K, committed 8704K, reserved 1048576K
}
Event: 112.065 GC heap before
{Heap before GC invocations=14 (full 0):
 garbage-first heap   total 129024K, used 99263K [0x0000000080000000, 0x0000000100000000)
  region size 1024K, 56 young (57344K), 5 survivors (5120K)
 Metaspace       used 67901K, capacity 69455K, committed 69632K, reserved 1110016K
  class space    used 8910K, capacity 9463K, committed 9472K, reserved 1048576K
}
Event: 112.071 GC heap after
{Heap after GC invocations=15 (full 0):
 garbage-first heap   total 129024K, used 50342K [0x0000000080000000, 0x0000000100000000)
  region size 1024K, 4 young (4096K), 4 survivors (4096K)
 Metaspace       used 67901K, capacity 69455K, committed 69632K, reserved 1110016K
  class space    used 8910K, capacity 9463K, committed 9472K, reserved 1048576K
}
Event: 127.913 GC heap before
{Heap before GC invocations=15 (full 0):
 garbage-first heap   total 129024K, used 101542K [0x0000000080000000, 0x0000000100000000)
  region size 1024K, 54 young (55296K), 4 survivors (4096K)
 Metaspace       used 74233K, capacity 76055K, committed 76160K, reserved 1116160K
  class space    used 9732K, capacity 10350K, committed 10368K, reserved 1048576K
}
Event: 127.920 GC heap after
{Heap after GC invocations=16 (full 0):
 garbage-first heap   total 129024K, used 53761K [0x0000000080000000, 0x0000000100000000)
  region size 1024K, 7 young (7168K), 7 survivors (7168K)
 Metaspace       used 74233K, capacity 76055K, committed 76160K, reserved 1116160K
  class space    used 9732K, capacity 10350K, committed 10368K, reserved 1048576K
}
Event: 145.278 GC heap before
{Heap before GC invocations=16 (full 0):
 garbage-first heap   total 129024K, used 101889K [0x0000000080000000, 0x0000000100000000)
  region size 1024K, 55 young (56320K), 7 survivors (7168K)
 Metaspace       used 75169K, capacity 76993K, committed 77056K, reserved 1116160K
  class space    used 9815K, capacity 10463K, committed 10496K, reserved 1048576K
}
Event: 145.291 GC heap after
{Heap after GC invocations=17 (full 0):
 garbage-first heap   total 129024K, used 56919K [0x0000000080000000, 0x0000000100000000)
  region size 1024K, 4 young (4096K), 4 survivors (4096K)
 Metaspace       used 75169K, capacity 76993K, committed 77056K, reserved 1116160K
  class space    used 9815K, capacity 10463K, committed 10496K, reserved 1048576K
}

Deoptimization events (20 events):
Event: 149.270 Thread 0x00000156716f8000 DEOPT PACKING pc=0x0000015656f47e97 sp=0x000000291a3fad10
Event: 149.270 Thread 0x00000156716f8000 DEOPT UNPACKING pc=0x0000015655a08ade sp=0x000000291a3fa298 mode 0
Event: 149.271 Thread 0x00000156716f8000 DEOPT PACKING pc=0x0000015656f47e97 sp=0x000000291a3fabc0
Event: 149.271 Thread 0x00000156716f8000 DEOPT UNPACKING pc=0x0000015655a08ade sp=0x000000291a3fa148 mode 0
Event: 149.271 Thread 0x00000156716f8000 DEOPT PACKING pc=0x0000015656f47e97 sp=0x000000291a3fab20
Event: 149.271 Thread 0x00000156716f8000 DEOPT UNPACKING pc=0x0000015655a08ade sp=0x000000291a3fa0a8 mode 0
Event: 149.272 Thread 0x00000156716f8000 DEOPT PACKING pc=0x0000015656f47e97 sp=0x000000291a3fa8c0
Event: 149.272 Thread 0x00000156716f8000 DEOPT UNPACKING pc=0x0000015655a08ade sp=0x000000291a3f9e48 mode 0
Event: 149.272 Thread 0x00000156716f8000 DEOPT PACKING pc=0x0000015656f47e97 sp=0x000000291a3fabf0
Event: 149.272 Thread 0x00000156716f8000 DEOPT UNPACKING pc=0x0000015655a08ade sp=0x000000291a3fa178 mode 0
Event: 149.273 Thread 0x00000156716f8000 DEOPT PACKING pc=0x0000015656f47e97 sp=0x000000291a3fa9a0
Event: 149.273 Thread 0x00000156716f8000 DEOPT UNPACKING pc=0x0000015655a08ade sp=0x000000291a3f9f28 mode 0
Event: 149.482 Thread 0x00000156716f8000 Uncommon trap: trap_request=0xffffff7e fr.pc=0x000001565d9480c8 relative=0x0000000000000088
Event: 149.482 Thread 0x00000156716f8000 Uncommon trap: reason=predicate action=maybe_recompile pc=0x000001565d9480c8 method=java.util.TimSort.binarySort([Ljava/lang/Object;IIILjava/util/Comparator;)V @ 34 c2
Event: 149.482 Thread 0x00000156716f8000 DEOPT PACKING pc=0x000001565d9480c8 sp=0x000000291a3f9dd0
Event: 149.482 Thread 0x00000156716f8000 DEOPT UNPACKING pc=0x00000156559e822f sp=0x000000291a3f9d90 mode 2
Event: 150.234 Thread 0x00000156716f8000 Uncommon trap: trap_request=0xfffffff4 fr.pc=0x000001565d9736d0 relative=0x0000000000000d50
Event: 150.234 Thread 0x00000156716f8000 Uncommon trap: reason=null_check action=make_not_entrant pc=0x000001565d9736d0 method=org.apache.xerces.dom.ElementImpl.getDefaultAttributes()Lorg/apache/xerces/dom/NamedNodeMapImpl; @ 7 c2
Event: 150.234 Thread 0x00000156716f8000 DEOPT PACKING pc=0x000001565d9736d0 sp=0x000000291a3fb470
Event: 150.234 Thread 0x00000156716f8000 DEOPT UNPACKING pc=0x00000156559e822f sp=0x000000291a3fb2f0 mode 2

Classes redefined (0 events):
No events

Internal exceptions (20 events):
Event: 120.373 Thread 0x000001566e9ef000 Exception <a 'java/lang/NoSuchMethodError'{0x0000000085ac1da0}: <clinit>> (0x0000000085ac1da0) thrown at [./src/hotspot/share/prims/jni.cpp, line 1362]
Event: 120.546 Thread 0x000001566e9ef000 Exception <a 'java/lang/NoSuchMethodError'{0x0000000085af32b0}: <clinit>> (0x0000000085af32b0) thrown at [./src/hotspot/share/prims/jni.cpp, line 1362]
Event: 123.635 Thread 0x000001566eedb000 Exception <a 'java/lang/NoSuchMethodError'{0x00000000854bc048}: <clinit>> (0x00000000854bc048) thrown at [./src/hotspot/share/prims/jni.cpp, line 1362]
Event: 123.635 Thread 0x000001566eedb000 Exception <a 'java/lang/NoSuchMethodError'{0x00000000854c6428}: <clinit>> (0x00000000854c6428) thrown at [./src/hotspot/share/prims/jni.cpp, line 1362]
Event: 123.738 Thread 0x000001566eedb000 Exception <a 'java/lang/NoSuchMethodError'{0x0000000085304a30}: <clinit>> (0x0000000085304a30) thrown at [./src/hotspot/share/prims/jni.cpp, line 1362]
Event: 123.739 Thread 0x000001566eedb000 Exception <a 'java/lang/NoSuchMethodError'{0x000000008532b1a8}: <clinit>> (0x000000008532b1a8) thrown at [./src/hotspot/share/prims/jni.cpp, line 1362]
Event: 123.739 Thread 0x000001566eedb000 Exception <a 'java/lang/NoSuchMethodError'{0x000000008532c6e8}: <clinit>> (0x000000008532c6e8) thrown at [./src/hotspot/share/prims/jni.cpp, line 1362]
Event: 123.740 Thread 0x00000156716f8000 Exception <a 'java/lang/NoSuchMethodError'{0x0000000085320be8}: 'java.lang.Object java.lang.invoke.Invokers$Holder.linkToTargetMethod(java.lang.Object, java.lang.Object, java.lang.Object, java.lang.Object, java.lang.Object, java.lang.Object, java.lang.Object, java.lang.Object)'> (0x0000000085320be8) thrown at [./src/hotspot/share/interpreter/linkResolver.cpp, line 773]
Event: 125.117 Thread 0x000001566eedb000 Exception <a 'java/lang/NoSuchMethodError'{0x00000000850340b8}: <clinit>> (0x00000000850340b8) thrown at [./src/hotspot/share/prims/jni.cpp, line 1362]
Event: 125.126 Thread 0x00000156716f8800 Exception <a 'java/lang/NoSuchMethodError'{0x0000000085b0bfe0}: <clinit>> (0x0000000085b0bfe0) thrown at [./src/hotspot/share/prims/jni.cpp, line 1362]
Event: 125.127 Thread 0x00000156716f8800 Exception <a 'java/lang/NoSuchMethodError'{0x00000000850420b8}: <clinit>> (0x00000000850420b8) thrown at [./src/hotspot/share/prims/jni.cpp, line 1362]
Event: 130.303 Thread 0x00000156716f8000 Exception <a 'java/lang/NoSuchMethodError'{0x0000000087a1a6d0}: 'java.lang.Object java.lang.invoke.Invokers$Holder.linkToTargetMethod(java.lang.Object, java.lang.Object, java.lang.Object, java.lang.Object, java.lang.Object, java.lang.Object, java.lang.Object)'> (0x0000000087a1a6d0) thrown at [./src/hotspot/share/interpreter/linkResolver.cpp, line 773]
Event: 130.480 Thread 0x000001566f081000 Exception <a 'java/lang/NoSuchMethodError'{0x00000000878927c8}: 'java.lang.Object java.lang.invoke.DirectMethodHandle$Holder.invokeSpecialIFC(java.lang.Object, java.lang.Object, java.lang.Object)'> (0x00000000878927c8) thrown at [./src/hotspot/share/interpreter/linkResolver.cpp, line 773]
Event: 130.480 Thread 0x000001566f083800 Exception <a 'java/lang/NoSuchMethodError'{0x00000000878afd70}: 'java.lang.Object java.lang.invoke.DirectMethodHandle$Holder.invokeSpecialIFC(java.lang.Object, java.lang.Object, java.lang.Object)'> (0x00000000878afd70) thrown at [./src/hotspot/share/interpreter/linkResolver.cpp, line 773]
Event: 130.480 Thread 0x000001566f089000 Exception <a 'java/lang/NoSuchMethodError'{0x00000000878a09d8}: 'java.lang.Object java.lang.invoke.DirectMethodHandle$Holder.invokeSpecialIFC(java.lang.Object, java.lang.Object, java.lang.Object)'> (0x00000000878a09d8) thrown at [./src/hotspot/share/interpreter/linkResolver.cpp, line 773]
Event: 146.373 Thread 0x00000156716f8000 Exception <a 'java/lang/NoSuchMethodError'{0x0000000087972a78}: 'java.lang.Object java.lang.invoke.DirectMethodHandle$Holder.invokeSpecial(java.lang.Object, java.lang.Object, int, java.lang.Object, java.lang.Object)'> (0x0000000087972a78) thrown at [./src/hotspot/share/interpreter/linkResolver.cpp, line 773]
Event: 146.373 Thread 0x00000156716f8000 Exception <a 'java/lang/NoSuchMethodError'{0x000000008797b008}: 'java.lang.Object java.lang.invoke.DirectMethodHandle$Holder.invokeStatic(java.lang.Object, java.lang.Object, int, java.lang.Object)'> (0x000000008797b008) thrown at [./src/hotspot/share/interpreter/linkResolver.cpp, line 773]
Event: 146.374 Thread 0x00000156716f8000 Exception <a 'java/lang/NoSuchMethodError'{0x000000008797ed00}: 'java.lang.Object java.lang.invoke.Invokers$Holder.linkToTargetMethod(java.lang.Object, int, java.lang.Object, java.lang.Object)'> (0x000000008797ed00) thrown at [./src/hotspot/share/interpreter/linkResolver.cpp, line 773]
Event: 146.376 Thread 0x00000156716f8000 Exception <a 'java/lang/NoSuchMethodError'{0x00000000879968b8}: 'void java.lang.invoke.DirectMethodHandle$Holder.invokeVirtual(java.lang.Object, java.lang.Object)'> (0x00000000879968b8) thrown at [./src/hotspot/share/interpreter/linkResolver.cpp, line 773]
Event: 150.234 Thread 0x00000156716f8000 Implicit null exception at 0x000001565d972ead to 0x000001565d9736b0

Events (20 events):
Event: 150.332 loading class com/google/common/collect/AbstractMapBasedMultimap$WrappedCollection
Event: 150.332 loading class com/google/common/collect/AbstractMapBasedMultimap$WrappedCollection done
Event: 150.333 loading class com/google/common/collect/LinkedListMultimap$ValueForKeyIterator
Event: 150.333 loading class com/google/common/collect/LinkedListMultimap$ValueForKeyIterator done
Event: 150.353 loading class com/android/build/gradle/tasks/MergeResources
Event: 150.353 loading class com/android/build/gradle/tasks/MergeResources done
Event: 150.358 loading class org/gradle/api/artifacts/component/ComponentArtifactIdentifier
Event: 150.358 loading class org/gradle/api/artifacts/component/ComponentArtifactIdentifier done
Event: 150.358 loading class org/gradle/api/artifacts/component/ProjectComponentIdentifier
Event: 150.358 loading class org/gradle/api/artifacts/component/ProjectComponentIdentifier done
Event: 150.362 loading class com/android/ide/common/resources/DataSet$1
Event: 150.362 loading class com/android/ide/common/resources/DataSet$1 done
Event: 150.362 loading class com/android/ide/common/resources/ResourceSet$FolderData
Event: 150.362 loading class com/android/ide/common/resources/ResourceSet$FolderData done
Event: 150.362 loading class com/android/builder/png/VectorDrawableRenderer$PreprocessingReason
Event: 150.362 loading class com/android/builder/png/VectorDrawableRenderer$PreprocessingReason done
Event: 150.363 loading class com/android/ide/common/resources/ResourceSet$1
Event: 150.363 loading class com/android/ide/common/resources/ResourceSet$1 done
Event: 150.363 loading class com/android/ide/common/blame/MergingLog
Event: 150.363 loading class com/android/ide/common/blame/MergingLog done


Dynamic libraries:
0x00007ff6970b0000 - 0x00007ff6970ba000 	C:\Program Files\Android\Android Studio\jre\bin\java.exe
0x00007ffb21380000 - 0x00007ffb21570000 	C:\Windows\SYSTEM32\ntdll.dll
0x00007ffb1f900000 - 0x00007ffb1f9b2000 	C:\Windows\System32\KERNEL32.DLL
0x00007ffb1f180000 - 0x00007ffb1f425000 	C:\Windows\System32\KERNELBASE.dll
0x00007ffb1e3d0000 - 0x00007ffb1e4ca000 	C:\Windows\System32\ucrtbase.dll
0x00007ffae5890000 - 0x00007ffae58a9000 	C:\Program Files\Android\Android Studio\jre\bin\jli.dll
0x00007ffae5870000 - 0x00007ffae5887000 	C:\Program Files\Android\Android Studio\jre\bin\VCRUNTIME140.dll
0x00007ffb20980000 - 0x00007ffb20b14000 	C:\Windows\System32\USER32.dll
0x00007ffaf9010000 - 0x00007ffaf9294000 	C:\Windows\WinSxS\amd64_microsoft.windows.common-controls_6595b64144ccf1df_6.0.18362.1556_none_9e7e372fe45e41d5\COMCTL32.dll
0x00007ffb1e2f0000 - 0x00007ffb1e311000 	C:\Windows\System32\win32u.dll
0x00007ffb20f90000 - 0x00007ffb2102e000 	C:\Windows\System32\msvcrt.dll
0x00007ffb20bf0000 - 0x00007ffb20c16000 	C:\Windows\System32\GDI32.dll
0x00007ffb1f560000 - 0x00007ffb1f896000 	C:\Windows\System32\combase.dll
0x00007ffb1ee90000 - 0x00007ffb1f028000 	C:\Windows\System32\gdi32full.dll
0x00007ffb21180000 - 0x00007ffb2129f000 	C:\Windows\System32\RPCRT4.dll
0x00007ffb1f0e0000 - 0x00007ffb1f17e000 	C:\Windows\System32\msvcp_win.dll
0x00007ffb1e4d0000 - 0x00007ffb1e551000 	C:\Windows\System32\bcryptPrimitives.dll
0x00007ffb212a0000 - 0x00007ffb212ce000 	C:\Windows\System32\IMM32.DLL
0x00007ffabd970000 - 0x00007ffabda0d000 	C:\Program Files\Android\Android Studio\jre\bin\msvcp140.dll
0x00007ffab5530000 - 0x00007ffab5fec000 	C:\Program Files\Android\Android Studio\jre\bin\server\jvm.dll
0x00007ffb21030000 - 0x00007ffb210d3000 	C:\Windows\System32\ADVAPI32.dll
0x00007ffb210e0000 - 0x00007ffb21177000 	C:\Windows\System32\sechost.dll
0x00007ffb1fa20000 - 0x00007ffb1fa28000 	C:\Windows\System32\PSAPI.DLL
0x00007ffb03fb0000 - 0x00007ffb03fb9000 	C:\Windows\SYSTEM32\WSOCK32.dll
0x00007ffb17060000 - 0x00007ffb1706a000 	C:\Windows\SYSTEM32\VERSION.dll
0x00007ffb212d0000 - 0x00007ffb2133f000 	C:\Windows\System32\WS2_32.dll
0x00007ffb1b740000 - 0x00007ffb1b764000 	C:\Windows\SYSTEM32\WINMM.dll
0x00007ffb1a7e0000 - 0x00007ffb1a80d000 	C:\Windows\SYSTEM32\WINMMBASE.dll
0x00007ffb1ee40000 - 0x00007ffb1ee8a000 	C:\Windows\System32\cfgmgr32.dll
0x00007ffb1e240000 - 0x00007ffb1e251000 	C:\Windows\System32\kernel.appcore.dll
0x00007ffb0c680000 - 0x00007ffb0c691000 	C:\Program Files\Android\Android Studio\jre\bin\verify.dll
0x00007ffb1cb20000 - 0x00007ffb1cd14000 	C:\Windows\SYSTEM32\DBGHELP.DLL
0x00007ffaf7ea0000 - 0x00007ffaf7eca000 	C:\Windows\SYSTEM32\dbgcore.DLL
0x00007ffb0be30000 - 0x00007ffb0be59000 	C:\Program Files\Android\Android Studio\jre\bin\java.dll
0x00007ffb1a1b0000 - 0x00007ffb1a1bb000 	C:\Program Files\Android\Android Studio\jre\bin\jimage.dll
0x00007ffb0be10000 - 0x00007ffb0be28000 	C:\Program Files\Android\Android Studio\jre\bin\zip.dll
0x00007ffb20080000 - 0x00007ffb20767000 	C:\Windows\System32\SHELL32.dll
0x00007ffb1f4b0000 - 0x00007ffb1f558000 	C:\Windows\System32\shcore.dll
0x00007ffb1e6c0000 - 0x00007ffb1ee3b000 	C:\Windows\System32\windows.storage.dll
0x00007ffb1e260000 - 0x00007ffb1e27e000 	C:\Windows\System32\profapi.dll
0x00007ffb1e2a0000 - 0x00007ffb1e2ea000 	C:\Windows\System32\powrprof.dll
0x00007ffb1e230000 - 0x00007ffb1e240000 	C:\Windows\System32\UMPDC.dll
0x00007ffb1ff40000 - 0x00007ffb1ff92000 	C:\Windows\System32\shlwapi.dll
0x00007ffb1f0c0000 - 0x00007ffb1f0d7000 	C:\Windows\System32\cryptsp.dll
0x00007ffb0af60000 - 0x00007ffb0af7a000 	C:\Program Files\Android\Android Studio\jre\bin\net.dll
0x00007ffb14230000 - 0x00007ffb1432a000 	C:\Windows\SYSTEM32\WINHTTP.dll
0x00007ffb1da10000 - 0x00007ffb1da77000 	C:\Windows\system32\mswsock.dll
0x00007ffb0af40000 - 0x00007ffb0af54000 	C:\Program Files\Android\Android Studio\jre\bin\nio.dll
0x00007ffae60a0000 - 0x00007ffae60c7000 	C:\Users\Admin\.gradle\native\fdc75f09e3144964f2cf3f50f0aa648679c211496f362492102eb8c894070792\windows-amd64\native-platform.dll
0x00007ffa9b8c0000 - 0x00007ffa9ba56000 	C:\Users\Admin\.gradle\native\12488b8bf47d2d4c9fbf2f6322a914ad602e24e48041cd04a747c6da556b65c4\windows-amd64\native-platform-file-events.dll
0x00007ffb10210000 - 0x00007ffb1021a000 	C:\Program Files\Android\Android Studio\jre\bin\management.dll
0x00007ffb100b0000 - 0x00007ffb100bc000 	C:\Program Files\Android\Android Studio\jre\bin\management_ext.dll
0x00007ffb1d590000 - 0x00007ffb1d5c3000 	C:\Windows\system32\rsaenh.dll
0x00007ffb1f030000 - 0x00007ffb1f056000 	C:\Windows\System32\bcrypt.dll
0x00007ffb1e120000 - 0x00007ffb1e145000 	C:\Windows\SYSTEM32\USERENV.dll
0x00007ffb1dbe0000 - 0x00007ffb1dbec000 	C:\Windows\SYSTEM32\CRYPTBASE.dll
0x00007ffb1d720000 - 0x00007ffb1d75a000 	C:\Windows\SYSTEM32\IPHLPAPI.DLL
0x00007ffb1ff30000 - 0x00007ffb1ff38000 	C:\Windows\System32\NSI.dll
0x00007ffb14dd0000 - 0x00007ffb14de6000 	C:\Windows\SYSTEM32\dhcpcsvc6.DLL
0x00007ffb15690000 - 0x00007ffb156ac000 	C:\Windows\SYSTEM32\dhcpcsvc.DLL
0x00007ffb1d760000 - 0x00007ffb1d82b000 	C:\Windows\SYSTEM32\DNSAPI.dll
0x00007ffb16800000 - 0x00007ffb1680b000 	C:\Windows\SYSTEM32\WINNSI.DLL

dbghelp: loaded successfully - version: 4.0.5 - missing functions: none
symbol engine: initialized successfully - sym options: 0x614 - pdb path: .;C:\Program Files\Android\Android Studio\jre\bin;C:\Windows\SYSTEM32;C:\Windows\WinSxS\amd64_microsoft.windows.common-controls_6595b64144ccf1df_6.0.18362.1556_none_9e7e372fe45e41d5;C:\Program Files\Android\Android Studio\jre\bin\server;C:\Users\Admin\.gradle\native\fdc75f09e3144964f2cf3f50f0aa648679c211496f362492102eb8c894070792\windows-amd64;C:\Users\Admin\.gradle\native\12488b8bf47d2d4c9fbf2f6322a914ad602e24e48041cd04a747c6da556b65c4\windows-amd64

VM Arguments:
jvm_args: --add-opens=java.base/java.util=ALL-UNNAMED --add-opens=java.base/java.lang=ALL-UNNAMED --add-opens=java.base/java.lang.invoke=ALL-UNNAMED --add-opens=java.prefs/java.util.prefs=ALL-UNNAMED -Xmx2048m -Dfile.encoding=UTF-8 -Duser.country=US -Duser.language=en -Duser.variant 
java_command: org.gradle.launcher.daemon.bootstrap.GradleDaemon 6.7.1
java_class_path (initial): C:\Users\Admin\.gradle\wrapper\dists\gradle-6.7.1-bin\bwlcbys1h7rz3272sye1xwiv6\gradle-6.7.1\lib\gradle-launcher-6.7.1.jar
Launcher Type: SUN_STANDARD

[Global flags]
     intx CICompilerCount                          = 4                                         {product} {ergonomic}
     uint ConcGCThreads                            = 2                                         {product} {ergonomic}
     uint G1ConcRefinementThreads                  = 8                                         {product} {ergonomic}
   size_t G1HeapRegionSize                         = 1048576                                   {product} {ergonomic}
    uintx GCDrainStackTargetSize                   = 64                                        {product} {ergonomic}
   size_t InitialHeapSize                          = 132120576                                 {product} {ergonomic}
   size_t MarkStackSize                            = 4194304                                   {product} {ergonomic}
   size_t MaxHeapSize                              = 2147483648                                {product} {command line}
   size_t MaxNewSize                               = 1287651328                                {product} {ergonomic}
   size_t MinHeapDeltaBytes                        = 1048576                                   {product} {ergonomic}
    uintx NonNMethodCodeHeapSize                   = 5836300                                {pd product} {ergonomic}
    uintx NonProfiledCodeHeapSize                  = 122910970                              {pd product} {ergonomic}
    uintx ProfiledCodeHeapSize                     = 122910970                              {pd product} {ergonomic}
    uintx ReservedCodeCacheSize                    = 251658240                              {pd product} {ergonomic}
     bool SegmentedCodeCache                       = true                                      {product} {ergonomic}
     bool UseCompressedClassPointers               = true                                 {lp64_product} {ergonomic}
     bool UseCompressedOops                        = true                                 {lp64_product} {ergonomic}
     bool UseG1GC                                  = true                                      {product} {ergonomic}
     bool UseLargePagesIndividualAllocation        = false                                  {pd product} {ergonomic}

Logging:
Log output configuration:
 #0: stdout all=warning uptime,level,tags
 #1: stderr all=off uptime,level,tags

Environment Variables:
PATH=C:\Program Files (x86)\Common Files\Oracle\Java\javapath;C:\Windows\system32;C:\Windows;C:\Windows\System32\Wbem;C:\Windows\System32\WindowsPowerShell\v1.0\;C:\Windows\System32\OpenSSH\;C:\Program Files\NVIDIA Corporation\NVIDIA NvDLISR;C:\Program Files\Microsoft SQL Server\Client SDK\ODBC\170\Tools\Binn\;C:\Program Files (x86)\Microsoft SQL Server\150\Tools\Binn\;C:\Program Files\Microsoft SQL Server\150\Tools\Binn\;C:\Program Files\Microsoft SQL Server\150\DTS\Binn\;C:\Program Files (x86)\Microsoft SQL Server\150\DTS\Binn\;C:\Program Files\Azure Data Studio\bin;C:\Program Files\Git\cmd;C:\Program Files\MySQL\MySQL Shell 8.0\bin\;C:\Users\Admin\AppData\Local\Microsoft\WindowsApps;C:\Program Files\Azure Data Studio\bin;C:\Users\Admin\AppData\Local\GitHubDesktop\bin
USERNAME=Admin
OS=Windows_NT
PROCESSOR_IDENTIFIER=Intel64 Family 6 Model 126 Stepping 5, GenuineIntel



---------------  S Y S T E M  ---------------

OS: Windows 10 , 64 bit Build 18362 (10.0.18362.1500)
OS uptime: 0 days 15:08 hours

CPU:total 8 (initial active 8) (4 cores per cpu, 2 threads per core) family 6 model 126 stepping 5, cmov, cx8, fxsr, mmx, sse, sse2, sse3, ssse3, sse4.1, sse4.2, popcnt, avx, avx2, aes, clmul, erms, 3dnowpref, lzcnt, ht, tsc, tscinvbit, bmi1, bmi2, adx, evex, sha, fma

Memory: 4k page, system-wide physical 7959M (230M free)
TotalPageFile size 14103M (AvailPageFile size 0M)
current process WorkingSet (physical memory assigned to process): 242M, peak: 288M
current process commit charge ("private bytes"): 362M, peak: 363M

vm_info: OpenJDK 64-Bit Server VM (11.0.8+10-b944.6842174) for windows-amd64 JRE (11.0.8+10-b944.6842174), built on Sep 19 2020 01:11:42 by "builder" with MS VC++ 14.0 (VS2015)

END.
