#
# There is insufficient memory for the Java Runtime Environment to continue.
# Native memory allocation (malloc) failed to allocate 34416 bytes for Chunk::new
# Possible reasons:
#   The system is out of physical RAM or swap space
#   The process is running with CompressedOops enabled, and the Java Heap may be blocking the growth of the native heap
# Possible solutions:
#   Reduce memory load on the system
#   Increase physical memory or swap space
#   Check if swap backing store is full
#   Decrease Java heap size (-Xmx/-Xms)
#   Decrease number of Java threads
#   Decrease Java thread stack sizes (-Xss)
#   Set larger code cache with -XX:ReservedCodeCacheSize=
#   JVM is running with Unscaled Compressed Oops mode in which the Java heap is
#     placed in the first 4GB address space. The Java Heap base address is the
#     maximum limit for the native heap growth. Please use -XX:HeapBaseMinAddress
#     to set the Java Heap base and to place the Java Heap above 4GB virtual address.
# This output file may be truncated or incomplete.
#
#  Out of Memory Error (./src/hotspot/share/memory/arena.cpp:197), pid=15744, tid=12868
#
# JRE version: OpenJDK Runtime Environment (11.0.8+10) (build 11.0.8+10-b944.6842174)
# Java VM: OpenJDK 64-Bit Server VM (11.0.8+10-b944.6842174, mixed mode, tiered, compressed oops, g1 gc, windows-amd64)
# No core dump will be written. Minidumps are not enabled by default on client versions of Windows
#

---------------  S U M M A R Y ------------

Command Line: org.jetbrains.git4idea.http.GitAskPassApp Username for 'https://github.com': 

Host: Intel(R) Core(TM) i5-1035G1 CPU @ 1.00GHz, 8 cores, 7G,  Windows 10 , 64 bit Build 18362 (10.0.18362.1500)
Time: Mon Sep 20 17:27:18 2021 Sri Lanka Standard Time elapsed time: 0 seconds (0d 0h 0m 0s)

---------------  T H R E A D  ---------------

Current thread (0x000001ef7d6dc000):  JavaThread "C2 CompilerThread0" daemon [_thread_in_native, id=12868, stack(0x0000007df8700000,0x0000007df8800000)]


Current CompileTask:
C2:    816  245       4       java.lang.String::hashCode (49 bytes)

Stack: [0x0000007df8700000,0x0000007df8800000]
Native frames: (J=compiled Java code, j=interpreted, Vv=VM code, C=native code)
V  [jvm.dll+0x5de50a]
V  [jvm.dll+0x7122f5]
V  [jvm.dll+0x71384d]
V  [jvm.dll+0x713f03]
V  [jvm.dll+0x23e728]
V  [jvm.dll+0xb899c]
V  [jvm.dll+0xb8e9c]
V  [jvm.dll+0x2b20e4]
V  [jvm.dll+0x502098]
V  [jvm.dll+0x1f8efd]
V  [jvm.dll+0x1f685f]
V  [jvm.dll+0x17f32c]
V  [jvm.dll+0x205047]
V  [jvm.dll+0x203891]
V  [jvm.dll+0x6dad3f]
V  [jvm.dll+0x6d3895]
V  [jvm.dll+0x5dd4a6]
C  [ucrtbase.dll+0x210b2]
C  [KERNEL32.DLL+0x17c24]
C  [ntdll.dll+0x6d721]


---------------  P R O C E S S  ---------------

Threads class SMR info:
_java_thread_list=0x000001ef7d8455c0, length=10, elements={
0x000001ef71c4d000, 0x000001ef7cd66800, 0x000001ef7cd72800, 0x000001ef7d6d7800,
0x000001ef7d6d9000, 0x000001ef7d6dc000, 0x000001ef7d6e1000, 0x000001ef7cd83000,
0x000001ef7d83e800, 0x000001ef7d849000
}

Java Threads: ( => current thread )
  0x000001ef71c4d000 JavaThread "main" [_thread_in_vm, id=15148, stack(0x0000007df7c00000,0x0000007df7d00000)]
  0x000001ef7cd66800 JavaThread "Reference Handler" daemon [_thread_blocked, id=10700, stack(0x0000007df8300000,0x0000007df8400000)]
  0x000001ef7cd72800 JavaThread "Finalizer" daemon [_thread_blocked, id=8944, stack(0x0000007df8400000,0x0000007df8500000)]
  0x000001ef7d6d7800 JavaThread "Signal Dispatcher" daemon [_thread_blocked, id=15140, stack(0x0000007df8500000,0x0000007df8600000)]
  0x000001ef7d6d9000 JavaThread "Attach Listener" daemon [_thread_blocked, id=5080, stack(0x0000007df8600000,0x0000007df8700000)]
=>0x000001ef7d6dc000 JavaThread "C2 CompilerThread0" daemon [_thread_in_native, id=12868, stack(0x0000007df8700000,0x0000007df8800000)]
  0x000001ef7d6e1000 JavaThread "C1 CompilerThread0" daemon [_thread_blocked, id=17316, stack(0x0000007df8800000,0x0000007df8900000)]
  0x000001ef7cd83000 JavaThread "Sweeper thread" daemon [_thread_blocked, id=8776, stack(0x0000007df8900000,0x0000007df8a00000)]
  0x000001ef7d83e800 JavaThread "Service Thread" daemon [_thread_blocked, id=10488, stack(0x0000007df8a00000,0x0000007df8b00000)]
  0x000001ef7d849000 JavaThread "Common-Cleaner" daemon [_thread_blocked, id=7300, stack(0x0000007df8c00000,0x0000007df8d00000)]

Other Threads:
  0x000001ef7cd64000 VMThread "VM Thread" [stack: 0x0000007df8200000,0x0000007df8300000] [id=16356]
  0x000001ef7d840000 WatcherThread [stack: 0x0000007df8b00000,0x0000007df8c00000] [id=18192]
  0x000001ef71c64800 GCTaskThread "GC Thread#0" [stack: 0x0000007df7d00000,0x0000007df7e00000] [id=8364]
  0x000001ef71c95800 ConcurrentGCThread "G1 Main Marker" [stack: 0x0000007df7e00000,0x0000007df7f00000] [id=6592]
  0x000001ef71c98000 ConcurrentGCThread "G1 Conc#0" [stack: 0x0000007df7f00000,0x0000007df8000000] [id=14064]
  0x000001ef71d1e000 ConcurrentGCThread "G1 Refine#0" [stack: 0x0000007df8000000,0x0000007df8100000] [id=15668]
  0x000001ef7cbaa800 ConcurrentGCThread "G1 Young RemSet Sampling" [stack: 0x0000007df8100000,0x0000007df8200000] [id=13900]

Threads with active compile tasks:
C2 CompilerThread0    960  245       4       java.lang.String::hashCode (49 bytes)

VM state:not at safepoint (normal execution)

VM Mutex/Monitor currently owned by a thread: None

Heap address: 0x0000000083a00000, size: 1990 MB, Compressed Oops mode: 32-bit
Narrow klass base: 0x0000000000000000, Narrow klass shift: 3
Compressed class space size: 1073741824 Address: 0x0000000100000000

Heap:
 garbage-first heap   total 129024K, used 4096K [0x0000000083a00000, 0x0000000100000000)
  region size 1024K, 6 young (6144K), 0 survivors (0K)
 Metaspace       used 7597K, capacity 7673K, committed 7936K, reserved 1056768K
  class space    used 673K, capacity 702K, committed 768K, reserved 1048576K
Heap Regions: E=young(eden), S=young(survivor), O=old, HS=humongous(starts), HC=humongous(continues), CS=collection set, F=free, A=archive, TAMS=top-at-mark-start (previous, next)
|   0|0x0000000083a00000, 0x0000000083a00000, 0x0000000083b00000|  0%| F|  |TAMS 0x0000000083a00000, 0x0000000083a00000| Untracked 
|   1|0x0000000083b00000, 0x0000000083b00000, 0x0000000083c00000|  0%| F|  |TAMS 0x0000000083b00000, 0x0000000083b00000| Untracked 
|   2|0x0000000083c00000, 0x0000000083c00000, 0x0000000083d00000|  0%| F|  |TAMS 0x0000000083c00000, 0x0000000083c00000| Untracked 
|   3|0x0000000083d00000, 0x0000000083d00000, 0x0000000083e00000|  0%| F|  |TAMS 0x0000000083d00000, 0x0000000083d00000| Untracked 
|   4|0x0000000083e00000, 0x0000000083e00000, 0x0000000083f00000|  0%| F|  |TAMS 0x0000000083e00000, 0x0000000083e00000| Untracked 
|   5|0x0000000083f00000, 0x0000000083f00000, 0x0000000084000000|  0%| F|  |TAMS 0x0000000083f00000, 0x0000000083f00000| Untracked 
|   6|0x0000000084000000, 0x0000000084000000, 0x0000000084100000|  0%| F|  |TAMS 0x0000000084000000, 0x0000000084000000| Untracked 
|   7|0x0000000084100000, 0x0000000084100000, 0x0000000084200000|  0%| F|  |TAMS 0x0000000084100000, 0x0000000084100000| Untracked 
|   8|0x0000000084200000, 0x0000000084200000, 0x0000000084300000|  0%| F|  |TAMS 0x0000000084200000, 0x0000000084200000| Untracked 
|   9|0x0000000084300000, 0x0000000084300000, 0x0000000084400000|  0%| F|  |TAMS 0x0000000084300000, 0x0000000084300000| Untracked 
|  10|0x0000000084400000, 0x0000000084400000, 0x0000000084500000|  0%| F|  |TAMS 0x0000000084400000, 0x0000000084400000| Untracked 
|  11|0x0000000084500000, 0x0000000084500000, 0x0000000084600000|  0%| F|  |TAMS 0x0000000084500000, 0x0000000084500000| Untracked 
|  12|0x0000000084600000, 0x0000000084600000, 0x0000000084700000|  0%| F|  |TAMS 0x0000000084600000, 0x0000000084600000| Untracked 
|  13|0x0000000084700000, 0x0000000084700000, 0x0000000084800000|  0%| F|  |TAMS 0x0000000084700000, 0x0000000084700000| Untracked 
|  14|0x0000000084800000, 0x0000000084800000, 0x0000000084900000|  0%| F|  |TAMS 0x0000000084800000, 0x0000000084800000| Untracked 
|  15|0x0000000084900000, 0x0000000084900000, 0x0000000084a00000|  0%| F|  |TAMS 0x0000000084900000, 0x0000000084900000| Untracked 
|  16|0x0000000084a00000, 0x0000000084a00000, 0x0000000084b00000|  0%| F|  |TAMS 0x0000000084a00000, 0x0000000084a00000| Untracked 
|  17|0x0000000084b00000, 0x0000000084b00000, 0x0000000084c00000|  0%| F|  |TAMS 0x0000000084b00000, 0x0000000084b00000| Untracked 
|  18|0x0000000084c00000, 0x0000000084c00000, 0x0000000084d00000|  0%| F|  |TAMS 0x0000000084c00000, 0x0000000084c00000| Untracked 
|  19|0x0000000084d00000, 0x0000000084d00000, 0x0000000084e00000|  0%| F|  |TAMS 0x0000000084d00000, 0x0000000084d00000| Untracked 
|  20|0x0000000084e00000, 0x0000000084e00000, 0x0000000084f00000|  0%| F|  |TAMS 0x0000000084e00000, 0x0000000084e00000| Untracked 
|  21|0x0000000084f00000, 0x0000000084f00000, 0x0000000085000000|  0%| F|  |TAMS 0x0000000084f00000, 0x0000000084f00000| Untracked 
|  22|0x0000000085000000, 0x0000000085000000, 0x0000000085100000|  0%| F|  |TAMS 0x0000000085000000, 0x0000000085000000| Untracked 
|  23|0x0000000085100000, 0x0000000085100000, 0x0000000085200000|  0%| F|  |TAMS 0x0000000085100000, 0x0000000085100000| Untracked 
|  24|0x0000000085200000, 0x0000000085200000, 0x0000000085300000|  0%| F|  |TAMS 0x0000000085200000, 0x0000000085200000| Untracked 
|  25|0x0000000085300000, 0x0000000085300000, 0x0000000085400000|  0%| F|  |TAMS 0x0000000085300000, 0x0000000085300000| Untracked 
|  26|0x0000000085400000, 0x0000000085400000, 0x0000000085500000|  0%| F|  |TAMS 0x0000000085400000, 0x0000000085400000| Untracked 
|  27|0x0000000085500000, 0x0000000085500000, 0x0000000085600000|  0%| F|  |TAMS 0x0000000085500000, 0x0000000085500000| Untracked 
|  28|0x0000000085600000, 0x0000000085600000, 0x0000000085700000|  0%| F|  |TAMS 0x0000000085600000, 0x0000000085600000| Untracked 
|  29|0x0000000085700000, 0x0000000085700000, 0x0000000085800000|  0%| F|  |TAMS 0x0000000085700000, 0x0000000085700000| Untracked 
|  30|0x0000000085800000, 0x0000000085800000, 0x0000000085900000|  0%| F|  |TAMS 0x0000000085800000, 0x0000000085800000| Untracked 
|  31|0x0000000085900000, 0x0000000085900000, 0x0000000085a00000|  0%| F|  |TAMS 0x0000000085900000, 0x0000000085900000| Untracked 
|  32|0x0000000085a00000, 0x0000000085a00000, 0x0000000085b00000|  0%| F|  |TAMS 0x0000000085a00000, 0x0000000085a00000| Untracked 
|  33|0x0000000085b00000, 0x0000000085b00000, 0x0000000085c00000|  0%| F|  |TAMS 0x0000000085b00000, 0x0000000085b00000| Untracked 
|  34|0x0000000085c00000, 0x0000000085c00000, 0x0000000085d00000|  0%| F|  |TAMS 0x0000000085c00000, 0x0000000085c00000| Untracked 
|  35|0x0000000085d00000, 0x0000000085d00000, 0x0000000085e00000|  0%| F|  |TAMS 0x0000000085d00000, 0x0000000085d00000| Untracked 
|  36|0x0000000085e00000, 0x0000000085e00000, 0x0000000085f00000|  0%| F|  |TAMS 0x0000000085e00000, 0x0000000085e00000| Untracked 
|  37|0x0000000085f00000, 0x0000000085f00000, 0x0000000086000000|  0%| F|  |TAMS 0x0000000085f00000, 0x0000000085f00000| Untracked 
|  38|0x0000000086000000, 0x0000000086000000, 0x0000000086100000|  0%| F|  |TAMS 0x0000000086000000, 0x0000000086000000| Untracked 
|  39|0x0000000086100000, 0x0000000086100000, 0x0000000086200000|  0%| F|  |TAMS 0x0000000086100000, 0x0000000086100000| Untracked 
|  40|0x0000000086200000, 0x0000000086200000, 0x0000000086300000|  0%| F|  |TAMS 0x0000000086200000, 0x0000000086200000| Untracked 
|  41|0x0000000086300000, 0x0000000086300000, 0x0000000086400000|  0%| F|  |TAMS 0x0000000086300000, 0x0000000086300000| Untracked 
|  42|0x0000000086400000, 0x0000000086400000, 0x0000000086500000|  0%| F|  |TAMS 0x0000000086400000, 0x0000000086400000| Untracked 
|  43|0x0000000086500000, 0x0000000086500000, 0x0000000086600000|  0%| F|  |TAMS 0x0000000086500000, 0x0000000086500000| Untracked 
|  44|0x0000000086600000, 0x0000000086600000, 0x0000000086700000|  0%| F|  |TAMS 0x0000000086600000, 0x0000000086600000| Untracked 
|  45|0x0000000086700000, 0x0000000086700000, 0x0000000086800000|  0%| F|  |TAMS 0x0000000086700000, 0x0000000086700000| Untracked 
|  46|0x0000000086800000, 0x0000000086800000, 0x0000000086900000|  0%| F|  |TAMS 0x0000000086800000, 0x0000000086800000| Untracked 
|  47|0x0000000086900000, 0x0000000086900000, 0x0000000086a00000|  0%| F|  |TAMS 0x0000000086900000, 0x0000000086900000| Untracked 
|  48|0x0000000086a00000, 0x0000000086a00000, 0x0000000086b00000|  0%| F|  |TAMS 0x0000000086a00000, 0x0000000086a00000| Untracked 
|  49|0x0000000086b00000, 0x0000000086b00000, 0x0000000086c00000|  0%| F|  |TAMS 0x0000000086b00000, 0x0000000086b00000| Untracked 
|  50|0x0000000086c00000, 0x0000000086c00000, 0x0000000086d00000|  0%| F|  |TAMS 0x0000000086c00000, 0x0000000086c00000| Untracked 
|  51|0x0000000086d00000, 0x0000000086d00000, 0x0000000086e00000|  0%| F|  |TAMS 0x0000000086d00000, 0x0000000086d00000| Untracked 
|  52|0x0000000086e00000, 0x0000000086e00000, 0x0000000086f00000|  0%| F|  |TAMS 0x0000000086e00000, 0x0000000086e00000| Untracked 
|  53|0x0000000086f00000, 0x0000000086f00000, 0x0000000087000000|  0%| F|  |TAMS 0x0000000086f00000, 0x0000000086f00000| Untracked 
|  54|0x0000000087000000, 0x0000000087000000, 0x0000000087100000|  0%| F|  |TAMS 0x0000000087000000, 0x0000000087000000| Untracked 
|  55|0x0000000087100000, 0x0000000087100000, 0x0000000087200000|  0%| F|  |TAMS 0x0000000087100000, 0x0000000087100000| Untracked 
|  56|0x0000000087200000, 0x0000000087200000, 0x0000000087300000|  0%| F|  |TAMS 0x0000000087200000, 0x0000000087200000| Untracked 
|  57|0x0000000087300000, 0x0000000087300000, 0x0000000087400000|  0%| F|  |TAMS 0x0000000087300000, 0x0000000087300000| Untracked 
|  58|0x0000000087400000, 0x0000000087400000, 0x0000000087500000|  0%| F|  |TAMS 0x0000000087400000, 0x0000000087400000| Untracked 
|  59|0x0000000087500000, 0x0000000087500000, 0x0000000087600000|  0%| F|  |TAMS 0x0000000087500000, 0x0000000087500000| Untracked 
|  60|0x0000000087600000, 0x0000000087600000, 0x0000000087700000|  0%| F|  |TAMS 0x0000000087600000, 0x0000000087600000| Untracked 
|  61|0x0000000087700000, 0x0000000087700000, 0x0000000087800000|  0%| F|  |TAMS 0x0000000087700000, 0x0000000087700000| Untracked 
|  62|0x0000000087800000, 0x0000000087800000, 0x0000000087900000|  0%| F|  |TAMS 0x0000000087800000, 0x0000000087800000| Untracked 
|  63|0x0000000087900000, 0x0000000087900000, 0x0000000087a00000|  0%| F|  |TAMS 0x0000000087900000, 0x0000000087900000| Untracked 
|  64|0x0000000087a00000, 0x0000000087a00000, 0x0000000087b00000|  0%| F|  |TAMS 0x0000000087a00000, 0x0000000087a00000| Untracked 
|  65|0x0000000087b00000, 0x0000000087b00000, 0x0000000087c00000|  0%| F|  |TAMS 0x0000000087b00000, 0x0000000087b00000| Untracked 
|  66|0x0000000087c00000, 0x0000000087c00000, 0x0000000087d00000|  0%| F|  |TAMS 0x0000000087c00000, 0x0000000087c00000| Untracked 
|  67|0x0000000087d00000, 0x0000000087d00000, 0x0000000087e00000|  0%| F|  |TAMS 0x0000000087d00000, 0x0000000087d00000| Untracked 
|  68|0x0000000087e00000, 0x0000000087e00000, 0x0000000087f00000|  0%| F|  |TAMS 0x0000000087e00000, 0x0000000087e00000| Untracked 
|  69|0x0000000087f00000, 0x0000000087f00000, 0x0000000088000000|  0%| F|  |TAMS 0x0000000087f00000, 0x0000000087f00000| Untracked 
|  70|0x0000000088000000, 0x0000000088000000, 0x0000000088100000|  0%| F|  |TAMS 0x0000000088000000, 0x0000000088000000| Untracked 
|  71|0x0000000088100000, 0x0000000088100000, 0x0000000088200000|  0%| F|  |TAMS 0x0000000088100000, 0x0000000088100000| Untracked 
|  72|0x0000000088200000, 0x0000000088200000, 0x0000000088300000|  0%| F|  |TAMS 0x0000000088200000, 0x0000000088200000| Untracked 
|  73|0x0000000088300000, 0x0000000088300000, 0x0000000088400000|  0%| F|  |TAMS 0x0000000088300000, 0x0000000088300000| Untracked 
|  74|0x0000000088400000, 0x0000000088400000, 0x0000000088500000|  0%| F|  |TAMS 0x0000000088400000, 0x0000000088400000| Untracked 
|  75|0x0000000088500000, 0x0000000088500000, 0x0000000088600000|  0%| F|  |TAMS 0x0000000088500000, 0x0000000088500000| Untracked 
|  76|0x0000000088600000, 0x0000000088600000, 0x0000000088700000|  0%| F|  |TAMS 0x0000000088600000, 0x0000000088600000| Untracked 
|  77|0x0000000088700000, 0x0000000088700000, 0x0000000088800000|  0%| F|  |TAMS 0x0000000088700000, 0x0000000088700000| Untracked 
|  78|0x0000000088800000, 0x0000000088800000, 0x0000000088900000|  0%| F|  |TAMS 0x0000000088800000, 0x0000000088800000| Untracked 
|  79|0x0000000088900000, 0x0000000088900000, 0x0000000088a00000|  0%| F|  |TAMS 0x0000000088900000, 0x0000000088900000| Untracked 
|  80|0x0000000088a00000, 0x0000000088a00000, 0x0000000088b00000|  0%| F|  |TAMS 0x0000000088a00000, 0x0000000088a00000| Untracked 
|  81|0x0000000088b00000, 0x0000000088b00000, 0x0000000088c00000|  0%| F|  |TAMS 0x0000000088b00000, 0x0000000088b00000| Untracked 
|  82|0x0000000088c00000, 0x0000000088c00000, 0x0000000088d00000|  0%| F|  |TAMS 0x0000000088c00000, 0x0000000088c00000| Untracked 
|  83|0x0000000088d00000, 0x0000000088d00000, 0x0000000088e00000|  0%| F|  |TAMS 0x0000000088d00000, 0x0000000088d00000| Untracked 
|  84|0x0000000088e00000, 0x0000000088e00000, 0x0000000088f00000|  0%| F|  |TAMS 0x0000000088e00000, 0x0000000088e00000| Untracked 
|  85|0x0000000088f00000, 0x0000000088f00000, 0x0000000089000000|  0%| F|  |TAMS 0x0000000088f00000, 0x0000000088f00000| Untracked 
|  86|0x0000000089000000, 0x0000000089000000, 0x0000000089100000|  0%| F|  |TAMS 0x0000000089000000, 0x0000000089000000| Untracked 
|  87|0x0000000089100000, 0x0000000089100000, 0x0000000089200000|  0%| F|  |TAMS 0x0000000089100000, 0x0000000089100000| Untracked 
|  88|0x0000000089200000, 0x0000000089200000, 0x0000000089300000|  0%| F|  |TAMS 0x0000000089200000, 0x0000000089200000| Untracked 
|  89|0x0000000089300000, 0x0000000089300000, 0x0000000089400000|  0%| F|  |TAMS 0x0000000089300000, 0x0000000089300000| Untracked 
|  90|0x0000000089400000, 0x0000000089400000, 0x0000000089500000|  0%| F|  |TAMS 0x0000000089400000, 0x0000000089400000| Untracked 
|  91|0x0000000089500000, 0x0000000089500000, 0x0000000089600000|  0%| F|  |TAMS 0x0000000089500000, 0x0000000089500000| Untracked 
|  92|0x0000000089600000, 0x0000000089600000, 0x0000000089700000|  0%| F|  |TAMS 0x0000000089600000, 0x0000000089600000| Untracked 
|  93|0x0000000089700000, 0x0000000089700000, 0x0000000089800000|  0%| F|  |TAMS 0x0000000089700000, 0x0000000089700000| Untracked 
|  94|0x0000000089800000, 0x0000000089800000, 0x0000000089900000|  0%| F|  |TAMS 0x0000000089800000, 0x0000000089800000| Untracked 
|  95|0x0000000089900000, 0x0000000089900000, 0x0000000089a00000|  0%| F|  |TAMS 0x0000000089900000, 0x0000000089900000| Untracked 
|  96|0x0000000089a00000, 0x0000000089a00000, 0x0000000089b00000|  0%| F|  |TAMS 0x0000000089a00000, 0x0000000089a00000| Untracked 
|  97|0x0000000089b00000, 0x0000000089b00000, 0x0000000089c00000|  0%| F|  |TAMS 0x0000000089b00000, 0x0000000089b00000| Untracked 
|  98|0x0000000089c00000, 0x0000000089c00000, 0x0000000089d00000|  0%| F|  |TAMS 0x0000000089c00000, 0x0000000089c00000| Untracked 
|  99|0x0000000089d00000, 0x0000000089d00000, 0x0000000089e00000|  0%| F|  |TAMS 0x0000000089d00000, 0x0000000089d00000| Untracked 
| 100|0x0000000089e00000, 0x0000000089e00000, 0x0000000089f00000|  0%| F|  |TAMS 0x0000000089e00000, 0x0000000089e00000| Untracked 
| 101|0x0000000089f00000, 0x0000000089f00000, 0x000000008a000000|  0%| F|  |TAMS 0x0000000089f00000, 0x0000000089f00000| Untracked 
| 102|0x000000008a000000, 0x000000008a000000, 0x000000008a100000|  0%| F|  |TAMS 0x000000008a000000, 0x000000008a000000| Untracked 
| 103|0x000000008a100000, 0x000000008a100000, 0x000000008a200000|  0%| F|  |TAMS 0x000000008a100000, 0x000000008a100000| Untracked 
| 104|0x000000008a200000, 0x000000008a200000, 0x000000008a300000|  0%| F|  |TAMS 0x000000008a200000, 0x000000008a200000| Untracked 
| 105|0x000000008a300000, 0x000000008a300000, 0x000000008a400000|  0%| F|  |TAMS 0x000000008a300000, 0x000000008a300000| Untracked 
| 106|0x000000008a400000, 0x000000008a400000, 0x000000008a500000|  0%| F|  |TAMS 0x000000008a400000, 0x000000008a400000| Untracked 
| 107|0x000000008a500000, 0x000000008a500000, 0x000000008a600000|  0%| F|  |TAMS 0x000000008a500000, 0x000000008a500000| Untracked 
| 108|0x000000008a600000, 0x000000008a600000, 0x000000008a700000|  0%| F|  |TAMS 0x000000008a600000, 0x000000008a600000| Untracked 
| 109|0x000000008a700000, 0x000000008a700000, 0x000000008a800000|  0%| F|  |TAMS 0x000000008a700000, 0x000000008a700000| Untracked 
| 110|0x000000008a800000, 0x000000008a800000, 0x000000008a900000|  0%| F|  |TAMS 0x000000008a800000, 0x000000008a800000| Untracked 
| 111|0x000000008a900000, 0x000000008a900000, 0x000000008aa00000|  0%| F|  |TAMS 0x000000008a900000, 0x000000008a900000| Untracked 
| 112|0x000000008aa00000, 0x000000008aa00000, 0x000000008ab00000|  0%| F|  |TAMS 0x000000008aa00000, 0x000000008aa00000| Untracked 
| 113|0x000000008ab00000, 0x000000008ab00000, 0x000000008ac00000|  0%| F|  |TAMS 0x000000008ab00000, 0x000000008ab00000| Untracked 
| 114|0x000000008ac00000, 0x000000008ac00000, 0x000000008ad00000|  0%| F|  |TAMS 0x000000008ac00000, 0x000000008ac00000| Untracked 
| 115|0x000000008ad00000, 0x000000008ad00000, 0x000000008ae00000|  0%| F|  |TAMS 0x000000008ad00000, 0x000000008ad00000| Untracked 
| 116|0x000000008ae00000, 0x000000008ae00000, 0x000000008af00000|  0%| F|  |TAMS 0x000000008ae00000, 0x000000008ae00000| Untracked 
| 117|0x000000008af00000, 0x000000008af00000, 0x000000008b000000|  0%| F|  |TAMS 0x000000008af00000, 0x000000008af00000| Untracked 
| 118|0x000000008b000000, 0x000000008b000000, 0x000000008b100000|  0%| F|  |TAMS 0x000000008b000000, 0x000000008b000000| Untracked 
| 119|0x000000008b100000, 0x000000008b100000, 0x000000008b200000|  0%| F|  |TAMS 0x000000008b100000, 0x000000008b100000| Untracked 
| 120|0x000000008b200000, 0x000000008b27b628, 0x000000008b300000| 48%| E|  |TAMS 0x000000008b200000, 0x000000008b200000| Complete 
| 121|0x000000008b300000, 0x000000008b400000, 0x000000008b400000|100%| E|CS|TAMS 0x000000008b300000, 0x000000008b300000| Complete 
| 122|0x000000008b400000, 0x000000008b500000, 0x000000008b500000|100%| E|CS|TAMS 0x000000008b400000, 0x000000008b400000| Complete 
| 123|0x000000008b500000, 0x000000008b5ffd48, 0x000000008b600000| 99%| E|  |TAMS 0x000000008b500000, 0x000000008b500000| Complete 
| 124|0x000000008b600000, 0x000000008b700000, 0x000000008b700000|100%| E|CS|TAMS 0x000000008b600000, 0x000000008b600000| Complete 
| 125|0x000000008b700000, 0x000000008b800000, 0x000000008b800000|100%| E|CS|TAMS 0x000000008b700000, 0x000000008b700000| Complete 

Card table byte_map: [0x000001ef75ce0000,0x000001ef760d0000] _byte_map_base: 0x000001ef758c3000

Marking Bits (Prev, Next): (CMBitMap*) 0x000001ef71c8d178, (CMBitMap*) 0x000001ef71c8d1b0
 Prev Bits: [0x000001ef764c0000, 0x000001ef783d8000)
 Next Bits: [0x000001ef783e0000, 0x000001ef7a2f8000)

Polling page: 0x000001ef6fae0000

Metaspace:

Usage:
  Non-class:      6.87 MB capacity,     6.80 MB (>99%) used,    63.65 KB ( <1%) free+waste,     4.88 KB ( <1%) overhead. 
      Class:    702.00 KB capacity,   679.26 KB ( 97%) used,    20.80 KB (  3%) free+waste,     1.94 KB ( <1%) overhead. 
       Both:      7.56 MB capacity,     7.47 MB ( 99%) used,    84.45 KB (  1%) free+waste,     6.81 KB ( <1%) overhead. 

Virtual space:
  Non-class space:        8.00 MB reserved,       7.00 MB ( 88%) committed 
      Class space:        1.00 GB reserved,     768.00 KB ( <1%) committed 
             Both:        1.01 GB reserved,       7.75 MB ( <1%) committed 

Chunk freelists:
   Non-Class:  5.00 KB
       Class:  2.00 KB
        Both:  7.00 KB

MaxMetaspaceSize: 17179869184.00 GB
CompressedClassSpaceSize: 1.00 GB

CodeHeap 'non-profiled nmethods': size=120000Kb used=63Kb max_used=63Kb free=119936Kb
 bounds [0x000001ef07ad0000, 0x000001ef07d40000, 0x000001ef0f000000]
CodeHeap 'profiled nmethods': size=120000Kb used=433Kb max_used=433Kb free=119566Kb
 bounds [0x000001ef005a0000, 0x000001ef00810000, 0x000001ef07ad0000]
CodeHeap 'non-nmethods': size=5760Kb used=1071Kb max_used=1075Kb free=4688Kb
 bounds [0x000001ef00000000, 0x000001ef00270000, 0x000001ef005a0000]
 total_blobs=650 nmethods=292 adapters=270
 compilation: enabled
              stopped_count=0, restarted_count=0
 full_count=0

Compilation events (20 events):
Event: 0.784 Thread 0x000001ef7d6dc000 nmethod 229 0x000001ef07adc590 code [0x000001ef07adc720, 0x000001ef07adc778]
Event: 0.785 Thread 0x000001ef7d6e1000 nmethod 228 0x000001ef005ec910 code [0x000001ef005ecb00, 0x000001ef005ecdd8]
Event: 0.785 Thread 0x000001ef7d6e1000  224       1       sun.util.locale.LanguageTag::getLanguage (5 bytes)
Event: 0.785 Thread 0x000001ef7d6e1000 nmethod 224 0x000001ef07adc810 code [0x000001ef07adc9c0, 0x000001ef07adca78]
Event: 0.785 Thread 0x000001ef7d6e1000  225       1       sun.util.locale.LanguageTag::getScript (5 bytes)
Event: 0.785 Thread 0x000001ef7d6e1000 nmethod 225 0x000001ef07adcb10 code [0x000001ef07adccc0, 0x000001ef07adcd78]
Event: 0.785 Thread 0x000001ef7d6e1000  226       1       sun.util.locale.LanguageTag::getRegion (5 bytes)
Event: 0.785 Thread 0x000001ef7d6e1000 nmethod 226 0x000001ef07adce10 code [0x000001ef07adcfc0, 0x000001ef07add078]
Event: 0.785 Thread 0x000001ef7d6e1000  230       3       sun.util.locale.LocaleUtils::isEmpty (19 bytes)
Event: 0.785 Thread 0x000001ef7d6dc000  231       4       java.util.Collections::emptyList (4 bytes)
Event: 0.785 Thread 0x000001ef7d6e1000 nmethod 230 0x000001ef005ecf90 code [0x000001ef005ed160, 0x000001ef005ed388]
Event: 0.785 Thread 0x000001ef7d6e1000  232       3       sun.util.locale.StringTokenIterator::nextDelimiter (116 bytes)
Event: 0.785 Thread 0x000001ef7d6dc000 nmethod 231 0x000001ef07add110 code [0x000001ef07add2a0, 0x000001ef07add2f8]
Event: 0.787 Thread 0x000001ef7d6e1000 nmethod 232 0x000001ef005ed490 code [0x000001ef005ed7e0, 0x000001ef005eebf8]
Event: 0.787 Thread 0x000001ef7d6e1000  236       3       sun.util.locale.LocaleUtils::toLowerString (95 bytes)
Event: 0.789 Thread 0x000001ef7d6e1000 nmethod 236 0x000001ef005ef490 code [0x000001ef005ef780, 0x000001ef005f0988]
Event: 0.789 Thread 0x000001ef7d6e1000  243       3       sun.util.locale.BaseLocale$Key::hashCode (178 bytes)
Event: 0.790 Thread 0x000001ef7d6dc000  245       4       java.lang.String::hashCode (49 bytes)
Event: 0.791 Thread 0x000001ef7d6e1000 nmethod 243 0x000001ef005f1090 code [0x000001ef005f14c0, 0x000001ef005f3538]
Event: 0.791 Thread 0x000001ef7d6e1000  235       3       sun.util.locale.LocaleUtils::isAlphaString (33 bytes)

GC Heap History (0 events):
No events

Deoptimization events (4 events):
Event: 0.190 Thread 0x000001ef71c4d000 Uncommon trap: trap_request=0xffffff4d fr.pc=0x000001ef07ad3e7c relative=0x00000000000001dc
Event: 0.190 Thread 0x000001ef71c4d000 Uncommon trap: reason=unstable_if action=reinterpret pc=0x000001ef07ad3e7c method=java.lang.String.hashCode()I @ 14 c2
Event: 0.190 Thread 0x000001ef71c4d000 DEOPT PACKING pc=0x000001ef07ad3e7c sp=0x0000007df7cfd8b0
Event: 0.190 Thread 0x000001ef71c4d000 DEOPT UNPACKING pc=0x000001ef0000822f sp=0x0000007df7cfd848 mode 2

Classes redefined (0 events):
No events

Internal exceptions (0 events):
No events

Events (20 events):
Event: 0.778 loading class java/util/spi/TimeZoneNameProvider
Event: 0.778 loading class java/util/spi/TimeZoneNameProvider done
Event: 0.779 loading class sun/util/locale/provider/CalendarDataUtility$CalendarWeekParameterGetter
Event: 0.779 loading class sun/util/locale/provider/LocaleServiceProviderPool$LocalizedObjectGetter
Event: 0.779 loading class sun/util/locale/provider/LocaleServiceProviderPool$LocalizedObjectGetter done
Event: 0.779 loading class sun/util/locale/provider/CalendarDataUtility$CalendarWeekParameterGetter done
Event: 0.779 loading class java/util/ResourceBundle$NoFallbackControl
Event: 0.779 loading class java/util/ResourceBundle$SingleFormatControl
Event: 0.779 loading class java/util/ResourceBundle$SingleFormatControl done
Event: 0.779 loading class java/util/ResourceBundle$NoFallbackControl done
Event: 0.779 loading class java/util/LinkedList
Event: 0.779 loading class java/util/AbstractSequentialList
Event: 0.779 loading class java/util/AbstractSequentialList done
Event: 0.779 loading class java/util/LinkedList done
Event: 0.779 loading class java/util/LinkedList$Node
Event: 0.779 loading class java/util/LinkedList$Node done
Event: 0.780 loading class sun/util/cldr/CLDRCalendarDataProviderImpl
Event: 0.780 loading class sun/util/locale/provider/CalendarDataProviderImpl
Event: 0.780 loading class sun/util/locale/provider/CalendarDataProviderImpl done
Event: 0.780 loading class sun/util/cldr/CLDRCalendarDataProviderImpl done


Dynamic libraries:
0x00007ff77fca0000 - 0x00007ff77fcaa000 	C:\Program Files\Android\Android Studio\jre\bin\java.exe
0x00007ff8a14a0000 - 0x00007ff8a1690000 	C:\Windows\SYSTEM32\ntdll.dll
0x00007ff8a0a10000 - 0x00007ff8a0ac2000 	C:\Windows\System32\KERNEL32.DLL
0x00007ff89ef70000 - 0x00007ff89f215000 	C:\Windows\System32\KERNELBASE.dll
0x00007ff89f2b0000 - 0x00007ff89f3aa000 	C:\Windows\System32\ucrtbase.dll
0x00007ff88ee90000 - 0x00007ff88eea9000 	C:\Program Files\Android\Android Studio\jre\bin\jli.dll
0x00007ff88ede0000 - 0x00007ff88edf7000 	C:\Program Files\Android\Android Studio\jre\bin\VCRUNTIME140.dll
0x00007ff8a12c0000 - 0x00007ff8a1454000 	C:\Windows\System32\USER32.dll
0x00007ff89ed70000 - 0x00007ff89ed91000 	C:\Windows\System32\win32u.dll
0x00007ff89f550000 - 0x00007ff89f576000 	C:\Windows\System32\GDI32.dll
0x00007ff87f990000 - 0x00007ff87fc14000 	C:\Windows\WinSxS\amd64_microsoft.windows.common-controls_6595b64144ccf1df_6.0.18362.1556_none_9e7e372fe45e41d5\COMCTL32.dll
0x00007ff89f3b0000 - 0x00007ff89f548000 	C:\Windows\System32\gdi32full.dll
0x00007ff8a0ca0000 - 0x00007ff8a0d3e000 	C:\Windows\System32\msvcrt.dll
0x00007ff89e410000 - 0x00007ff89e4ae000 	C:\Windows\System32\msvcp_win.dll
0x00007ff89fae0000 - 0x00007ff89fe16000 	C:\Windows\System32\combase.dll
0x00007ff8a0580000 - 0x00007ff8a069f000 	C:\Windows\System32\RPCRT4.dll
0x00007ff89f220000 - 0x00007ff89f2a1000 	C:\Windows\System32\bcryptPrimitives.dll
0x00007ff8a0ed0000 - 0x00007ff8a0efe000 	C:\Windows\System32\IMM32.DLL
0x00007ff869800000 - 0x00007ff86989d000 	C:\Program Files\Android\Android Studio\jre\bin\msvcp140.dll
0x00007ff831900000 - 0x00007ff8323bc000 	C:\Program Files\Android\Android Studio\jre\bin\server\jvm.dll
0x00007ff8a1140000 - 0x00007ff8a11e3000 	C:\Windows\System32\ADVAPI32.dll
0x00007ff8a0f00000 - 0x00007ff8a0f97000 	C:\Windows\System32\sechost.dll
0x00007ff89f9f0000 - 0x00007ff89f9f8000 	C:\Windows\System32\PSAPI.DLL
0x00007ff89bcf0000 - 0x00007ff89bd14000 	C:\Windows\SYSTEM32\WINMM.dll
0x00007ff8943d0000 - 0x00007ff8943da000 	C:\Windows\SYSTEM32\VERSION.dll
0x00007ff89bbc0000 - 0x00007ff89bbed000 	C:\Windows\SYSTEM32\WINMMBASE.dll
0x00007ff89ef00000 - 0x00007ff89ef4a000 	C:\Windows\System32\cfgmgr32.dll
0x00007ff8926c0000 - 0x00007ff8926c9000 	C:\Windows\SYSTEM32\WSOCK32.dll
0x00007ff89fa00000 - 0x00007ff89fa6f000 	C:\Windows\System32\WS2_32.dll
0x00007ff89e360000 - 0x00007ff89e371000 	C:\Windows\System32\kernel.appcore.dll
0x00007ff8887e0000 - 0x00007ff8887f1000 	C:\Program Files\Android\Android Studio\jre\bin\verify.dll
0x00007ff89cc40000 - 0x00007ff89ce34000 	C:\Windows\SYSTEM32\DBGHELP.DLL
0x00007ff880cc0000 - 0x00007ff880cea000 	C:\Windows\SYSTEM32\dbgcore.DLL
0x00007ff86d9f0000 - 0x00007ff86da19000 	C:\Program Files\Android\Android Studio\jre\bin\java.dll
0x00007ff895a70000 - 0x00007ff895a7b000 	C:\Program Files\Android\Android Studio\jre\bin\jimage.dll
0x00007ff888030000 - 0x00007ff888048000 	C:\Program Files\Android\Android Studio\jre\bin\zip.dll
0x00007ff89fe90000 - 0x00007ff8a0577000 	C:\Windows\System32\SHELL32.dll
0x00007ff8a11f0000 - 0x00007ff8a1298000 	C:\Windows\System32\shcore.dll
0x00007ff89e560000 - 0x00007ff89ecdb000 	C:\Windows\System32\windows.storage.dll
0x00007ff89e3f0000 - 0x00007ff89e40e000 	C:\Windows\System32\profapi.dll
0x00007ff89e3a0000 - 0x00007ff89e3ea000 	C:\Windows\System32\powrprof.dll
0x00007ff89e350000 - 0x00007ff89e360000 	C:\Windows\System32\UMPDC.dll
0x00007ff89fe20000 - 0x00007ff89fe72000 	C:\Windows\System32\shlwapi.dll
0x00007ff89ef50000 - 0x00007ff89ef67000 	C:\Windows\System32\cryptsp.dll
0x00007ff8879c0000 - 0x00007ff8879da000 	C:\Program Files\Android\Android Studio\jre\bin\net.dll
0x00007ff8943e0000 - 0x00007ff8944da000 	C:\Windows\SYSTEM32\WINHTTP.dll
0x00007ff89db30000 - 0x00007ff89db97000 	C:\Windows\system32\mswsock.dll
0x00007ff8873b0000 - 0x00007ff8873c4000 	C:\Program Files\Android\Android Studio\jre\bin\nio.dll

dbghelp: loaded successfully - version: 4.0.5 - missing functions: none
symbol engine: initialized successfully - sym options: 0x614 - pdb path: .;C:\Program Files\Android\Android Studio\jre\bin;C:\Windows\SYSTEM32;C:\Windows\WinSxS\amd64_microsoft.windows.common-controls_6595b64144ccf1df_6.0.18362.1556_none_9e7e372fe45e41d5;C:\Program Files\Android\Android Studio\jre\bin\server

VM Arguments:
java_command: org.jetbrains.git4idea.http.GitAskPassApp Username for 'https://github.com': 
java_class_path (initial): C:/Program Files/Android/Android Studio/plugins/git4idea/lib/git4idea-rt.jar;C:/Program Files/Android/Android Studio/lib/xmlrpc-2.0.1.jar;C:/Program Files/Android/Android Studio/lib/commons-codec-1.14.jar
Launcher Type: SUN_STANDARD

[Global flags]
     intx CICompilerCount                          = 4                                         {product} {ergonomic}
     uint ConcGCThreads                            = 2                                         {product} {ergonomic}
     uint G1ConcRefinementThreads                  = 8                                         {product} {ergonomic}
   size_t G1HeapRegionSize                         = 1048576                                   {product} {ergonomic}
    uintx GCDrainStackTargetSize                   = 64                                        {product} {ergonomic}
   size_t InitialHeapSize                          = 132120576                                 {product} {ergonomic}
   size_t MarkStackSize                            = 4194304                                   {product} {ergonomic}
   size_t MaxHeapSize                              = 2086666240                                {product} {ergonomic}
   size_t MaxNewSize                               = 1251999744                                {product} {ergonomic}
   size_t MinHeapDeltaBytes                        = 1048576                                   {product} {ergonomic}
    uintx NonNMethodCodeHeapSize                   = 5836300                                {pd product} {ergonomic}
    uintx NonProfiledCodeHeapSize                  = 122910970                              {pd product} {ergonomic}
    uintx ProfiledCodeHeapSize                     = 122910970                              {pd product} {ergonomic}
    uintx ReservedCodeCacheSize                    = 251658240                              {pd product} {ergonomic}
     bool SegmentedCodeCache                       = true                                      {product} {ergonomic}
     bool UseCompressedClassPointers               = true                                 {lp64_product} {ergonomic}
     bool UseCompressedOops                        = true                                 {lp64_product} {ergonomic}
     bool UseG1GC                                  = true                                      {product} {ergonomic}
     bool UseLargePagesIndividualAllocation        = false                                  {pd product} {ergonomic}

Logging:
Log output configuration:
 #0: stdout all=warning uptime,level,tags
 #1: stderr all=off uptime,level,tags

Environment Variables:
PATH=C:/Program Files/Git/mingw64/libexec/git-core;C:/Program Files/Git/mingw64/libexec/git-core;C:\Program Files\Git\mingw64\bin;C:\Program Files\Git\usr\bin;C:\Users\Admin\bin;C:\Program Files (x86)\Common Files\Oracle\Java\javapath;C:\Windows\system32;C:\Windows;C:\Windows\System32\Wbem;C:\Windows\System32\WindowsPowerShell\v1.0\;C:\Windows\System32\OpenSSH\;C:\Program Files\NVIDIA Corporation\NVIDIA NvDLISR;C:\Program Files\Microsoft SQL Server\Client SDK\ODBC\170\Tools\Binn\;C:\Program Files (x86)\Microsoft SQL Server\150\Tools\Binn\;C:\Program Files\Microsoft SQL Server\150\Tools\Binn\;C:\Program Files\Microsoft SQL Server\150\DTS\Binn\;C:\Program Files (x86)\Microsoft SQL Server\150\DTS\Binn\;C:\Program Files\Azure Data Studio\bin;C:\Program Files\Git\cmd;C:\Program Files\MySQL\MySQL Shell 8.0\bin\;C:\Users\Admin\AppData\Local\Microsoft\WindowsApps;C:\Program Files\Azure Data Studio\bin;C:\Users\Admin\AppData\Local\GitHubDesktop\bin
USERNAME=Admin
DISPLAY=:0.0
LC_ALL=en_US.UTF-8
OS=Windows_NT
PROCESSOR_IDENTIFIER=Intel64 Family 6 Model 126 Stepping 5, GenuineIntel



---------------  S Y S T E M  ---------------

OS: Windows 10 , 64 bit Build 18362 (10.0.18362.1500)
OS uptime: 0 days 20:49 hours

CPU:total 8 (initial active 8) (4 cores per cpu, 2 threads per core) family 6 model 126 stepping 5, cmov, cx8, fxsr, mmx, sse, sse2, sse3, ssse3, sse4.1, sse4.2, popcnt, avx, avx2, aes, clmul, erms, 3dnowpref, lzcnt, ht, tsc, tscinvbit, bmi1, bmi2, adx, evex, sha, fma

Memory: 4k page, system-wide physical 7959M (612M free)
TotalPageFile size 14103M (AvailPageFile size 1M)
current process WorkingSet (physical memory assigned to process): 43M, peak: 43M
current process commit charge ("private bytes"): 205M, peak: 205M

vm_info: OpenJDK 64-Bit Server VM (11.0.8+10-b944.6842174) for windows-amd64 JRE (11.0.8+10-b944.6842174), built on Sep 19 2020 01:11:42 by "builder" with MS VC++ 14.0 (VS2015)

END.
