#
# There is insufficient memory for the Java Runtime Environment to continue.
# Native memory allocation (malloc) failed to allocate 1104416 bytes for Chunk::new
# Possible reasons:
#   The system is out of physical RAM or swap space
#   The process is running with CompressedOops enabled, and the Java Heap may be blocking the growth of the native heap
# Possible solutions:
#   Reduce memory load on the system
#   Increase physical memory or swap space
#   Check if swap backing store is full
#   Decrease Java heap size (-Xmx/-Xms)
#   Decrease number of Java threads
#   Decrease Java thread stack sizes (-Xss)
#   Set larger code cache with -XX:ReservedCodeCacheSize=
#   JVM is running with Unscaled Compressed Oops mode in which the Java heap is
#     placed in the first 4GB address space. The Java Heap base address is the
#     maximum limit for the native heap growth. Please use -XX:HeapBaseMinAddress
#     to set the Java Heap base and to place the Java Heap above 4GB virtual address.
# This output file may be truncated or incomplete.
#
#  Out of Memory Error (./src/hotspot/share/memory/arena.cpp:197), pid=16028, tid=17864
#
# JRE version: OpenJDK Runtime Environment (11.0.8+10) (build 11.0.8+10-b944.6842174)
# Java VM: OpenJDK 64-Bit Server VM (11.0.8+10-b944.6842174, mixed mode, tiered, compressed oops, g1 gc, windows-amd64)
# No core dump will be written. Minidumps are not enabled by default on client versions of Windows
#

---------------  S U M M A R Y ------------

Command Line: --add-opens=java.base/java.util=ALL-UNNAMED --add-opens=java.base/java.lang=ALL-UNNAMED --add-opens=java.base/java.lang.invoke=ALL-UNNAMED --add-opens=java.prefs/java.util.prefs=ALL-UNNAMED -Xmx2048m -Dfile.encoding=UTF-8 -Duser.country=US -Duser.language=en -Duser.variant org.gradle.launcher.daemon.bootstrap.GradleDaemon 6.7.1

Host: Intel(R) Core(TM) i5-1035G1 CPU @ 1.00GHz, 8 cores, 7G,  Windows 10 , 64 bit Build 18362 (10.0.18362.1500)
Time: Wed Sep 15 18:21:47 2021 Sri Lanka Standard Time elapsed time: 120 seconds (0d 0h 2m 0s)

---------------  T H R E A D  ---------------

Current thread (0x00000259caab6000):  JavaThread "C2 CompilerThread0" daemon [_thread_in_native, id=17864, stack(0x000000c8eff00000,0x000000c8f0000000)]


Current CompileTask:
C2: 120309 8760       4       org.apache.xerces.impl.XMLNSDocumentScannerImpl::scanStartElement (873 bytes)

Stack: [0x000000c8eff00000,0x000000c8f0000000]
Native frames: (J=compiled Java code, j=interpreted, Vv=VM code, C=native code)
V  [jvm.dll+0x5de50a]
V  [jvm.dll+0x7122f5]
V  [jvm.dll+0x71384d]
V  [jvm.dll+0x713f03]
V  [jvm.dll+0x23e728]
V  [jvm.dll+0xb899c]
V  [jvm.dll+0xb8e9c]
V  [jvm.dll+0x2b20e4]
V  [jvm.dll+0x502098]
V  [jvm.dll+0x1ff393]
V  [jvm.dll+0x1f917c]
V  [jvm.dll+0x1f685f]
V  [jvm.dll+0x17f32c]
V  [jvm.dll+0x205047]
V  [jvm.dll+0x203891]
V  [jvm.dll+0x6dad3f]
V  [jvm.dll+0x6d3895]
V  [jvm.dll+0x5dd4a6]
C  [ucrtbase.dll+0x210b2]
C  [KERNEL32.DLL+0x17c24]
C  [ntdll.dll+0x6d721]


---------------  P R O C E S S  ---------------

Threads class SMR info:
_java_thread_list=0x00000259cfb83f10, length=49, elements={
0x00000259afe4b800, 0x00000259ca144000, 0x00000259ca147000, 0x00000259ca150000,
0x00000259ca151000, 0x00000259caab6000, 0x00000259caabd800, 0x00000259caac0800,
0x00000259cac10000, 0x00000259cac22000, 0x00000259cd632800, 0x00000259cd2c4800,
0x00000259ccff2000, 0x00000259ce0e2800, 0x00000259cd808800, 0x00000259cc814000,
0x00000259cc49e000, 0x00000259cc2d6800, 0x00000259cc6dc800, 0x00000259cc496000,
0x00000259cc495000, 0x00000259cc494800, 0x00000259cc496800, 0x00000259cc492000,
0x00000259cc492800, 0x00000259cc497800, 0x00000259cc493800, 0x00000259ccee8800,
0x00000259ccee9800, 0x00000259ccee7000, 0x00000259ccee8000, 0x00000259ccee5800,
0x00000259cceee800, 0x00000259ccef0000, 0x00000259ccef1000, 0x00000259cceef000,
0x00000259cceec000, 0x00000259d0658800, 0x00000259d0653000, 0x00000259d065b000,
0x00000259d064f000, 0x00000259d0651800, 0x00000259d064e000, 0x00000259d0652000,
0x00000259d064f800, 0x00000259d064d000, 0x00000259d0653800, 0x00000259d0654800,
0x00000259d0655800
}

Java Threads: ( => current thread )
  0x00000259afe4b800 JavaThread "main" [_thread_blocked, id=14672, stack(0x000000c8ef300000,0x000000c8ef400000)]
  0x00000259ca144000 JavaThread "Reference Handler" daemon [_thread_blocked, id=20292, stack(0x000000c8efa00000,0x000000c8efb00000)]
  0x00000259ca147000 JavaThread "Finalizer" daemon [_thread_blocked, id=2584, stack(0x000000c8efb00000,0x000000c8efc00000)]
  0x00000259ca150000 JavaThread "Signal Dispatcher" daemon [_thread_blocked, id=19492, stack(0x000000c8efd00000,0x000000c8efe00000)]
  0x00000259ca151000 JavaThread "Attach Listener" daemon [_thread_blocked, id=2408, stack(0x000000c8efe00000,0x000000c8eff00000)]
=>0x00000259caab6000 JavaThread "C2 CompilerThread0" daemon [_thread_in_native, id=17864, stack(0x000000c8eff00000,0x000000c8f0000000)]
  0x00000259caabd800 JavaThread "C1 CompilerThread0" daemon [_thread_blocked, id=7952, stack(0x000000c8f0000000,0x000000c8f0100000)]
  0x00000259caac0800 JavaThread "Sweeper thread" daemon [_thread_blocked, id=13540, stack(0x000000c8f0100000,0x000000c8f0200000)]
  0x00000259cac10000 JavaThread "Common-Cleaner" daemon [_thread_blocked, id=16300, stack(0x000000c8f0200000,0x000000c8f0300000)]
  0x00000259cac22000 JavaThread "Service Thread" daemon [_thread_blocked, id=10724, stack(0x000000c8f0300000,0x000000c8f0400000)]
  0x00000259cd632800 JavaThread "Daemon health stats" [_thread_blocked, id=13448, stack(0x000000c8f0900000,0x000000c8f0a00000)]
  0x00000259cd2c4800 JavaThread "Incoming local TCP Connector on port 53279" [_thread_in_native, id=11288, stack(0x000000c8f0a00000,0x000000c8f0b00000)]
  0x00000259ccff2000 JavaThread "Daemon periodic checks" [_thread_blocked, id=16024, stack(0x000000c8f0b00000,0x000000c8f0c00000)]
  0x00000259ce0e2800 JavaThread "Daemon" [_thread_blocked, id=17052, stack(0x000000c8f0c00000,0x000000c8f0d00000)]
  0x00000259cd808800 JavaThread "Handler for socket connection from /127.0.0.1:53279 to /127.0.0.1:53280" [_thread_in_native, id=15884, stack(0x000000c8f0d00000,0x000000c8f0e00000)]
  0x00000259cc814000 JavaThread "Cancel handler" [_thread_blocked, id=2036, stack(0x000000c8f0e00000,0x000000c8f0f00000)]
  0x00000259cc49e000 JavaThread "Daemon worker" [_thread_blocked, id=8664, stack(0x000000c8f0f00000,0x000000c8f1000000)]
  0x00000259cc2d6800 JavaThread "Asynchronous log dispatcher for DefaultDaemonConnection: socket connection from /127.0.0.1:53279 to /127.0.0.1:53280" [_thread_blocked, id=17328, stack(0x000000c8f1000000,0x000000c8f1100000)]
  0x00000259cc6dc800 JavaThread "Thread-8" [_thread_blocked, id=5424, stack(0x000000c8f1200000,0x000000c8f1300000)]
  0x00000259cc496000 JavaThread "Cache worker for file hash cache (C:\Users\Admin\.gradle\caches\6.7.1\fileHashes)" [_thread_blocked, id=14368, stack(0x000000c8f1800000,0x000000c8f1900000)]
  0x00000259cc495000 JavaThread "File lock request listener" [_thread_in_native, id=912, stack(0x000000c8f1900000,0x000000c8f1a00000)]
  0x00000259cc494800 JavaThread "Cache worker for journal cache (C:\Users\Admin\.gradle\caches\journal-1)" [_thread_blocked, id=16196, stack(0x000000c8f1b00000,0x000000c8f1c00000)]
  0x00000259cc496800 JavaThread "Cache worker for file hash cache (C:\Users\Admin\Documents\2Y\2Y2S\MAD IT2010\New folder\MADD-Project-Group-16\.gradle\6.7.1\fileHashes)" [_thread_blocked, id=100, stack(0x000000c8f1c00000,0x000000c8f1d00000)]
  0x00000259cc492000 JavaThread "Cache worker for checksums cache (C:\Users\Admin\Documents\2Y\2Y2S\MAD IT2010\New folder\MADD-Project-Group-16\.gradle\checksums)" [_thread_blocked, id=18816, stack(0x000000c8f1d00000,0x000000c8f1e00000)]
  0x00000259cc492800 JavaThread "Cache worker for cache directory md-supplier (C:\Users\Admin\.gradle\caches\6.7.1\md-supplier)" [_thread_blocked, id=2196, stack(0x000000c8f1e00000,0x000000c8f1f00000)]
  0x00000259cc497800 JavaThread "Cache worker for cache directory md-rule (C:\Users\Admin\.gradle\caches\6.7.1\md-rule)" [_thread_blocked, id=12700, stack(0x000000c8f2000000,0x000000c8f2100000)]
  0x00000259cc493800 JavaThread "Cache worker for execution history cache (C:\Users\Admin\.gradle\caches\6.7.1\executionHistory)" [_thread_blocked, id=14860, stack(0x000000c8f2100000,0x000000c8f2200000)]
  0x00000259ccee8800 JavaThread "Cache worker for file content cache (C:\Users\Admin\.gradle\caches\6.7.1\fileContent)" [_thread_blocked, id=18984, stack(0x000000c8f2300000,0x000000c8f2400000)]
  0x00000259ccee9800 JavaThread "Cache worker for Build Output Cleanup Cache (C:\Users\Admin\Documents\2Y\2Y2S\MAD IT2010\New folder\MADD-Project-Group-16\.gradle\buildOutputCleanup)" [_thread_blocked, id=17008, stack(0x000000c8f2400000,0x000000c8f2500000)]
  0x00000259ccee7000 JavaThread "Build operations" [_thread_blocked, id=15808, stack(0x000000c8f1f00000,0x000000c8f2000000)]
  0x00000259ccee8000 JavaThread "Build operations Thread 2" [_thread_blocked, id=17892, stack(0x000000c8f2500000,0x000000c8f2600000)]
  0x00000259ccee5800 JavaThread "Build operations Thread 3" [_thread_blocked, id=18448, stack(0x000000c8f2600000,0x000000c8f2700000)]
  0x00000259cceee800 JavaThread "Build operations Thread 4" [_thread_blocked, id=19824, stack(0x000000c8f2700000,0x000000c8f2800000)]
  0x00000259ccef0000 JavaThread "Build operations Thread 5" [_thread_blocked, id=1396, stack(0x000000c8f2800000,0x000000c8f2900000)]
  0x00000259ccef1000 JavaThread "Build operations Thread 6" [_thread_blocked, id=18144, stack(0x000000c8f2900000,0x000000c8f2a00000)]
  0x00000259cceef000 JavaThread "Build operations Thread 7" [_thread_blocked, id=2476, stack(0x000000c8f2a00000,0x000000c8f2b00000)]
  0x00000259cceec000 JavaThread "Build operations Thread 8" [_thread_blocked, id=13496, stack(0x000000c8f2b00000,0x000000c8f2c00000)]
  0x00000259d0658800 JavaThread "jar transforms Thread 97" [_thread_blocked, id=10500, stack(0x000000c8f8b00000,0x000000c8f8c00000)]
  0x00000259d0653000 JavaThread "Memory manager" [_thread_blocked, id=14420, stack(0x000000c8ef100000,0x000000c8ef200000)]
  0x00000259d065b000 JavaThread "build event listener" [_thread_blocked, id=6708, stack(0x000000c8efc00000,0x000000c8efd00000)]
  0x00000259d064f000 JavaThread "build event listener" [_thread_blocked, id=17832, stack(0x000000c8f1100000,0x000000c8f1200000)]
  0x00000259d0651800 JavaThread "Execution worker for ':'" [_thread_blocked, id=19084, stack(0x000000c8f2200000,0x000000c8f2300000)]
  0x00000259d064e000 JavaThread "Execution worker for ':' Thread 2" [_thread_blocked, id=16680, stack(0x000000c8f2c00000,0x000000c8f2d00000)]
  0x00000259d0652000 JavaThread "Execution worker for ':' Thread 3" [_thread_blocked, id=8020, stack(0x000000c8f2d00000,0x000000c8f2e00000)]
  0x00000259d064f800 JavaThread "Execution worker for ':' Thread 4" [_thread_blocked, id=9056, stack(0x000000c8f2e00000,0x000000c8f2f00000)]
  0x00000259d064d000 JavaThread "Execution worker for ':' Thread 5" [_thread_blocked, id=15552, stack(0x000000c8f2f00000,0x000000c8f3000000)]
  0x00000259d0653800 JavaThread "Execution worker for ':' Thread 6" [_thread_in_native, id=13044, stack(0x000000c8f3000000,0x000000c8f3100000)]
  0x00000259d0654800 JavaThread "Execution worker for ':' Thread 7" [_thread_blocked, id=17772, stack(0x000000c8f3100000,0x000000c8f3200000)]
  0x00000259d0655800 JavaThread "Cache worker for execution history cache (C:\Users\Admin\Documents\2Y\2Y2S\MAD IT2010\New folder\MADD-Project-Group-16\.gradle\6.7.1\executionHistory)" [_thread_blocked, id=2176, stack(0x000000c8f3200000,0x000000c8f3300000)]

Other Threads:
  0x00000259ca13f800 VMThread "VM Thread" [stack: 0x000000c8ef900000,0x000000c8efa00000] [id=14892]
  0x00000259cac23000 WatcherThread [stack: 0x000000c8f0400000,0x000000c8f0500000] [id=19676]
  0x00000259afe64000 GCTaskThread "GC Thread#0" [stack: 0x000000c8ef400000,0x000000c8ef500000] [id=6332]
  0x00000259cb927800 GCTaskThread "GC Thread#1" [stack: 0x000000c8f0600000,0x000000c8f0700000] [id=14896]
  0x00000259cb928000 GCTaskThread "GC Thread#2" [stack: 0x000000c8f0700000,0x000000c8f0800000] [id=10372]
  0x00000259cb999800 GCTaskThread "GC Thread#3" [stack: 0x000000c8f1300000,0x000000c8f1400000] [id=16248]
  0x00000259cba5e000 GCTaskThread "GC Thread#4" [stack: 0x000000c8f1400000,0x000000c8f1500000] [id=12988]
  0x00000259cc217000 GCTaskThread "GC Thread#5" [stack: 0x000000c8f1500000,0x000000c8f1600000] [id=8548]
  0x00000259cc225800 GCTaskThread "GC Thread#6" [stack: 0x000000c8f1600000,0x000000c8f1700000] [id=18568]
  0x00000259cbcef000 GCTaskThread "GC Thread#7" [stack: 0x000000c8f1700000,0x000000c8f1800000] [id=3804]
  0x00000259afe94000 ConcurrentGCThread "G1 Main Marker" [stack: 0x000000c8ef500000,0x000000c8ef600000] [id=2020]
  0x00000259afe96800 ConcurrentGCThread "G1 Conc#0" [stack: 0x000000c8ef600000,0x000000c8ef700000] [id=7504]
  0x00000259cbcee000 ConcurrentGCThread "G1 Conc#1" [stack: 0x000000c8f1a00000,0x000000c8f1b00000] [id=19732]
  0x00000259c9f8a800 ConcurrentGCThread "G1 Refine#0" [stack: 0x000000c8ef700000,0x000000c8ef800000] [id=18724]
  0x00000259d0a23800 ConcurrentGCThread "G1 Refine#1" [stack: 0x000000c8ef200000,0x000000c8ef300000] [id=8876]
  0x00000259c9f8d800 ConcurrentGCThread "G1 Young RemSet Sampling" [stack: 0x000000c8ef800000,0x000000c8ef900000] [id=15688]

Threads with active compile tasks:
C2 CompilerThread0 121020 8760       4       org.apache.xerces.impl.XMLNSDocumentScannerImpl::scanStartElement (873 bytes)

VM state:not at safepoint (normal execution)

VM Mutex/Monitor currently owned by a thread: None

Heap address: 0x0000000080000000, size: 2048 MB, Compressed Oops mode: 32-bit
Narrow klass base: 0x0000000000000000, Narrow klass shift: 3
Compressed class space size: 1073741824 Address: 0x0000000100000000

Heap:
 garbage-first heap   total 129024K, used 100763K [0x0000000080000000, 0x0000000100000000)
  region size 1024K, 45 young (46080K), 7 survivors (7168K)
 Metaspace       used 76669K, capacity 78591K, committed 78720K, reserved 1118208K
  class space    used 9941K, capacity 10606K, committed 10624K, reserved 1048576K
Heap Regions: E=young(eden), S=young(survivor), O=old, HS=humongous(starts), HC=humongous(continues), CS=collection set, F=free, A=archive, TAMS=top-at-mark-start (previous, next)
|   0|0x0000000080000000, 0x0000000080100000, 0x0000000080100000|100%| O|  |TAMS 0x0000000080100000, 0x0000000080000000| Untracked 
|   1|0x0000000080100000, 0x0000000080200000, 0x0000000080200000|100%| O|  |TAMS 0x0000000080200000, 0x0000000080100000| Untracked 
|   2|0x0000000080200000, 0x0000000080300000, 0x0000000080300000|100%| O|  |TAMS 0x0000000080300000, 0x0000000080200000| Untracked 
|   3|0x0000000080300000, 0x0000000080400000, 0x0000000080400000|100%|HS|  |TAMS 0x0000000080400000, 0x0000000080300000| Complete 
|   4|0x0000000080400000, 0x0000000080500000, 0x0000000080500000|100%|HC|  |TAMS 0x0000000080500000, 0x0000000080400000| Complete 
|   5|0x0000000080500000, 0x0000000080600000, 0x0000000080600000|100%|HC|  |TAMS 0x0000000080600000, 0x0000000080500000| Complete 
|   6|0x0000000080600000, 0x0000000080700000, 0x0000000080700000|100%| O|  |TAMS 0x0000000080700000, 0x0000000080600000| Untracked 
|   7|0x0000000080700000, 0x0000000080800000, 0x0000000080800000|100%| O|  |TAMS 0x0000000080800000, 0x0000000080700000| Untracked 
|   8|0x0000000080800000, 0x0000000080900000, 0x0000000080900000|100%| O|  |TAMS 0x0000000080900000, 0x0000000080800000| Untracked 
|   9|0x0000000080900000, 0x0000000080a00000, 0x0000000080a00000|100%| O|  |TAMS 0x0000000080a00000, 0x0000000080900000| Untracked 
|  10|0x0000000080a00000, 0x0000000080b00000, 0x0000000080b00000|100%| O|  |TAMS 0x0000000080b00000, 0x0000000080a00000| Untracked 
|  11|0x0000000080b00000, 0x0000000080c00000, 0x0000000080c00000|100%| O|  |TAMS 0x0000000080c00000, 0x0000000080b00000| Untracked 
|  12|0x0000000080c00000, 0x0000000080d00000, 0x0000000080d00000|100%| O|  |TAMS 0x0000000080d00000, 0x0000000080c00000| Untracked 
|  13|0x0000000080d00000, 0x0000000080e00000, 0x0000000080e00000|100%| O|  |TAMS 0x0000000080e00000, 0x0000000080d00000| Untracked 
|  14|0x0000000080e00000, 0x0000000080f00000, 0x0000000080f00000|100%| O|  |TAMS 0x0000000080f00000, 0x0000000080e00000| Untracked 
|  15|0x0000000080f00000, 0x0000000081000000, 0x0000000081000000|100%| O|  |TAMS 0x0000000081000000, 0x0000000080f00000| Untracked 
|  16|0x0000000081000000, 0x0000000081100000, 0x0000000081100000|100%| O|  |TAMS 0x0000000081100000, 0x0000000081000000| Untracked 
|  17|0x0000000081100000, 0x0000000081200000, 0x0000000081200000|100%| O|  |TAMS 0x0000000081200000, 0x0000000081100000| Untracked 
|  18|0x0000000081200000, 0x0000000081300000, 0x0000000081300000|100%| O|  |TAMS 0x0000000081300000, 0x0000000081200000| Untracked 
|  19|0x0000000081300000, 0x0000000081400000, 0x0000000081400000|100%|HS|  |TAMS 0x0000000081400000, 0x0000000081300000| Complete 
|  20|0x0000000081400000, 0x0000000081500000, 0x0000000081500000|100%| O|  |TAMS 0x0000000081500000, 0x0000000081400000| Untracked 
|  21|0x0000000081500000, 0x0000000081600000, 0x0000000081600000|100%| O|  |TAMS 0x0000000081600000, 0x0000000081500000| Untracked 
|  22|0x0000000081600000, 0x0000000081700000, 0x0000000081700000|100%|HS|  |TAMS 0x0000000081700000, 0x0000000081600000| Complete 
|  23|0x0000000081700000, 0x0000000081800000, 0x0000000081800000|100%|HC|  |TAMS 0x0000000081800000, 0x0000000081700000| Complete 
|  24|0x0000000081800000, 0x0000000081900000, 0x0000000081900000|100%| O|  |TAMS 0x0000000081900000, 0x0000000081800000| Untracked 
|  25|0x0000000081900000, 0x0000000081a00000, 0x0000000081a00000|100%| O|  |TAMS 0x0000000081a00000, 0x0000000081900000| Untracked 
|  26|0x0000000081a00000, 0x0000000081b00000, 0x0000000081b00000|100%| O|  |TAMS 0x0000000081b00000, 0x0000000081a00000| Untracked 
|  27|0x0000000081b00000, 0x0000000081c00000, 0x0000000081c00000|100%| O|  |TAMS 0x0000000081c00000, 0x0000000081b00000| Untracked 
|  28|0x0000000081c00000, 0x0000000081d00000, 0x0000000081d00000|100%| O|  |TAMS 0x0000000081d00000, 0x0000000081c00000| Untracked 
|  29|0x0000000081d00000, 0x0000000081e00000, 0x0000000081e00000|100%| O|  |TAMS 0x0000000081e00000, 0x0000000081d00000| Untracked 
|  30|0x0000000081e00000, 0x0000000081f00000, 0x0000000081f00000|100%| O|  |TAMS 0x0000000081f00000, 0x0000000081e00000| Untracked 
|  31|0x0000000081f00000, 0x0000000082000000, 0x0000000082000000|100%| O|  |TAMS 0x0000000082000000, 0x0000000081f00000| Untracked 
|  32|0x0000000082000000, 0x0000000082100000, 0x0000000082100000|100%| O|  |TAMS 0x0000000082100000, 0x0000000082000000| Untracked 
|  33|0x0000000082100000, 0x0000000082200000, 0x0000000082200000|100%| O|  |TAMS 0x0000000082200000, 0x0000000082100000| Untracked 
|  34|0x0000000082200000, 0x0000000082300000, 0x0000000082300000|100%| O|  |TAMS 0x0000000082300000, 0x0000000082200000| Untracked 
|  35|0x0000000082300000, 0x0000000082400000, 0x0000000082400000|100%| O|  |TAMS 0x0000000082400000, 0x0000000082300000| Untracked 
|  36|0x0000000082400000, 0x0000000082500000, 0x0000000082500000|100%| O|  |TAMS 0x00000000824d1c00, 0x0000000082400000| Untracked 
|  37|0x0000000082500000, 0x0000000082600000, 0x0000000082600000|100%| O|  |TAMS 0x0000000082500000, 0x0000000082500000| Untracked 
|  38|0x0000000082600000, 0x0000000082700000, 0x0000000082700000|100%| O|  |TAMS 0x0000000082600000, 0x0000000082600000| Untracked 
|  39|0x0000000082700000, 0x0000000082800000, 0x0000000082800000|100%| O|  |TAMS 0x0000000082700000, 0x0000000082700000| Untracked 
|  40|0x0000000082800000, 0x0000000082900000, 0x0000000082900000|100%| O|  |TAMS 0x0000000082800000, 0x0000000082800000| Untracked 
|  41|0x0000000082900000, 0x0000000082a00000, 0x0000000082a00000|100%| O|  |TAMS 0x0000000082900000, 0x0000000082900000| Untracked 
|  42|0x0000000082a00000, 0x0000000082b00000, 0x0000000082b00000|100%| O|  |TAMS 0x0000000082a00000, 0x0000000082a00000| Untracked 
|  43|0x0000000082b00000, 0x0000000082c00000, 0x0000000082c00000|100%| O|  |TAMS 0x0000000082b00000, 0x0000000082b00000| Untracked 
|  44|0x0000000082c00000, 0x0000000082d00000, 0x0000000082d00000|100%| O|  |TAMS 0x0000000082c00000, 0x0000000082c00000| Untracked 
|  45|0x0000000082d00000, 0x0000000082e00000, 0x0000000082e00000|100%| O|  |TAMS 0x0000000082d00000, 0x0000000082d00000| Untracked 
|  46|0x0000000082e00000, 0x0000000082f00000, 0x0000000082f00000|100%| O|  |TAMS 0x0000000082e00000, 0x0000000082e00000| Untracked 
|  47|0x0000000082f00000, 0x0000000083000000, 0x0000000083000000|100%| O|  |TAMS 0x0000000082f00000, 0x0000000082f00000| Untracked 
|  48|0x0000000083000000, 0x0000000083100000, 0x0000000083100000|100%| O|  |TAMS 0x0000000083000000, 0x0000000083000000| Untracked 
|  49|0x0000000083100000, 0x0000000083200000, 0x0000000083200000|100%| O|  |TAMS 0x0000000083100000, 0x0000000083100000| Untracked 
|  50|0x0000000083200000, 0x0000000083300000, 0x0000000083300000|100%| O|  |TAMS 0x0000000083200000, 0x0000000083200000| Untracked 
|  51|0x0000000083300000, 0x0000000083400000, 0x0000000083400000|100%| O|  |TAMS 0x0000000083300000, 0x0000000083300000| Untracked 
|  52|0x0000000083400000, 0x0000000083466e00, 0x0000000083500000| 40%| O|  |TAMS 0x0000000083400000, 0x0000000083400000| Untracked 
|  53|0x0000000083500000, 0x0000000083600000, 0x0000000083600000|100%|HS|  |TAMS 0x0000000083500000, 0x0000000083500000| Complete 
|  54|0x0000000083600000, 0x0000000083700000, 0x0000000083700000|100%|HS|  |TAMS 0x0000000083600000, 0x0000000083600000| Complete 
|  55|0x0000000083700000, 0x0000000083800000, 0x0000000083800000|100%|HS|  |TAMS 0x0000000083700000, 0x0000000083700000| Complete 
|  56|0x0000000083800000, 0x0000000083800000, 0x0000000083900000|  0%| F|  |TAMS 0x0000000083800000, 0x0000000083800000| Untracked 
|  57|0x0000000083900000, 0x0000000083900000, 0x0000000083a00000|  0%| F|  |TAMS 0x0000000083900000, 0x0000000083900000| Untracked 
|  58|0x0000000083a00000, 0x0000000083a00000, 0x0000000083b00000|  0%| F|  |TAMS 0x0000000083a00000, 0x0000000083a00000| Untracked 
|  59|0x0000000083b00000, 0x0000000083b00000, 0x0000000083c00000|  0%| F|  |TAMS 0x0000000083b00000, 0x0000000083b00000| Untracked 
|  60|0x0000000083c00000, 0x0000000083c00000, 0x0000000083d00000|  0%| F|  |TAMS 0x0000000083c00000, 0x0000000083c00000| Untracked 
|  61|0x0000000083d00000, 0x0000000083d00000, 0x0000000083e00000|  0%| F|  |TAMS 0x0000000083d00000, 0x0000000083d00000| Untracked 
|  62|0x0000000083e00000, 0x0000000083e00000, 0x0000000083f00000|  0%| F|  |TAMS 0x0000000083e00000, 0x0000000083e00000| Untracked 
|  63|0x0000000083f00000, 0x0000000083f00000, 0x0000000084000000|  0%| F|  |TAMS 0x0000000083f00000, 0x0000000083f00000| Untracked 
|  64|0x0000000084000000, 0x0000000084000000, 0x0000000084100000|  0%| F|  |TAMS 0x0000000084000000, 0x0000000084000000| Untracked 
|  65|0x0000000084100000, 0x0000000084100000, 0x0000000084200000|  0%| F|  |TAMS 0x0000000084100000, 0x0000000084100000| Untracked 
|  66|0x0000000084200000, 0x0000000084200000, 0x0000000084300000|  0%| F|  |TAMS 0x0000000084200000, 0x0000000084200000| Untracked 
|  67|0x0000000084300000, 0x0000000084300000, 0x0000000084400000|  0%| F|  |TAMS 0x0000000084300000, 0x0000000084300000| Untracked 
|  68|0x0000000084400000, 0x0000000084500000, 0x0000000084500000|100%| S|CS|TAMS 0x0000000084400000, 0x0000000084400000| Complete 
|  69|0x0000000084500000, 0x0000000084600000, 0x0000000084600000|100%| S|CS|TAMS 0x0000000084500000, 0x0000000084500000| Complete 
|  70|0x0000000084600000, 0x0000000084700000, 0x0000000084700000|100%| S|CS|TAMS 0x0000000084600000, 0x0000000084600000| Complete 
|  71|0x0000000084700000, 0x0000000084800000, 0x0000000084800000|100%| S|CS|TAMS 0x0000000084700000, 0x0000000084700000| Complete 
|  72|0x0000000084800000, 0x0000000084900000, 0x0000000084900000|100%| S|CS|TAMS 0x0000000084800000, 0x0000000084800000| Complete 
|  73|0x0000000084900000, 0x0000000084900000, 0x0000000084a00000|  0%| F|  |TAMS 0x0000000084900000, 0x0000000084900000| Untracked 
|  74|0x0000000084a00000, 0x0000000084b00000, 0x0000000084b00000|100%| S|CS|TAMS 0x0000000084a00000, 0x0000000084a00000| Complete 
|  75|0x0000000084b00000, 0x0000000084b00000, 0x0000000084c00000|  0%| F|  |TAMS 0x0000000084b00000, 0x0000000084b00000| Untracked 
|  76|0x0000000084c00000, 0x0000000084c00000, 0x0000000084d00000|  0%| F|  |TAMS 0x0000000084c00000, 0x0000000084c00000| Untracked 
|  77|0x0000000084d00000, 0x0000000084d00000, 0x0000000084e00000|  0%| F|  |TAMS 0x0000000084d00000, 0x0000000084d00000| Untracked 
|  78|0x0000000084e00000, 0x0000000084f00000, 0x0000000084f00000|100%| S|CS|TAMS 0x0000000084e00000, 0x0000000084e00000| Complete 
|  79|0x0000000084f00000, 0x0000000084f00000, 0x0000000085000000|  0%| F|  |TAMS 0x0000000084f00000, 0x0000000084f00000| Untracked 
|  80|0x0000000085000000, 0x0000000085000000, 0x0000000085100000|  0%| F|  |TAMS 0x0000000085000000, 0x0000000085000000| Untracked 
|  81|0x0000000085100000, 0x0000000085100000, 0x0000000085200000|  0%| F|  |TAMS 0x0000000085100000, 0x0000000085100000| Untracked 
|  82|0x0000000085200000, 0x0000000085200000, 0x0000000085300000|  0%| F|  |TAMS 0x0000000085200000, 0x0000000085200000| Untracked 
|  83|0x0000000085300000, 0x0000000085300000, 0x0000000085400000|  0%| F|  |TAMS 0x0000000085300000, 0x0000000085300000| Untracked 
|  84|0x0000000085400000, 0x0000000085400000, 0x0000000085500000|  0%| F|  |TAMS 0x0000000085400000, 0x0000000085400000| Untracked 
|  85|0x0000000085500000, 0x0000000085500000, 0x0000000085600000|  0%| F|  |TAMS 0x0000000085500000, 0x0000000085500000| Untracked 
|  86|0x0000000085600000, 0x0000000085600000, 0x0000000085700000|  0%| F|  |TAMS 0x0000000085600000, 0x0000000085600000| Untracked 
|  87|0x0000000085700000, 0x0000000085700000, 0x0000000085800000|  0%| F|  |TAMS 0x0000000085700000, 0x0000000085700000| Untracked 
|  88|0x0000000085800000, 0x0000000085896400, 0x0000000085900000| 58%| E|  |TAMS 0x0000000085800000, 0x0000000085800000| Complete 
|  89|0x0000000085900000, 0x0000000085a00000, 0x0000000085a00000|100%| E|CS|TAMS 0x0000000085900000, 0x0000000085900000| Complete 
|  90|0x0000000085a00000, 0x0000000085b00000, 0x0000000085b00000|100%| E|CS|TAMS 0x0000000085a00000, 0x0000000085a00000| Complete 
|  91|0x0000000085b00000, 0x0000000085c00000, 0x0000000085c00000|100%| E|CS|TAMS 0x0000000085b00000, 0x0000000085b00000| Complete 
|  92|0x0000000085c00000, 0x0000000085d00000, 0x0000000085d00000|100%| E|CS|TAMS 0x0000000085c00000, 0x0000000085c00000| Complete 
|  93|0x0000000085d00000, 0x0000000085e00000, 0x0000000085e00000|100%| E|CS|TAMS 0x0000000085d00000, 0x0000000085d00000| Complete 
|  94|0x0000000085e00000, 0x0000000085f00000, 0x0000000085f00000|100%| E|CS|TAMS 0x0000000085e00000, 0x0000000085e00000| Complete 
|  95|0x0000000085f00000, 0x0000000086000000, 0x0000000086000000|100%| E|CS|TAMS 0x0000000085f00000, 0x0000000085f00000| Complete 
|  96|0x0000000086000000, 0x0000000086100000, 0x0000000086100000|100%| E|  |TAMS 0x0000000086000000, 0x0000000086000000| Complete 
|  97|0x0000000086100000, 0x0000000086200000, 0x0000000086200000|100%| E|CS|TAMS 0x0000000086100000, 0x0000000086100000| Complete 
|  98|0x0000000086200000, 0x0000000086300000, 0x0000000086300000|100%| E|CS|TAMS 0x0000000086200000, 0x0000000086200000| Complete 
|  99|0x0000000086300000, 0x0000000086400000, 0x0000000086400000|100%| E|CS|TAMS 0x0000000086300000, 0x0000000086300000| Complete 
| 100|0x0000000086400000, 0x0000000086500000, 0x0000000086500000|100%| E|CS|TAMS 0x0000000086400000, 0x0000000086400000| Complete 
| 101|0x0000000086500000, 0x0000000086600000, 0x0000000086600000|100%| E|CS|TAMS 0x0000000086500000, 0x0000000086500000| Complete 
| 102|0x0000000086600000, 0x0000000086700000, 0x0000000086700000|100%| E|CS|TAMS 0x0000000086600000, 0x0000000086600000| Complete 
| 103|0x0000000086700000, 0x0000000086800000, 0x0000000086800000|100%| E|CS|TAMS 0x0000000086700000, 0x0000000086700000| Complete 
| 104|0x0000000086800000, 0x0000000086900000, 0x0000000086900000|100%| E|CS|TAMS 0x0000000086800000, 0x0000000086800000| Complete 
| 105|0x0000000086900000, 0x0000000086a00000, 0x0000000086a00000|100%| E|CS|TAMS 0x0000000086900000, 0x0000000086900000| Complete 
| 106|0x0000000086a00000, 0x0000000086b00000, 0x0000000086b00000|100%| E|CS|TAMS 0x0000000086a00000, 0x0000000086a00000| Complete 
| 107|0x0000000086b00000, 0x0000000086c00000, 0x0000000086c00000|100%| E|CS|TAMS 0x0000000086b00000, 0x0000000086b00000| Complete 
| 108|0x0000000086c00000, 0x0000000086d00000, 0x0000000086d00000|100%| E|CS|TAMS 0x0000000086c00000, 0x0000000086c00000| Complete 
| 109|0x0000000086d00000, 0x0000000086e00000, 0x0000000086e00000|100%| E|CS|TAMS 0x0000000086d00000, 0x0000000086d00000| Complete 
| 110|0x0000000086e00000, 0x0000000086f00000, 0x0000000086f00000|100%| E|CS|TAMS 0x0000000086e00000, 0x0000000086e00000| Complete 
| 111|0x0000000086f00000, 0x0000000087000000, 0x0000000087000000|100%| E|CS|TAMS 0x0000000086f00000, 0x0000000086f00000| Complete 
| 112|0x0000000087000000, 0x0000000087100000, 0x0000000087100000|100%| E|CS|TAMS 0x0000000087000000, 0x0000000087000000| Complete 
| 113|0x0000000087100000, 0x0000000087200000, 0x0000000087200000|100%| E|CS|TAMS 0x0000000087100000, 0x0000000087100000| Complete 
| 114|0x0000000087200000, 0x0000000087300000, 0x0000000087300000|100%| E|CS|TAMS 0x0000000087200000, 0x0000000087200000| Complete 
| 115|0x0000000087300000, 0x0000000087400000, 0x0000000087400000|100%| E|CS|TAMS 0x0000000087300000, 0x0000000087300000| Complete 
| 116|0x0000000087400000, 0x0000000087500000, 0x0000000087500000|100%| E|CS|TAMS 0x0000000087400000, 0x0000000087400000| Complete 
| 117|0x0000000087500000, 0x0000000087600000, 0x0000000087600000|100%| E|CS|TAMS 0x0000000087500000, 0x0000000087500000| Complete 
| 118|0x0000000087600000, 0x0000000087700000, 0x0000000087700000|100%| E|CS|TAMS 0x0000000087600000, 0x0000000087600000| Complete 
| 119|0x0000000087700000, 0x0000000087800000, 0x0000000087800000|100%| E|CS|TAMS 0x0000000087700000, 0x0000000087700000| Complete 
| 120|0x0000000087800000, 0x0000000087900000, 0x0000000087900000|100%| E|CS|TAMS 0x0000000087800000, 0x0000000087800000| Complete 
| 121|0x0000000087900000, 0x0000000087a00000, 0x0000000087a00000|100%| E|CS|TAMS 0x0000000087900000, 0x0000000087900000| Complete 
| 122|0x0000000087a00000, 0x0000000087b00000, 0x0000000087b00000|100%| E|CS|TAMS 0x0000000087a00000, 0x0000000087a00000| Complete 
| 123|0x0000000087b00000, 0x0000000087c00000, 0x0000000087c00000|100%| E|CS|TAMS 0x0000000087b00000, 0x0000000087b00000| Complete 
| 124|0x0000000087c00000, 0x0000000087d00000, 0x0000000087d00000|100%| E|CS|TAMS 0x0000000087c00000, 0x0000000087c00000| Complete 
| 125|0x0000000087d00000, 0x0000000087e00000, 0x0000000087e00000|100%| E|CS|TAMS 0x0000000087d00000, 0x0000000087d00000| Complete 

Card table byte_map: [0x00000259c2ef0000,0x00000259c32f0000] _byte_map_base: 0x00000259c2af0000

Marking Bits (Prev, Next): (CMBitMap*) 0x00000259afe8b180, (CMBitMap*) 0x00000259afe8b148
 Prev Bits: [0x00000259c56f0000, 0x00000259c76f0000)
 Next Bits: [0x00000259c36f0000, 0x00000259c56f0000)

Polling page: 0x00000259ade50000

Metaspace:

Usage:
  Non-class:     66.39 MB capacity,    65.16 MB ( 98%) used,     1.04 MB (  2%) free+waste,   190.44 KB ( <1%) overhead. 
      Class:     10.36 MB capacity,     9.71 MB ( 94%) used,   576.65 KB (  5%) free+waste,    87.75 KB ( <1%) overhead. 
       Both:     76.75 MB capacity,    74.87 MB ( 98%) used,     1.61 MB (  2%) free+waste,   278.19 KB ( <1%) overhead. 

Virtual space:
  Non-class space:       68.00 MB reserved,      66.50 MB ( 98%) committed 
      Class space:        1.00 GB reserved,      10.38 MB (  1%) committed 
             Both:        1.07 GB reserved,      76.88 MB (  7%) committed 

Chunk freelists:
   Non-Class:  47.00 KB
       Class:  18.00 KB
        Both:  65.00 KB

MaxMetaspaceSize: 17179869184.00 GB
CompressedClassSpaceSize: 1.00 GB

CodeHeap 'non-profiled nmethods': size=120000Kb used=4797Kb max_used=4797Kb free=115202Kb
 bounds [0x00000259bb290000, 0x00000259bb740000, 0x00000259c27c0000]
CodeHeap 'profiled nmethods': size=120000Kb used=17875Kb max_used=17875Kb free=102124Kb
 bounds [0x00000259b3d60000, 0x00000259b4ee0000, 0x00000259bb290000]
CodeHeap 'non-nmethods': size=5760Kb used=2261Kb max_used=2310Kb free=3498Kb
 bounds [0x00000259b37c0000, 0x00000259b3a30000, 0x00000259b3d60000]
 total_blobs=9249 nmethods=8413 adapters=745
 compilation: enabled
              stopped_count=0, restarted_count=0
 full_count=0

Compilation events (20 events):
Event: 119.981 Thread 0x00000259caabd800 8786       3       org.apache.xerces.dom.ParentNode::item (6 bytes)
Event: 119.982 Thread 0x00000259caabd800 nmethod 8786 0x00000259b4eb8010 code [0x00000259b4eb81c0, 0x00000259b4eb82e8]
Event: 119.983 Thread 0x00000259caabd800 8787       3       org.apache.xerces.dom.ParentNode::nodeListItem (243 bytes)
Event: 119.989 Thread 0x00000259caabd800 nmethod 8787 0x00000259b4eb8390 code [0x00000259b4eb8620, 0x00000259b4eb95d8]
Event: 120.183 Thread 0x00000259caabd800 8788       1       java.lang.management.DefaultPlatformMBeanProvider$3::mbeanInterfaceNames (5 bytes)
Event: 120.184 Thread 0x00000259caabd800 nmethod 8788 0x00000259bb73ef90 code [0x00000259bb73f140, 0x00000259bb73f1f8]
Event: 120.184 Thread 0x00000259caabd800 8789       1       java.lang.management.DefaultPlatformMBeanProvider$1::mbeanInterfaceNames (5 bytes)
Event: 120.184 Thread 0x00000259caabd800 nmethod 8789 0x00000259bb73f290 code [0x00000259bb73f440, 0x00000259bb73f4f8]
Event: 120.204 Thread 0x00000259caabd800 8790       3       java.util.WeakHashMap::resize (86 bytes)
Event: 120.206 Thread 0x00000259caabd800 nmethod 8790 0x00000259b4eb9990 code [0x00000259b4eb9ba0, 0x00000259b4eba0d8]
Event: 120.208 Thread 0x00000259caabd800 8791       3       org.apache.xerces.impl.XMLNSDocumentScannerImpl::scanAttribute (586 bytes)
Event: 120.221 Thread 0x00000259caabd800 nmethod 8791 0x00000259b4eba310 code [0x00000259b4eba900, 0x00000259b4ebe198]
Event: 120.221 Thread 0x00000259caabd800 8793 %     3       org.apache.xerces.impl.XMLEntityScanner::scanLiteral @ 549 (746 bytes)
Event: 120.227 Thread 0x00000259caabd800 nmethod 8793% 0x00000259b4ebf610 code [0x00000259b4ebf8e0, 0x00000259b4ec0b38]
Event: 120.228 Thread 0x00000259caabd800 8796       3       org.apache.xerces.impl.XMLScanner::scanAttributeValue (1007 bytes)
Event: 120.251 Thread 0x00000259caabd800 nmethod 8796 0x00000259b4ec1210 code [0x00000259b4ec1b60, 0x00000259b4ec8668]
Event: 120.251 Thread 0x00000259caabd800 8792       3       org.apache.xerces.impl.XMLScanner::normalizeWhitespace (56 bytes)
Event: 120.252 Thread 0x00000259caabd800 nmethod 8792 0x00000259b4eca610 code [0x00000259b4eca7e0, 0x00000259b4ecaa38]
Event: 120.252 Thread 0x00000259caabd800 8795       3       org.apache.xerces.util.XMLStringBuffer::append (17 bytes)
Event: 120.253 Thread 0x00000259caabd800 nmethod 8795 0x00000259b4ecab90 code [0x00000259b4ecad40, 0x00000259b4ecae88]

GC Heap History (20 events):
Event: 28.883 GC heap before
{Heap before GC invocations=7 (full 0):
 garbage-first heap   total 129024K, used 81493K [0x0000000080000000, 0x0000000100000000)
  region size 1024K, 62 young (63488K), 6 survivors (6144K)
 Metaspace       used 40721K, capacity 41566K, committed 41600K, reserved 1085440K
  class space    used 5203K, capacity 5501K, committed 5504K, reserved 1048576K
}
Event: 28.927 GC heap after
{Heap after GC invocations=8 (full 0):
 garbage-first heap   total 129024K, used 24345K [0x0000000080000000, 0x0000000100000000)
  region size 1024K, 7 young (7168K), 7 survivors (7168K)
 Metaspace       used 40721K, capacity 41566K, committed 41600K, reserved 1085440K
  class space    used 5203K, capacity 5501K, committed 5504K, reserved 1048576K
}
Event: 35.974 GC heap before
{Heap before GC invocations=8 (full 0):
 garbage-first heap   total 129024K, used 83737K [0x0000000080000000, 0x0000000100000000)
  region size 1024K, 65 young (66560K), 7 survivors (7168K)
 Metaspace       used 44231K, capacity 45227K, committed 45568K, reserved 1089536K
  class space    used 5675K, capacity 6021K, committed 6144K, reserved 1048576K
}
Event: 35.995 GC heap after
{Heap after GC invocations=9 (full 0):
 garbage-first heap   total 129024K, used 26693K [0x0000000080000000, 0x0000000100000000)
  region size 1024K, 6 young (6144K), 6 survivors (6144K)
 Metaspace       used 44231K, capacity 45227K, committed 45568K, reserved 1089536K
  class space    used 5675K, capacity 6021K, committed 6144K, reserved 1048576K
}
Event: 55.156 GC heap before
{Heap before GC invocations=9 (full 0):
 garbage-first heap   total 129024K, used 90181K [0x0000000080000000, 0x0000000100000000)
  region size 1024K, 66 young (67584K), 6 survivors (6144K)
 Metaspace       used 50920K, capacity 52143K, committed 52352K, reserved 1095680K
  class space    used 6502K, capacity 6928K, committed 7040K, reserved 1048576K
}
Event: 55.177 GC heap after
{Heap after GC invocations=10 (full 0):
 garbage-first heap   total 129024K, used 37131K [0x0000000080000000, 0x0000000100000000)
  region size 1024K, 9 young (9216K), 9 survivors (9216K)
 Metaspace       used 50920K, capacity 52143K, committed 52352K, reserved 1095680K
  class space    used 6502K, capacity 6928K, committed 7040K, reserved 1048576K
}
Event: 68.517 GC heap before
{Heap before GC invocations=10 (full 0):
 garbage-first heap   total 129024K, used 91403K [0x0000000080000000, 0x0000000100000000)
  region size 1024K, 63 young (64512K), 9 survivors (9216K)
 Metaspace       used 57853K, capacity 59268K, committed 59392K, reserved 1101824K
  class space    used 7368K, capacity 7881K, committed 7936K, reserved 1048576K
}
Event: 68.541 GC heap after
{Heap after GC invocations=11 (full 0):
 garbage-first heap   total 129024K, used 42059K [0x0000000080000000, 0x0000000100000000)
  region size 1024K, 5 young (5120K), 5 survivors (5120K)
 Metaspace       used 57853K, capacity 59268K, committed 59392K, reserved 1101824K
  class space    used 7368K, capacity 7881K, committed 7936K, reserved 1048576K
}
Event: 69.333 GC heap before
{Heap before GC invocations=11 (full 0):
 garbage-first heap   total 129024K, used 47179K [0x0000000080000000, 0x0000000100000000)
  region size 1024K, 11 young (11264K), 5 survivors (5120K)
 Metaspace       used 58439K, capacity 59841K, committed 59904K, reserved 1101824K
  class space    used 7418K, capacity 7919K, committed 7936K, reserved 1048576K
}
Event: 69.351 GC heap after
{Heap after GC invocations=12 (full 0):
 garbage-first heap   total 129024K, used 42823K [0x0000000080000000, 0x0000000100000000)
  region size 1024K, 5 young (5120K), 5 survivors (5120K)
 Metaspace       used 58439K, capacity 59841K, committed 59904K, reserved 1101824K
  class space    used 7418K, capacity 7919K, committed 7936K, reserved 1048576K
}
Event: 78.316 GC heap before
{Heap before GC invocations=13 (full 0):
 garbage-first heap   total 129024K, used 97095K [0x0000000080000000, 0x0000000100000000)
  region size 1024K, 58 young (59392K), 5 survivors (5120K)
 Metaspace       used 62881K, capacity 64284K, committed 64512K, reserved 1105920K
  class space    used 8137K, capacity 8650K, committed 8704K, reserved 1048576K
}
Event: 78.342 GC heap after
{Heap after GC invocations=14 (full 0):
 garbage-first heap   total 129024K, used 46259K [0x0000000080000000, 0x0000000100000000)
  region size 1024K, 5 young (5120K), 5 survivors (5120K)
 Metaspace       used 62881K, capacity 64284K, committed 64512K, reserved 1105920K
  class space    used 8137K, capacity 8650K, committed 8704K, reserved 1048576K
}
Event: 89.184 GC heap before
{Heap before GC invocations=14 (full 0):
 garbage-first heap   total 129024K, used 99507K [0x0000000080000000, 0x0000000100000000)
  region size 1024K, 57 young (58368K), 5 survivors (5120K)
 Metaspace       used 69254K, capacity 70847K, committed 71168K, reserved 1110016K
  class space    used 9076K, capacity 9604K, committed 9728K, reserved 1048576K
}
Event: 89.214 GC heap after
{Heap after GC invocations=15 (full 0):
 garbage-first heap   total 129024K, used 49260K [0x0000000080000000, 0x0000000100000000)
  region size 1024K, 7 young (7168K), 7 survivors (7168K)
 Metaspace       used 69254K, capacity 70847K, committed 71168K, reserved 1110016K
  class space    used 9076K, capacity 9604K, committed 9728K, reserved 1048576K
}
Event: 99.034 GC heap before
{Heap before GC invocations=15 (full 0):
 garbage-first heap   total 129024K, used 100460K [0x0000000080000000, 0x0000000100000000)
  region size 1024K, 58 young (59392K), 7 survivors (7168K)
 Metaspace       used 74242K, capacity 76021K, committed 76160K, reserved 1116160K
  class space    used 9726K, capacity 10341K, committed 10368K, reserved 1048576K
}
Event: 99.070 GC heap after
{Heap after GC invocations=16 (full 0):
 garbage-first heap   total 129024K, used 53318K [0x0000000080000000, 0x0000000100000000)
  region size 1024K, 7 young (7168K), 7 survivors (7168K)
 Metaspace       used 74242K, capacity 76021K, committed 76160K, reserved 1116160K
  class space    used 9726K, capacity 10341K, committed 10368K, reserved 1048576K
}
Event: 103.850 GC heap before
{Heap before GC invocations=16 (full 0):
 garbage-first heap   total 129024K, used 101446K [0x0000000080000000, 0x0000000100000000)
  region size 1024K, 55 young (56320K), 7 survivors (7168K)
 Metaspace       used 75168K, capacity 76921K, committed 77056K, reserved 1116160K
  class space    used 9805K, capacity 10441K, committed 10496K, reserved 1048576K
}
Event: 103.880 GC heap after
{Heap after GC invocations=17 (full 0):
 garbage-first heap   total 129024K, used 56529K [0x0000000080000000, 0x0000000100000000)
  region size 1024K, 4 young (4096K), 4 survivors (4096K)
 Metaspace       used 75168K, capacity 76921K, committed 77056K, reserved 1116160K
  class space    used 9805K, capacity 10441K, committed 10496K, reserved 1048576K
}
Event: 115.109 GC heap before
{Heap before GC invocations=17 (full 0):
 garbage-first heap   total 129024K, used 103633K [0x0000000080000000, 0x0000000100000000)
  region size 1024K, 51 young (52224K), 4 survivors (4096K)
 Metaspace       used 76537K, capacity 78452K, committed 78720K, reserved 1118208K
  class space    used 9941K, capacity 10606K, committed 10624K, reserved 1048576K
}
Event: 115.141 GC heap after
{Heap after GC invocations=18 (full 0):
 garbage-first heap   total 129024K, used 60827K [0x0000000080000000, 0x0000000100000000)
  region size 1024K, 7 young (7168K), 7 survivors (7168K)
 Metaspace       used 76537K, capacity 78452K, committed 78720K, reserved 1118208K
  class space    used 9941K, capacity 10606K, committed 10624K, reserved 1048576K
}

Deoptimization events (20 events):
Event: 119.980 Thread 0x00000259d0653800 Uncommon trap: trap_request=0xffffff4d fr.pc=0x00000259bb73b3d8 relative=0x0000000000000298
Event: 119.980 Thread 0x00000259d0653800 Uncommon trap: reason=unstable_if action=reinterpret pc=0x00000259bb73b3d8 method=org.apache.xerces.dom.ParentNode.nodeListItem(I)Lorg/w3c/dom/Node; @ 4 c2
Event: 119.981 Thread 0x00000259d0653800 DEOPT PACKING pc=0x00000259bb73b3d8 sp=0x000000c8f30fad90
Event: 119.981 Thread 0x00000259d0653800 DEOPT UNPACKING pc=0x00000259b37c822f sp=0x000000c8f30fad48 mode 2
Event: 120.199 Thread 0x00000259d0653800 Uncommon trap: trap_request=0xffffffc6 fr.pc=0x00000259bb722380 relative=0x0000000000000520
Event: 120.199 Thread 0x00000259d0653800 Uncommon trap: reason=bimorphic_or_optimized_type_check action=maybe_recompile pc=0x00000259bb722380 method=org.apache.xerces.dom.NamedNodeMapImpl.findNamePoint(Ljava/lang/String;I)I @ 50 c2
Event: 120.199 Thread 0x00000259d0653800 DEOPT PACKING pc=0x00000259bb722380 sp=0x000000c8f30fa270
Event: 120.200 Thread 0x00000259d0653800 DEOPT UNPACKING pc=0x00000259b37c822f sp=0x000000c8f30fa208 mode 2
Event: 120.207 Thread 0x00000259d0653800 Uncommon trap: trap_request=0xffffff4d fr.pc=0x00000259bb735ee4 relative=0x0000000000000ba4
Event: 120.207 Thread 0x00000259d0653800 Uncommon trap: reason=unstable_if action=reinterpret pc=0x00000259bb735ee4 method=org.apache.xerces.impl.XMLNSDocumentScannerImpl.scanAttribute(Lorg/apache/xerces/util/XMLAttributesImpl;)V @ 276 c2
Event: 120.207 Thread 0x00000259d0653800 DEOPT PACKING pc=0x00000259bb735ee4 sp=0x000000c8f30fa5c0
Event: 120.207 Thread 0x00000259d0653800 DEOPT UNPACKING pc=0x00000259b37c822f sp=0x000000c8f30fa578 mode 2
Event: 120.212 Thread 0x00000259d0653800 Uncommon trap: trap_request=0xffffff4d fr.pc=0x00000259bb700504 relative=0x0000000000000664
Event: 120.212 Thread 0x00000259d0653800 Uncommon trap: reason=unstable_if action=reinterpret pc=0x00000259bb700504 method=org.apache.xerces.impl.XMLEntityScanner.scanLiteral(ILorg/apache/xerces/xni/XMLString;)I @ 606 c2
Event: 120.212 Thread 0x00000259d0653800 DEOPT PACKING pc=0x00000259bb700504 sp=0x000000c8f30fa480
Event: 120.212 Thread 0x00000259d0653800 DEOPT UNPACKING pc=0x00000259b37c822f sp=0x000000c8f30fa408 mode 2
Event: 120.212 Thread 0x00000259d0653800 Uncommon trap: trap_request=0xffffff4d fr.pc=0x00000259bb715d4c relative=0x0000000000000e6c
Event: 120.212 Thread 0x00000259d0653800 Uncommon trap: reason=unstable_if action=reinterpret pc=0x00000259bb715d4c method=org.apache.xerces.impl.XMLScanner.scanAttributeValue(Lorg/apache/xerces/xni/XMLString;Lorg/apache/xerces/xni/XMLString;Ljava/lang/String;ZLjava/lang/String;)Z @ 642 c2
Event: 120.212 Thread 0x00000259d0653800 DEOPT PACKING pc=0x00000259bb715d4c sp=0x000000c8f30fa4e0
Event: 120.212 Thread 0x00000259d0653800 DEOPT UNPACKING pc=0x00000259b37c822f sp=0x000000c8f30fa4b0 mode 2

Classes redefined (0 events):
No events

Internal exceptions (20 events):
Event: 95.859 Thread 0x00000259cc49e000 Exception <a 'java/lang/NoSuchMethodError'{0x0000000085b3a5d0}: <clinit>> (0x0000000085b3a5d0) thrown at [./src/hotspot/share/prims/jni.cpp, line 1362]
Event: 96.981 Thread 0x00000259cc6dc800 Exception <a 'java/lang/NoSuchMethodError'{0x00000000853cfe58}: <clinit>> (0x00000000853cfe58) thrown at [./src/hotspot/share/prims/jni.cpp, line 1362]
Event: 96.988 Thread 0x00000259cc6dc800 Exception <a 'java/lang/NoSuchMethodError'{0x00000000853da370}: <clinit>> (0x00000000853da370) thrown at [./src/hotspot/share/prims/jni.cpp, line 1362]
Event: 97.041 Thread 0x00000259cc6dc800 Exception <a 'java/lang/NoSuchMethodError'{0x000000008524a358}: <clinit>> (0x000000008524a358) thrown at [./src/hotspot/share/prims/jni.cpp, line 1362]
Event: 97.057 Thread 0x00000259cc6dc800 Exception <a 'java/lang/NoSuchMethodError'{0x00000000852732e8}: <clinit>> (0x00000000852732e8) thrown at [./src/hotspot/share/prims/jni.cpp, line 1362]
Event: 97.058 Thread 0x00000259cc6dc800 Exception <a 'java/lang/NoSuchMethodError'{0x000000008528c410}: <clinit>> (0x000000008528c410) thrown at [./src/hotspot/share/prims/jni.cpp, line 1362]
Event: 97.108 Thread 0x00000259d064f800 Exception <a 'java/lang/NoSuchMethodError'{0x00000000852c8db0}: 'java.lang.Object java.lang.invoke.Invokers$Holder.linkToTargetMethod(java.lang.Object, java.lang.Object, java.lang.Object, java.lang.Object, java.lang.Object, java.lang.Object, java.lang.Object, java.lang.Object)'> (0x00000000852c8db0) thrown at [./src/hotspot/share/interpreter/linkResolver.cpp, line 773]
Event: 97.168 Thread 0x00000259d065b000 Exception <a 'java/lang/NoSuchMethodError'{0x0000000085d8b2f8}: <clinit>> (0x0000000085d8b2f8) thrown at [./src/hotspot/share/prims/jni.cpp, line 1362]
Event: 97.177 Thread 0x00000259d065b000 Exception <a 'java/lang/NoSuchMethodError'{0x00000000851e2c40}: <clinit>> (0x00000000851e2c40) thrown at [./src/hotspot/share/prims/jni.cpp, line 1362]
Event: 97.791 Thread 0x00000259cc6dc800 Exception <a 'java/lang/NoSuchMethodError'{0x0000000084e68688}: <clinit>> (0x0000000084e68688) thrown at [./src/hotspot/share/prims/jni.cpp, line 1362]
Event: 100.433 Thread 0x00000259d064f800 Exception <a 'java/lang/NoSuchMethodError'{0x0000000087a37e40}: 'java.lang.Object java.lang.invoke.Invokers$Holder.linkToTargetMethod(java.lang.Object, java.lang.Object, java.lang.Object, java.lang.Object, java.lang.Object, java.lang.Object, java.lang.Object)'> (0x0000000087a37e40) thrown at [./src/hotspot/share/interpreter/linkResolver.cpp, line 773]
Event: 100.702 Thread 0x00000259cceee800 Exception <a 'java/lang/NoSuchMethodError'{0x00000000878ae308}: 'java.lang.Object java.lang.invoke.DirectMethodHandle$Holder.invokeSpecialIFC(java.lang.Object, java.lang.Object, java.lang.Object)'> (0x00000000878ae308) thrown at [./src/hotspot/share/interpreter/linkResolver.cpp, line 773]
Event: 100.703 Thread 0x00000259ccee5800 Exception <a 'java/lang/NoSuchMethodError'{0x00000000878d83d0}: 'java.lang.Object java.lang.invoke.DirectMethodHandle$Holder.invokeSpecialIFC(java.lang.Object, java.lang.Object, java.lang.Object)'> (0x00000000878d83d0) thrown at [./src/hotspot/share/interpreter/linkResolver.cpp, line 773]
Event: 100.704 Thread 0x00000259ccef1000 Exception <a 'java/lang/NoSuchMethodError'{0x00000000879db720}: 'java.lang.Object java.lang.invoke.DirectMethodHandle$Holder.invokeSpecialIFC(java.lang.Object, java.lang.Object, java.lang.Object)'> (0x00000000879db720) thrown at [./src/hotspot/share/interpreter/linkResolver.cpp, line 773]
Event: 104.078 Thread 0x00000259d0653800 Exception <a 'java/lang/NoSuchMethodError'{0x0000000087abccd8}: 'java.lang.Object java.lang.invoke.DirectMethodHandle$Holder.invokeSpecial(java.lang.Object, java.lang.Object, int, java.lang.Object, java.lang.Object)'> (0x0000000087abccd8) thrown at [./src/hotspot/share/interpreter/linkResolver.cpp, line 773]
Event: 104.083 Thread 0x00000259d0653800 Exception <a 'java/lang/NoSuchMethodError'{0x0000000087ac5500}: 'java.lang.Object java.lang.invoke.DirectMethodHandle$Holder.invokeStatic(java.lang.Object, java.lang.Object, int, java.lang.Object)'> (0x0000000087ac5500) thrown at [./src/hotspot/share/interpreter/linkResolver.cpp, line 773]
Event: 104.087 Thread 0x00000259d0653800 Exception <a 'java/lang/NoSuchMethodError'{0x0000000087ac91f8}: 'java.lang.Object java.lang.invoke.Invokers$Holder.linkToTargetMethod(java.lang.Object, int, java.lang.Object, java.lang.Object)'> (0x0000000087ac91f8) thrown at [./src/hotspot/share/interpreter/linkResolver.cpp, line 773]
Event: 104.129 Thread 0x00000259d0653800 Exception <a 'java/lang/NoSuchMethodError'{0x0000000087ae13b0}: 'void java.lang.invoke.DirectMethodHandle$Holder.invokeVirtual(java.lang.Object, java.lang.Object)'> (0x0000000087ae13b0) thrown at [./src/hotspot/share/interpreter/linkResolver.cpp, line 773]
Event: 119.979 Thread 0x00000259d0653800 Implicit null exception at 0x00000259bb73b875 to 0x00000259bb73babc
Event: 119.980 Thread 0x00000259d0653800 Implicit null exception at 0x00000259bb73b175 to 0x00000259bb73b3bc

Events (20 events):
Event: 109.179 loading class com/google/common/collect/Maps$EntrySet
Event: 109.179 loading class com/google/common/collect/Maps$EntrySet done
Event: 109.191 loading class com/google/common/collect/LinkedListMultimap$1KeySetImpl
Event: 109.191 loading class com/google/common/collect/LinkedListMultimap$1KeySetImpl done
Event: 109.199 loading class com/google/common/collect/Multimaps$AsMap$EntrySet$1
Event: 109.199 loading class com/google/common/collect/Multimaps$AsMap$EntrySet$1 done
Event: 109.210 loading class com/google/common/collect/Maps$3
Event: 109.210 loading class com/google/common/collect/Maps$3 done
Event: 109.229 loading class com/google/common/collect/TransformedIterator
Event: 109.229 loading class com/google/common/collect/TransformedIterator done
Event: 109.231 loading class com/google/common/collect/LinkedListMultimap$DistinctKeyIterator
Event: 109.231 loading class com/google/common/collect/LinkedListMultimap$DistinctKeyIterator done
Event: 109.234 loading class com/google/common/collect/LinkedListMultimap$1
Event: 109.234 loading class com/google/common/collect/LinkedListMultimap$1 done
Event: 109.238 loading class com/google/common/collect/LinkedListMultimap$ValueForKeyIterator
Event: 109.238 loading class com/google/common/collect/LinkedListMultimap$ValueForKeyIterator done
Event: 110.006 Executing VM operation: BulkRevokeBias
Event: 110.009 Executing VM operation: BulkRevokeBias done
Event: 115.108 Executing VM operation: G1CollectForAllocation
Event: 115.141 Executing VM operation: G1CollectForAllocation done


Dynamic libraries:
0x00007ff62eb60000 - 0x00007ff62eb6a000 	C:\Program Files\Android\Android Studio\jre\bin\java.exe
0x00007ffcc2720000 - 0x00007ffcc2910000 	C:\Windows\SYSTEM32\ntdll.dll
0x00007ffcc1f20000 - 0x00007ffcc1fd2000 	C:\Windows\System32\KERNEL32.DLL
0x00007ffcc0100000 - 0x00007ffcc03a5000 	C:\Windows\System32\KERNELBASE.dll
0x00007ffcbffd0000 - 0x00007ffcc00ca000 	C:\Windows\System32\ucrtbase.dll
0x00007ffcaf930000 - 0x00007ffcaf949000 	C:\Program Files\Android\Android Studio\jre\bin\jli.dll
0x00007ffcc1680000 - 0x00007ffcc1814000 	C:\Windows\System32\USER32.dll
0x00007ffcc00d0000 - 0x00007ffcc00f1000 	C:\Windows\System32\win32u.dll
0x00007ffcc0ce0000 - 0x00007ffcc0d06000 	C:\Windows\System32\GDI32.dll
0x00007ffcbfe30000 - 0x00007ffcbffc8000 	C:\Windows\System32\gdi32full.dll
0x00007ffcc0700000 - 0x00007ffcc079e000 	C:\Windows\System32\msvcp_win.dll
0x00007ffcac5a0000 - 0x00007ffcac5b7000 	C:\Program Files\Android\Android Studio\jre\bin\VCRUNTIME140.dll
0x00007ffca1c40000 - 0x00007ffca1ec4000 	C:\Windows\WinSxS\amd64_microsoft.windows.common-controls_6595b64144ccf1df_6.0.18362.1556_none_9e7e372fe45e41d5\COMCTL32.dll
0x00007ffcc08a0000 - 0x00007ffcc093e000 	C:\Windows\System32\msvcrt.dll
0x00007ffcc0940000 - 0x00007ffcc0c76000 	C:\Windows\System32\combase.dll
0x00007ffcc1490000 - 0x00007ffcc15af000 	C:\Windows\System32\RPCRT4.dll
0x00007ffcc0620000 - 0x00007ffcc06a1000 	C:\Windows\System32\bcryptPrimitives.dll
0x00007ffcc25a0000 - 0x00007ffcc25ce000 	C:\Windows\System32\IMM32.DLL
0x00007ffc87100000 - 0x00007ffc8719d000 	C:\Program Files\Android\Android Studio\jre\bin\msvcp140.dll
0x00007ffc78760000 - 0x00007ffc7921c000 	C:\Program Files\Android\Android Studio\jre\bin\server\jvm.dll
0x00007ffcc25d0000 - 0x00007ffcc2673000 	C:\Windows\System32\ADVAPI32.dll
0x00007ffcc1b60000 - 0x00007ffcc1bf7000 	C:\Windows\System32\sechost.dll
0x00007ffcc1960000 - 0x00007ffcc1968000 	C:\Windows\System32\PSAPI.DLL
0x00007ffca5c60000 - 0x00007ffca5c69000 	C:\Windows\SYSTEM32\WSOCK32.dll
0x00007ffcc15b0000 - 0x00007ffcc161f000 	C:\Windows\System32\WS2_32.dll
0x00007ffcbbbb0000 - 0x00007ffcbbbd4000 	C:\Windows\SYSTEM32\WINMM.dll
0x00007ffcb85a0000 - 0x00007ffcb85aa000 	C:\Windows\SYSTEM32\VERSION.dll
0x00007ffcbbb80000 - 0x00007ffcbbbad000 	C:\Windows\SYSTEM32\winmmbase.dll
0x00007ffcc06b0000 - 0x00007ffcc06fa000 	C:\Windows\System32\cfgmgr32.dll
0x00007ffcbf620000 - 0x00007ffcbf631000 	C:\Windows\System32\kernel.appcore.dll
0x00007ffcb2150000 - 0x00007ffcb2161000 	C:\Program Files\Android\Android Studio\jre\bin\verify.dll
0x00007ffcbdec0000 - 0x00007ffcbe0b4000 	C:\Windows\SYSTEM32\DBGHELP.DLL
0x00007ffca3fa0000 - 0x00007ffca3fca000 	C:\Windows\SYSTEM32\dbgcore.DLL
0x00007ffcb0260000 - 0x00007ffcb0289000 	C:\Program Files\Android\Android Studio\jre\bin\java.dll
0x00007ffcb21c0000 - 0x00007ffcb21cb000 	C:\Program Files\Android\Android Studio\jre\bin\jimage.dll
0x00007ffcb0200000 - 0x00007ffcb0218000 	C:\Program Files\Android\Android Studio\jre\bin\zip.dll
0x00007ffcc0da0000 - 0x00007ffcc1487000 	C:\Windows\System32\SHELL32.dll
0x00007ffcc18b0000 - 0x00007ffcc1958000 	C:\Windows\System32\shcore.dll
0x00007ffcbf6b0000 - 0x00007ffcbfe2b000 	C:\Windows\System32\windows.storage.dll
0x00007ffcbf5e0000 - 0x00007ffcbf5fe000 	C:\Windows\System32\profapi.dll
0x00007ffcbf640000 - 0x00007ffcbf68a000 	C:\Windows\System32\powrprof.dll
0x00007ffcbf5d0000 - 0x00007ffcbf5e0000 	C:\Windows\System32\UMPDC.dll
0x00007ffcc2680000 - 0x00007ffcc26d2000 	C:\Windows\System32\shlwapi.dll
0x00007ffcbf690000 - 0x00007ffcbf6a7000 	C:\Windows\System32\cryptsp.dll
0x00007ffcb0190000 - 0x00007ffcb01aa000 	C:\Program Files\Android\Android Studio\jre\bin\net.dll
0x00007ffcb4d40000 - 0x00007ffcb4e3a000 	C:\Windows\SYSTEM32\WINHTTP.dll
0x00007ffcbee10000 - 0x00007ffcbee77000 	C:\Windows\system32\mswsock.dll
0x00007ffcb00b0000 - 0x00007ffcb00c4000 	C:\Program Files\Android\Android Studio\jre\bin\nio.dll
0x00007ffcb21d0000 - 0x00007ffcb21f7000 	C:\Users\Admin\.gradle\native\fdc75f09e3144964f2cf3f50f0aa648679c211496f362492102eb8c894070792\windows-amd64\native-platform.dll
0x00007ffc85e20000 - 0x00007ffc85fb6000 	C:\Users\Admin\.gradle\native\12488b8bf47d2d4c9fbf2f6322a914ad602e24e48041cd04a747c6da556b65c4\windows-amd64\native-platform-file-events.dll
0x00007ffcb2180000 - 0x00007ffcb218a000 	C:\Program Files\Android\Android Studio\jre\bin\management.dll
0x00007ffcb2140000 - 0x00007ffcb214c000 	C:\Program Files\Android\Android Studio\jre\bin\management_ext.dll
0x00007ffcbe990000 - 0x00007ffcbe9c3000 	C:\Windows\system32\rsaenh.dll
0x00007ffcc07a0000 - 0x00007ffcc07c6000 	C:\Windows\System32\bcrypt.dll
0x00007ffcbf4f0000 - 0x00007ffcbf515000 	C:\Windows\SYSTEM32\USERENV.dll
0x00007ffcbefe0000 - 0x00007ffcbefec000 	C:\Windows\SYSTEM32\CRYPTBASE.dll
0x00007ffcbeb20000 - 0x00007ffcbeb5a000 	C:\Windows\SYSTEM32\IPHLPAPI.DLL
0x00007ffcc0d10000 - 0x00007ffcc0d18000 	C:\Windows\System32\NSI.dll
0x00007ffcb5470000 - 0x00007ffcb5486000 	C:\Windows\SYSTEM32\dhcpcsvc6.DLL
0x00007ffcb56b0000 - 0x00007ffcb56cc000 	C:\Windows\SYSTEM32\dhcpcsvc.DLL
0x00007ffcbeb70000 - 0x00007ffcbec3b000 	C:\Windows\SYSTEM32\DNSAPI.dll
0x00007ffcb6a10000 - 0x00007ffcb6a1b000 	C:\Windows\SYSTEM32\WINNSI.DLL

dbghelp: loaded successfully - version: 4.0.5 - missing functions: none
symbol engine: initialized successfully - sym options: 0x614 - pdb path: .;C:\Program Files\Android\Android Studio\jre\bin;C:\Windows\SYSTEM32;C:\Windows\WinSxS\amd64_microsoft.windows.common-controls_6595b64144ccf1df_6.0.18362.1556_none_9e7e372fe45e41d5;C:\Program Files\Android\Android Studio\jre\bin\server;C:\Users\Admin\.gradle\native\fdc75f09e3144964f2cf3f50f0aa648679c211496f362492102eb8c894070792\windows-amd64;C:\Users\Admin\.gradle\native\12488b8bf47d2d4c9fbf2f6322a914ad602e24e48041cd04a747c6da556b65c4\windows-amd64

VM Arguments:
jvm_args: --add-opens=java.base/java.util=ALL-UNNAMED --add-opens=java.base/java.lang=ALL-UNNAMED --add-opens=java.base/java.lang.invoke=ALL-UNNAMED --add-opens=java.prefs/java.util.prefs=ALL-UNNAMED -Xmx2048m -Dfile.encoding=UTF-8 -Duser.country=US -Duser.language=en -Duser.variant 
java_command: org.gradle.launcher.daemon.bootstrap.GradleDaemon 6.7.1
java_class_path (initial): C:\Users\Admin\.gradle\wrapper\dists\gradle-6.7.1-bin\bwlcbys1h7rz3272sye1xwiv6\gradle-6.7.1\lib\gradle-launcher-6.7.1.jar
Launcher Type: SUN_STANDARD

[Global flags]
     intx CICompilerCount                          = 4                                         {product} {ergonomic}
     uint ConcGCThreads                            = 2                                         {product} {ergonomic}
     uint G1ConcRefinementThreads                  = 8                                         {product} {ergonomic}
   size_t G1HeapRegionSize                         = 1048576                                   {product} {ergonomic}
    uintx GCDrainStackTargetSize                   = 64                                        {product} {ergonomic}
   size_t InitialHeapSize                          = 132120576                                 {product} {ergonomic}
   size_t MarkStackSize                            = 4194304                                   {product} {ergonomic}
   size_t MaxHeapSize                              = 2147483648                                {product} {command line}
   size_t MaxNewSize                               = 1287651328                                {product} {ergonomic}
   size_t MinHeapDeltaBytes                        = 1048576                                   {product} {ergonomic}
    uintx NonNMethodCodeHeapSize                   = 5836300                                {pd product} {ergonomic}
    uintx NonProfiledCodeHeapSize                  = 122910970                              {pd product} {ergonomic}
    uintx ProfiledCodeHeapSize                     = 122910970                              {pd product} {ergonomic}
    uintx ReservedCodeCacheSize                    = 251658240                              {pd product} {ergonomic}
     bool SegmentedCodeCache                       = true                                      {product} {ergonomic}
     bool UseCompressedClassPointers               = true                                 {lp64_product} {ergonomic}
     bool UseCompressedOops                        = true                                 {lp64_product} {ergonomic}
     bool UseG1GC                                  = true                                      {product} {ergonomic}
     bool UseLargePagesIndividualAllocation        = false                                  {pd product} {ergonomic}

Logging:
Log output configuration:
 #0: stdout all=warning uptime,level,tags
 #1: stderr all=off uptime,level,tags

Environment Variables:
PATH=C:\Program Files (x86)\Common Files\Oracle\Java\javapath;C:\Windows\system32;C:\Windows;C:\Windows\System32\Wbem;C:\Windows\System32\WindowsPowerShell\v1.0\;C:\Windows\System32\OpenSSH\;C:\Program Files\NVIDIA Corporation\NVIDIA NvDLISR;C:\Program Files\Microsoft SQL Server\Client SDK\ODBC\170\Tools\Binn\;C:\Program Files (x86)\Microsoft SQL Server\150\Tools\Binn\;C:\Program Files\Microsoft SQL Server\150\Tools\Binn\;C:\Program Files\Microsoft SQL Server\150\DTS\Binn\;C:\Program Files (x86)\Microsoft SQL Server\150\DTS\Binn\;C:\Program Files\Azure Data Studio\bin;C:\Program Files\Git\cmd;C:\Program Files\MySQL\MySQL Shell 8.0\bin\;C:\Users\Admin\AppData\Local\Microsoft\WindowsApps;C:\Program Files\Azure Data Studio\bin;C:\Users\Admin\AppData\Local\GitHubDesktop\bin
USERNAME=Admin
OS=Windows_NT
PROCESSOR_IDENTIFIER=Intel64 Family 6 Model 126 Stepping 5, GenuineIntel



---------------  S Y S T E M  ---------------

OS: Windows 10 , 64 bit Build 18362 (10.0.18362.1500)
OS uptime: 2 days 3:30 hours

CPU:total 8 (initial active 8) (4 cores per cpu, 2 threads per core) family 6 model 126 stepping 5, cmov, cx8, fxsr, mmx, sse, sse2, sse3, ssse3, sse4.1, sse4.2, popcnt, avx, avx2, aes, clmul, erms, 3dnowpref, lzcnt, ht, tsc, tscinvbit, bmi1, bmi2, adx, evex, sha, fma

Memory: 4k page, system-wide physical 7959M (220M free)
TotalPageFile size 14103M (AvailPageFile size 4M)
current process WorkingSet (physical memory assigned to process): 330M, peak: 335M
current process commit charge ("private bytes"): 369M, peak: 379M

vm_info: OpenJDK 64-Bit Server VM (11.0.8+10-b944.6842174) for windows-amd64 JRE (11.0.8+10-b944.6842174), built on Sep 19 2020 01:11:42 by "builder" with MS VC++ 14.0 (VS2015)

END.
