#
# There is insufficient memory for the Java Runtime Environment to continue.
# Native memory allocation (mmap) failed to map 132120576 bytes for Failed to commit area from 0x0000000083a00000 to 0x000000008b800000 of length 132120576.
# Possible reasons:
#   The system is out of physical RAM or swap space
#   The process is running with CompressedOops enabled, and the Java Heap may be blocking the growth of the native heap
# Possible solutions:
#   Reduce memory load on the system
#   Increase physical memory or swap space
#   Check if swap backing store is full
#   Decrease Java heap size (-Xmx/-Xms)
#   Decrease number of Java threads
#   Decrease Java thread stack sizes (-Xss)
#   Set larger code cache with -XX:ReservedCodeCacheSize=
# This output file may be truncated or incomplete.
#
#  Out of Memory Error (./src/hotspot/os/windows/os_windows.cpp:3303), pid=3016, tid=15668
#
# JRE version:  (11.0.8+10) (build )
# Java VM: OpenJDK 64-Bit Server VM (11.0.8+10-b944.6842174, mixed mode, sharing, tiered, compressed oops, g1 gc, windows-amd64)
# No core dump will be written. Minidumps are not enabled by default on client versions of Windows
#

---------------  S U M M A R Y ------------

Command Line: org.jetbrains.git4idea.http.GitAskPassApp Username for 'https://github.com': 

Host: Intel(R) Core(TM) i5-1035G1 CPU @ 1.00GHz, 8 cores, 7G,  Windows 10 , 64 bit Build 18362 (10.0.18362.1500)
Time: Mon Sep 20 17:37:45 2021 Sri Lanka Standard Time elapsed time: 0 seconds (0d 0h 0m 0s)

---------------  T H R E A D  ---------------

Current thread (0x000001c672f7b800):  JavaThread "Unknown thread" [_thread_in_vm, id=15668, stack(0x0000005ed2600000,0x0000005ed2700000)]

Stack: [0x0000005ed2600000,0x0000005ed2700000]
Native frames: (J=compiled Java code, j=interpreted, Vv=VM code, C=native code)
V  [jvm.dll+0x5de50a]
V  [jvm.dll+0x7122f5]
V  [jvm.dll+0x71384d]
V  [jvm.dll+0x713f03]
V  [jvm.dll+0x23e728]
V  [jvm.dll+0x5db9a4]
V  [jvm.dll+0x5d0ae5]
V  [jvm.dll+0x2fb20b]
V  [jvm.dll+0x2fb17a]
V  [jvm.dll+0x2fb052]
V  [jvm.dll+0x2fff16]
V  [jvm.dll+0x348743]
V  [jvm.dll+0x348e46]
V  [jvm.dll+0x348843]
V  [jvm.dll+0x2d5d68]
V  [jvm.dll+0x2d6f07]
V  [jvm.dll+0x6f11f7]
V  [jvm.dll+0x6f29ec]
V  [jvm.dll+0x355cb9]
V  [jvm.dll+0x6d4ade]
V  [jvm.dll+0x3bdfe3]
V  [jvm.dll+0x3c0201]
C  [jli.dll+0x5373]
C  [ucrtbase.dll+0x210b2]
C  [KERNEL32.DLL+0x17c24]
C  [ntdll.dll+0x6d721]


---------------  P R O C E S S  ---------------

Threads class SMR info:
_java_thread_list=0x000001c670cd5b80, length=0, elements={
}

Java Threads: ( => current thread )

Other Threads:
  0x000001c672f93000 GCTaskThread "GC Thread#0" [stack: 0x0000005ed2700000,0x0000005ed2800000] [id=16168]
  0x000001c672fc4000 ConcurrentGCThread "G1 Main Marker" [stack: 0x0000005ed2800000,0x0000005ed2900000] [id=2372]
  0x000001c672fc5800 ConcurrentGCThread "G1 Conc#0" [stack: 0x0000005ed2900000,0x0000005ed2a00000] [id=9144]

[error occurred during error reporting (printing all threads), id 0xc0000005, EXCEPTION_ACCESS_VIOLATION (0xc0000005) at pc=0x00007ff831be6357]

VM state:not at safepoint (not fully initialized)

VM Mutex/Monitor currently owned by a thread:  ([mutex/lock_event])
[0x000001c672f77b20] Heap_lock - owner thread: 0x000001c672f7b800

Heap address: 0x0000000083a00000, size: 1990 MB, Compressed Oops mode: Non-zero based: 0x0000000083a00000
Narrow klass base: 0x0000000000000000, Narrow klass shift: 0

GC Heap History (0 events):
No events

Deoptimization events (0 events):
No events

Classes redefined (0 events):
No events

Internal exceptions (0 events):
No events

Events (1 events):
Event: 0.007 Loaded shared library C:\Program Files\Android\Android Studio\jre\bin\zip.dll


Dynamic libraries:
0x00007ff77fca0000 - 0x00007ff77fcaa000 	C:\Program Files\Android\Android Studio\jre\bin\java.exe
0x00007ff8a14a0000 - 0x00007ff8a1690000 	C:\Windows\SYSTEM32\ntdll.dll
0x00007ff8a0a10000 - 0x00007ff8a0ac2000 	C:\Windows\System32\KERNEL32.DLL
0x00007ff89ef70000 - 0x00007ff89f215000 	C:\Windows\System32\KERNELBASE.dll
0x00007ff89f2b0000 - 0x00007ff89f3aa000 	C:\Windows\System32\ucrtbase.dll
0x00007ff88ede0000 - 0x00007ff88edf7000 	C:\Program Files\Android\Android Studio\jre\bin\VCRUNTIME140.dll
0x00007ff88ee90000 - 0x00007ff88eea9000 	C:\Program Files\Android\Android Studio\jre\bin\jli.dll
0x00007ff8a12c0000 - 0x00007ff8a1454000 	C:\Windows\System32\USER32.dll
0x00007ff87f990000 - 0x00007ff87fc14000 	C:\Windows\WinSxS\amd64_microsoft.windows.common-controls_6595b64144ccf1df_6.0.18362.1556_none_9e7e372fe45e41d5\COMCTL32.dll
0x00007ff89ed70000 - 0x00007ff89ed91000 	C:\Windows\System32\win32u.dll
0x00007ff89f550000 - 0x00007ff89f576000 	C:\Windows\System32\GDI32.dll
0x00007ff8a0ca0000 - 0x00007ff8a0d3e000 	C:\Windows\System32\msvcrt.dll
0x00007ff89f3b0000 - 0x00007ff89f548000 	C:\Windows\System32\gdi32full.dll
0x00007ff89fae0000 - 0x00007ff89fe16000 	C:\Windows\System32\combase.dll
0x00007ff89e410000 - 0x00007ff89e4ae000 	C:\Windows\System32\msvcp_win.dll
0x00007ff8a0580000 - 0x00007ff8a069f000 	C:\Windows\System32\RPCRT4.dll
0x00007ff89f220000 - 0x00007ff89f2a1000 	C:\Windows\System32\bcryptPrimitives.dll
0x00007ff8a0ed0000 - 0x00007ff8a0efe000 	C:\Windows\System32\IMM32.DLL
0x00007ff869800000 - 0x00007ff86989d000 	C:\Program Files\Android\Android Studio\jre\bin\msvcp140.dll
0x00007ff831900000 - 0x00007ff8323bc000 	C:\Program Files\Android\Android Studio\jre\bin\server\jvm.dll
0x00007ff8a1140000 - 0x00007ff8a11e3000 	C:\Windows\System32\ADVAPI32.dll
0x00007ff8a0f00000 - 0x00007ff8a0f97000 	C:\Windows\System32\sechost.dll
0x00007ff89f9f0000 - 0x00007ff89f9f8000 	C:\Windows\System32\PSAPI.DLL
0x00007ff8926c0000 - 0x00007ff8926c9000 	C:\Windows\SYSTEM32\WSOCK32.dll
0x00007ff8943d0000 - 0x00007ff8943da000 	C:\Windows\SYSTEM32\VERSION.dll
0x00007ff89bcf0000 - 0x00007ff89bd14000 	C:\Windows\SYSTEM32\WINMM.dll
0x00007ff89fa00000 - 0x00007ff89fa6f000 	C:\Windows\System32\WS2_32.dll
0x00007ff89bbc0000 - 0x00007ff89bbed000 	C:\Windows\SYSTEM32\WINMMBASE.dll
0x00007ff89ef00000 - 0x00007ff89ef4a000 	C:\Windows\System32\cfgmgr32.dll
0x00007ff89e360000 - 0x00007ff89e371000 	C:\Windows\System32\kernel.appcore.dll
0x00007ff8887e0000 - 0x00007ff8887f1000 	C:\Program Files\Android\Android Studio\jre\bin\verify.dll
0x00007ff89cc40000 - 0x00007ff89ce34000 	C:\Windows\SYSTEM32\DBGHELP.DLL
0x00007ff880cc0000 - 0x00007ff880cea000 	C:\Windows\SYSTEM32\dbgcore.DLL
0x00007ff86d9f0000 - 0x00007ff86da19000 	C:\Program Files\Android\Android Studio\jre\bin\java.dll
0x00007ff895a70000 - 0x00007ff895a7b000 	C:\Program Files\Android\Android Studio\jre\bin\jimage.dll
0x00007ff888030000 - 0x00007ff888048000 	C:\Program Files\Android\Android Studio\jre\bin\zip.dll

dbghelp: loaded successfully - version: 4.0.5 - missing functions: none
symbol engine: initialized successfully - sym options: 0x614 - pdb path: .;C:\Program Files\Android\Android Studio\jre\bin;C:\Windows\SYSTEM32;C:\Windows\WinSxS\amd64_microsoft.windows.common-controls_6595b64144ccf1df_6.0.18362.1556_none_9e7e372fe45e41d5;C:\Program Files\Android\Android Studio\jre\bin\server

VM Arguments:
java_command: org.jetbrains.git4idea.http.GitAskPassApp Username for 'https://github.com': 
java_class_path (initial): C:/Program Files/Android/Android Studio/plugins/git4idea/lib/git4idea-rt.jar;C:/Program Files/Android/Android Studio/lib/xmlrpc-2.0.1.jar;C:/Program Files/Android/Android Studio/lib/commons-codec-1.14.jar
Launcher Type: SUN_STANDARD

[Global flags]
     intx CICompilerCount                          = 4                                         {product} {ergonomic}
     uint ConcGCThreads                            = 2                                         {product} {ergonomic}
     uint G1ConcRefinementThreads                  = 8                                         {product} {ergonomic}
   size_t G1HeapRegionSize                         = 1048576                                   {product} {ergonomic}
    uintx GCDrainStackTargetSize                   = 64                                        {product} {ergonomic}
   size_t InitialHeapSize                          = 132120576                                 {product} {ergonomic}
   size_t MarkStackSize                            = 4194304                                   {product} {ergonomic}
   size_t MaxHeapSize                              = 2086666240                                {product} {ergonomic}
   size_t MinHeapDeltaBytes                        = 1048576                                   {product} {ergonomic}
    uintx NonNMethodCodeHeapSize                   = 5836300                                {pd product} {ergonomic}
    uintx NonProfiledCodeHeapSize                  = 122910970                              {pd product} {ergonomic}
    uintx ProfiledCodeHeapSize                     = 122910970                              {pd product} {ergonomic}
    uintx ReservedCodeCacheSize                    = 251658240                              {pd product} {ergonomic}
     bool SegmentedCodeCache                       = true                                      {product} {ergonomic}
     bool UseCompressedClassPointers               = true                                 {lp64_product} {ergonomic}
     bool UseCompressedOops                        = true                                 {lp64_product} {ergonomic}
     bool UseG1GC                                  = true                                      {product} {ergonomic}
     bool UseLargePagesIndividualAllocation        = false                                  {pd product} {ergonomic}

Logging:
Log output configuration:
 #0: stdout all=warning uptime,level,tags
 #1: stderr all=off uptime,level,tags

Environment Variables:
PATH=C:/Program Files/Git/mingw64/libexec/git-core;C:/Program Files/Git/mingw64/libexec/git-core;C:\Program Files\Git\mingw64\bin;C:\Program Files\Git\usr\bin;C:\Users\Admin\bin;C:\Program Files (x86)\Common Files\Oracle\Java\javapath;C:\Windows\system32;C:\Windows;C:\Windows\System32\Wbem;C:\Windows\System32\WindowsPowerShell\v1.0\;C:\Windows\System32\OpenSSH\;C:\Program Files\NVIDIA Corporation\NVIDIA NvDLISR;C:\Program Files\Microsoft SQL Server\Client SDK\ODBC\170\Tools\Binn\;C:\Program Files (x86)\Microsoft SQL Server\150\Tools\Binn\;C:\Program Files\Microsoft SQL Server\150\Tools\Binn\;C:\Program Files\Microsoft SQL Server\150\DTS\Binn\;C:\Program Files (x86)\Microsoft SQL Server\150\DTS\Binn\;C:\Program Files\Azure Data Studio\bin;C:\Program Files\Git\cmd;C:\Program Files\MySQL\MySQL Shell 8.0\bin\;C:\Users\Admin\AppData\Local\Microsoft\WindowsApps;C:\Program Files\Azure Data Studio\bin;C:\Users\Admin\AppData\Local\GitHubDesktop\bin
USERNAME=Admin
DISPLAY=:0.0
LC_ALL=en_US.UTF-8
OS=Windows_NT
PROCESSOR_IDENTIFIER=Intel64 Family 6 Model 126 Stepping 5, GenuineIntel



---------------  S Y S T E M  ---------------

OS: Windows 10 , 64 bit Build 18362 (10.0.18362.1500)
OS uptime: 0 days 21:00 hours

CPU:total 8 (initial active 8) (4 cores per cpu, 2 threads per core) family 6 model 126 stepping 5, cmov, cx8, fxsr, mmx, sse, sse2, sse3, ssse3, sse4.1, sse4.2, popcnt, avx, avx2, aes, clmul, erms, 3dnowpref, lzcnt, ht, tsc, tscinvbit, bmi1, bmi2, adx, evex, sha, fma

Memory: 4k page, system-wide physical 7959M (1005M free)
TotalPageFile size 14103M (AvailPageFile size 90M)
current process WorkingSet (physical memory assigned to process): 9M, peak: 9M
current process commit charge ("private bytes"): 60M, peak: 186M

vm_info: OpenJDK 64-Bit Server VM (11.0.8+10-b944.6842174) for windows-amd64 JRE (11.0.8+10-b944.6842174), built on Sep 19 2020 01:11:42 by "builder" with MS VC++ 14.0 (VS2015)

END.
